ERROR [2018-12-26 10:48:59,823][] org.springframework.boot.SpringApplication:837 - Application run failed 
java.lang.IllegalStateException: Failed to register dubbo://10.0.2.69:20880/com.open.application.common.service.LoginService?anyhost=true&application=application-consoleServer-provider&dubbo=2.6.2&generic=false&interface=com.open.application.common.service.LoginService&methods=getUserInfo,login&pid=1086&revision=1.0-SNAPSHOT&side=provider&timestamp=1545792512341 to registry 127.0.0.1:2181, cause: Failed to register dubbo://10.0.2.69:20880/com.open.application.common.service.LoginService?anyhost=true&application=application-consoleServer-provider&dubbo=2.6.2&generic=false&interface=com.open.application.common.service.LoginService&methods=getUserInfo,login&pid=1086&revision=1.0-SNAPSHOT&side=provider&timestamp=1545792512341 to zookeeper zookeeper://127.0.0.1:2181/com.alibaba.dubbo.registry.RegistryService?application=application-consoleServer-provider&dubbo=2.6.2&interface=com.alibaba.dubbo.registry.RegistryService&pid=1086&timestamp=1545792512335, cause: KeeperErrorCode = ConnectionLoss for /dubbo
	at com.alibaba.dubbo.registry.support.FailbackRegistry.register(FailbackRegistry.java:144)
	at com.alibaba.dubbo.registry.integration.RegistryProtocol.register(RegistryProtocol.java:125)
	at com.alibaba.dubbo.registry.integration.RegistryProtocol.export(RegistryProtocol.java:145)
	at com.alibaba.dubbo.qos.protocol.QosProtocolWrapper.export(QosProtocolWrapper.java:54)
	at com.alibaba.dubbo.rpc.protocol.ProtocolFilterWrapper.export(ProtocolFilterWrapper.java:98)
	at com.alibaba.dubbo.rpc.protocol.ProtocolListenerWrapper.export(ProtocolListenerWrapper.java:55)
	at com.alibaba.dubbo.rpc.Protocol$Adaptive.export(Protocol$Adaptive.java)
	at com.alibaba.dubbo.config.ServiceConfig.doExportUrlsFor1Protocol(ServiceConfig.java:506)
	at com.alibaba.dubbo.config.ServiceConfig.doExportUrls(ServiceConfig.java:358)
	at com.alibaba.dubbo.config.ServiceConfig.doExport(ServiceConfig.java:317)
	at com.alibaba.dubbo.config.ServiceConfig.export(ServiceConfig.java:216)
	at com.alibaba.dubbo.config.spring.ServiceBean.onApplicationEvent(ServiceBean.java:123)
	at com.alibaba.dubbo.config.spring.ServiceBean.onApplicationEvent(ServiceBean.java:49)
	at org.springframework.context.event.SimpleApplicationEventMulticaster.doInvokeListener(SimpleApplicationEventMulticaster.java:172)
	at org.springframework.context.event.SimpleApplicationEventMulticaster.invokeListener(SimpleApplicationEventMulticaster.java:165)
	at org.springframework.context.event.SimpleApplicationEventMulticaster.multicastEvent(SimpleApplicationEventMulticaster.java:139)
	at org.springframework.context.support.AbstractApplicationContext.publishEvent(AbstractApplicationContext.java:400)
	at org.springframework.context.support.AbstractApplicationContext.publishEvent(AbstractApplicationContext.java:354)
	at org.springframework.context.support.AbstractApplicationContext.finishRefresh(AbstractApplicationContext.java:886)
	at org.springframework.boot.web.servlet.context.ServletWebServerApplicationContext.finishRefresh(ServletWebServerApplicationContext.java:161)
	at org.springframework.context.support.AbstractApplicationContext.refresh(AbstractApplicationContext.java:551)
	at org.springframework.boot.web.servlet.context.ServletWebServerApplicationContext.refresh(ServletWebServerApplicationContext.java:140)
	at org.springframework.boot.SpringApplication.refresh(SpringApplication.java:754)
	at org.springframework.boot.SpringApplication.refreshContext(SpringApplication.java:386)
	at org.springframework.boot.SpringApplication.run(SpringApplication.java:307)
	at org.springframework.boot.builder.SpringApplicationBuilder.run(SpringApplicationBuilder.java:137)
	at com.open.application.console.server.App.main(App.java:16)
	at sun.reflect.NativeMethodAccessorImpl.invoke0(Native Method)
	at sun.reflect.NativeMethodAccessorImpl.invoke(NativeMethodAccessorImpl.java:62)
	at sun.reflect.DelegatingMethodAccessorImpl.invoke(DelegatingMethodAccessorImpl.java:43)
	at java.lang.reflect.Method.invoke(Method.java:498)
	at org.springframework.boot.maven.AbstractRunMojo$LaunchRunner.run(AbstractRunMojo.java:497)
	at java.lang.Thread.run(Thread.java:748)
Caused by: com.alibaba.dubbo.rpc.RpcException: Failed to register dubbo://10.0.2.69:20880/com.open.application.common.service.LoginService?anyhost=true&application=application-consoleServer-provider&dubbo=2.6.2&generic=false&interface=com.open.application.common.service.LoginService&methods=getUserInfo,login&pid=1086&revision=1.0-SNAPSHOT&side=provider&timestamp=1545792512341 to zookeeper zookeeper://127.0.0.1:2181/com.alibaba.dubbo.registry.RegistryService?application=application-consoleServer-provider&dubbo=2.6.2&interface=com.alibaba.dubbo.registry.RegistryService&pid=1086&timestamp=1545792512335, cause: KeeperErrorCode = ConnectionLoss for /dubbo
	at com.alibaba.dubbo.registry.zookeeper.ZookeeperRegistry.doRegister(ZookeeperRegistry.java:116)
	at com.alibaba.dubbo.registry.support.FailbackRegistry.register(FailbackRegistry.java:131)
	... 32 common frames omitted
Caused by: java.lang.IllegalStateException: KeeperErrorCode = ConnectionLoss for /dubbo
	at com.alibaba.dubbo.remoting.zookeeper.curator.CuratorZookeeperClient.createPersistent(CuratorZookeeperClient.java:79)
	at com.alibaba.dubbo.remoting.zookeeper.support.AbstractZookeeperClient.create(AbstractZookeeperClient.java:65)
	at com.alibaba.dubbo.remoting.zookeeper.support.AbstractZookeeperClient.create(AbstractZookeeperClient.java:59)
	at com.alibaba.dubbo.remoting.zookeeper.support.AbstractZookeeperClient.create(AbstractZookeeperClient.java:59)
	at com.alibaba.dubbo.remoting.zookeeper.support.AbstractZookeeperClient.create(AbstractZookeeperClient.java:59)
	at com.alibaba.dubbo.registry.zookeeper.ZookeeperRegistry.doRegister(ZookeeperRegistry.java:114)
	... 33 common frames omitted
Caused by: org.apache.zookeeper.KeeperException$ConnectionLossException: KeeperErrorCode = ConnectionLoss for /dubbo
	at org.apache.zookeeper.KeeperException.create(KeeperException.java:102)
	at org.apache.zookeeper.KeeperException.create(KeeperException.java:54)
	at org.apache.zookeeper.ZooKeeper.create(ZooKeeper.java:792)
	at org.apache.curator.framework.imps.CreateBuilderImpl$17.call(CreateBuilderImpl.java:1177)
	at org.apache.curator.framework.imps.CreateBuilderImpl$17.call(CreateBuilderImpl.java:1158)
	at org.apache.curator.connection.StandardConnectionHandlingPolicy.callWithRetry(StandardConnectionHandlingPolicy.java:64)
	at org.apache.curator.RetryLoop.callWithRetry(RetryLoop.java:100)
	at org.apache.curator.framework.imps.CreateBuilderImpl.pathInForeground(CreateBuilderImpl.java:1155)
	at org.apache.curator.framework.imps.CreateBuilderImpl.protectedPathInForeground(CreateBuilderImpl.java:605)
	at org.apache.curator.framework.imps.CreateBuilderImpl.forPath(CreateBuilderImpl.java:595)
	at org.apache.curator.framework.imps.CreateBuilderImpl.forPath(CreateBuilderImpl.java:573)
	at org.apache.curator.framework.imps.CreateBuilderImpl.forPath(CreateBuilderImpl.java:49)
	at com.alibaba.dubbo.remoting.zookeeper.curator.CuratorZookeeperClient.createPersistent(CuratorZookeeperClient.java:76)
	... 38 common frames omitted
