INFO  [2018-12-29 12:48:36,758][] com.alibaba.boot.dubbo.context.event.WelcomeLogoApplicationListener:53 - 

 :: Dubbo Spring Boot (v0.2.0) : https://github.com/apache/incubator-dubbo-spring-boot-project
 :: Dubbo (v2.6.2) : https://github.com/apache/incubator-dubbo
 :: Google group : dev@dubbo.incubator.apache.org
 
INFO  [2018-12-29 12:48:36,767][] com.alibaba.boot.dubbo.context.event.OverrideDubboConfigApplicationListener:68 - Dubbo Config was overridden by externalized configuration {} 
INFO  [2018-12-29 12:48:37,794][] org.springframework.context.support.AbstractApplicationContext:588 - Refreshing org.springframework.context.annotation.AnnotationConfigApplicationContext@24f2fb54: startup date [Sat Dec 29 12:48:37 CST 2018]; root of context hierarchy 
INFO  [2018-12-29 12:48:38,580][] org.springframework.context.support.PostProcessorRegistrationDelegate$BeanPostProcessorChecker:326 - Bean 'configurationPropertiesRebinderAutoConfiguration' of type [org.springframework.cloud.autoconfigure.ConfigurationPropertiesRebinderAutoConfiguration$$EnhancerBySpringCGLIB$$19d60070] is not eligible for getting processed by all BeanPostProcessors (for example: not eligible for auto-proxying) 
INFO  [2018-12-29 12:48:38,963][] com.alibaba.boot.dubbo.context.event.AwaitingNonWebApplicationListener$1:61 -  [Dubbo] Current Spring Boot Application is await... 
INFO  [2018-12-29 12:48:39,125][] com.alibaba.boot.dubbo.context.event.WelcomeLogoApplicationListener:53 - 

 :: Dubbo Spring Boot (v0.2.0) : https://github.com/apache/incubator-dubbo-spring-boot-project
 :: Dubbo (v2.6.2) : https://github.com/apache/incubator-dubbo
 :: Google group : dev@dubbo.incubator.apache.org
 
INFO  [2018-12-29 12:48:39,141][] com.alibaba.boot.dubbo.context.event.OverrideDubboConfigApplicationListener:68 - Dubbo Config was overridden by externalized configuration {} 
INFO  [2018-12-29 12:48:39,254][] org.springframework.cloud.config.client.ConfigServicePropertySourceLocator:205 - Fetching config from server at : http://localhost:8888 
INFO  [2018-12-29 12:49:05,571][] com.alibaba.boot.dubbo.context.event.AwaitingNonWebApplicationListener$2:83 -  [Dubbo] Current Spring Boot Application is about to shutdown... 
INFO  [2018-12-29 12:49:27,158][] com.alibaba.boot.dubbo.context.event.WelcomeLogoApplicationListener:53 - 

 :: Dubbo Spring Boot (v0.2.0) : https://github.com/apache/incubator-dubbo-spring-boot-project
 :: Dubbo (v2.6.2) : https://github.com/apache/incubator-dubbo
 :: Google group : dev@dubbo.incubator.apache.org
 
INFO  [2018-12-29 12:49:27,164][] com.alibaba.boot.dubbo.context.event.OverrideDubboConfigApplicationListener:68 - Dubbo Config was overridden by externalized configuration {} 
INFO  [2018-12-29 12:49:27,605][] org.springframework.context.support.AbstractApplicationContext:588 - Refreshing org.springframework.context.annotation.AnnotationConfigApplicationContext@5cb30157: startup date [Sat Dec 29 12:49:27 CST 2018]; root of context hierarchy 
INFO  [2018-12-29 12:49:28,014][] org.springframework.context.support.PostProcessorRegistrationDelegate$BeanPostProcessorChecker:326 - Bean 'configurationPropertiesRebinderAutoConfiguration' of type [org.springframework.cloud.autoconfigure.ConfigurationPropertiesRebinderAutoConfiguration$$EnhancerBySpringCGLIB$$21063f7f] is not eligible for getting processed by all BeanPostProcessors (for example: not eligible for auto-proxying) 
INFO  [2018-12-29 12:49:28,201][] com.alibaba.boot.dubbo.context.event.AwaitingNonWebApplicationListener$1:61 -  [Dubbo] Current Spring Boot Application is await... 
INFO  [2018-12-29 12:49:28,255][] com.alibaba.boot.dubbo.context.event.WelcomeLogoApplicationListener:53 - 

 :: Dubbo Spring Boot (v0.2.0) : https://github.com/apache/incubator-dubbo-spring-boot-project
 :: Dubbo (v2.6.2) : https://github.com/apache/incubator-dubbo
 :: Google group : dev@dubbo.incubator.apache.org
 
INFO  [2018-12-29 12:49:28,256][] com.alibaba.boot.dubbo.context.event.OverrideDubboConfigApplicationListener:68 - Dubbo Config was overridden by externalized configuration {} 
INFO  [2018-12-29 12:49:28,288][] org.springframework.cloud.config.client.ConfigServicePropertySourceLocator:205 - Fetching config from server at : http://localhost:8888 
INFO  [2018-12-29 12:52:17,939][] org.springframework.cloud.config.client.ConfigServicePropertySourceLocator:149 - Located environment: name=consoleServer, profiles=[dev], label=null, version=32d6b45574cf3a539a70b2b828cecd1cd819fafc, state=null 
INFO  [2018-12-29 12:52:17,941][] org.springframework.cloud.bootstrap.config.PropertySourceBootstrapConfiguration:98 - Located property source: CompositePropertySource {name='configService', propertySources=[MapPropertySource@698378932 {name='configClient', properties={config.client.version=32d6b45574cf3a539a70b2b828cecd1cd819fafc}}, MapPropertySource@819521515 {name='https://github.com/HoYuanhao/application/config/consoleServer-dev.properties', properties={spring.dubbo.registry.address=zookeeper://127.0.0.1:2181, spring.datasource.connectionProperties=druid.stat.mergeSql=true;druid.stat.slowSqlMillis=5000, spring.datasource.maxWait=60000, spring.redis.pool.max-idle=10, spring.datasource.url=jdbc:mysql://127.0.0.1:3306/application?useUnicode=true&characterEncoding=utf-8&zeroDateTimeBehavior=convertToNull&allowMultiQueries=true, spring.redis.timeout=2000, spring.redis.pool.max-wait=-1, spring.datasource.validationQuery=SELECT 1, spring.dubbo.protocol.name=dubbo, spring.datasource.minEvictableIdleTimeMillis=300000, spring.datasource.filters=stat,wall,log4j, spring.datasource.testOnBorrow=false, elasticsearch.address=127.0.0.1:9200,127.0.0.1:9201, spring.redis.pool.min-idle=8, spring.datasource.testOnReturn=false, spring.datasource.initialSize=30, spring.datasource.password=HeYuanHao1!, spring.datasource.driver-class-name=com.mysql.jdbc.Driver, elasticsearch.scheme=http, spring.datasource.maxActive=100, spring.datasource.username=root, spring.redis.port=6379, spring.datasource.maxPoolPreparedStatementPerConnectionSize=20, spring.datasource.poolPreparedStatements=true, spring.dubbo.application.id=application-consoleServer-provider, spring.datasource.testWhileIdle=true, spring.redis.host=127.0.0.1, spring.datasource.timeBetweenEvictionRunsMillis=60000, spring.dubbo.protocol.port=20880, spring.dubbo.server=true, spring.dubbo.application.name=application-consoleServer-provider, spring.redis.pool.max-active=60, spring.datasource.minIdle=10, spring.redis.database=0, dubbo.scan.basePackages=com.open.application.console.server.service.impl}}]} 
INFO  [2018-12-29 12:52:17,964][] org.springframework.boot.SpringApplication:654 - No active profile set, falling back to default profiles: default 
INFO  [2018-12-29 12:52:18,026][] org.springframework.context.support.AbstractApplicationContext:588 - Refreshing org.springframework.boot.web.servlet.context.AnnotationConfigServletWebServerApplicationContext@2d6dc060: startup date [Sat Dec 29 12:52:18 CST 2018]; parent: org.springframework.context.annotation.AnnotationConfigApplicationContext@5cb30157 
INFO  [2018-12-29 12:52:19,273][] org.springframework.beans.factory.xml.XmlBeanDefinitionReader:317 - Loading XML bean definitions from class path resource [application-dubbo.xml] 
INFO  [2018-12-29 12:52:20,905][] org.springframework.data.repository.config.RepositoryConfigurationDelegate:172 - Multiple Spring Data modules found, entering strict repository configuration mode! 
INFO  [2018-12-29 12:52:21,557][] org.springframework.beans.factory.support.DefaultListableBeanFactory:821 - Overriding bean definition for bean 'dataSource' with a different definition: replacing [Root bean: class [null]; scope=refresh; abstract=false; lazyInit=false; autowireMode=3; dependencyCheck=0; autowireCandidate=false; primary=false; factoryBeanName=org.springframework.boot.autoconfigure.jdbc.DataSourceConfiguration$Hikari; factoryMethodName=dataSource; initMethodName=null; destroyMethodName=(inferred); defined in class path resource [org/springframework/boot/autoconfigure/jdbc/DataSourceConfiguration$Hikari.class]] with [Root bean: class [org.springframework.aop.scope.ScopedProxyFactoryBean]; scope=; abstract=false; lazyInit=false; autowireMode=0; dependencyCheck=0; autowireCandidate=true; primary=false; factoryBeanName=null; factoryMethodName=null; initMethodName=null; destroyMethodName=null; defined in BeanDefinition defined in class path resource [org/springframework/boot/autoconfigure/jdbc/DataSourceConfiguration$Hikari.class]] 
INFO  [2018-12-29 12:52:22,188][] org.springframework.cloud.context.scope.GenericScope:294 - BeanFactory id=45bd747e-cbad-34d5-a416-3ef72162c12f 
INFO  [2018-12-29 12:52:22,502][] org.springframework.context.support.PostProcessorRegistrationDelegate$BeanPostProcessorChecker:326 - Bean 'redisConfig' of type [com.open.application.console.server.RedisConfig$$EnhancerBySpringCGLIB$$4dd67c85] is not eligible for getting processed by all BeanPostProcessors (for example: not eligible for auto-proxying) 
INFO  [2018-12-29 12:52:22,515][] org.springframework.context.support.PostProcessorRegistrationDelegate$BeanPostProcessorChecker:326 - Bean 'org.springframework.transaction.annotation.ProxyTransactionManagementConfiguration' of type [org.springframework.transaction.annotation.ProxyTransactionManagementConfiguration$$EnhancerBySpringCGLIB$$4ec3c82] is not eligible for getting processed by all BeanPostProcessors (for example: not eligible for auto-proxying) 
INFO  [2018-12-29 12:52:22,593][] org.springframework.context.support.PostProcessorRegistrationDelegate$BeanPostProcessorChecker:326 - Bean 'org.springframework.cloud.autoconfigure.ConfigurationPropertiesRebinderAutoConfiguration' of type [org.springframework.cloud.autoconfigure.ConfigurationPropertiesRebinderAutoConfiguration$$EnhancerBySpringCGLIB$$21063f7f] is not eligible for getting processed by all BeanPostProcessors (for example: not eligible for auto-proxying) 
INFO  [2018-12-29 12:52:23,286][] org.springframework.boot.web.embedded.tomcat.TomcatWebServer:91 - Tomcat initialized with port(s): 8081 (http) 
INFO  [2018-12-29 12:52:23,364][] org.apache.juli.logging.DirectJDKLog:180 - Initializing ProtocolHandler ["http-nio-8081"] 
INFO  [2018-12-29 12:52:23,396][] org.apache.juli.logging.DirectJDKLog:180 - Starting service [Tomcat] 
INFO  [2018-12-29 12:52:23,396][] org.apache.juli.logging.DirectJDKLog:180 - Starting Servlet Engine: Apache Tomcat/8.5.34 
INFO  [2018-12-29 12:52:23,412][] org.apache.juli.logging.DirectJDKLog:180 - The APR based Apache Tomcat Native library which allows optimal performance in production environments was not found on the java.library.path: [/Users/yuanhaohe/Library/Java/Extensions:/Library/Java/Extensions:/Network/Library/Java/Extensions:/System/Library/Java/Extensions:/usr/lib/java:.] 
INFO  [2018-12-29 12:52:23,549][] org.apache.juli.logging.DirectJDKLog:180 - Initializing Spring embedded WebApplicationContext 
INFO  [2018-12-29 12:52:23,550][] org.springframework.boot.web.servlet.context.ServletWebServerApplicationContext:285 - Root WebApplicationContext: initialization completed in 5524 ms 
INFO  [2018-12-29 12:52:29,672][] org.springframework.boot.web.servlet.AbstractFilterRegistrationBean:245 - Mapping filter: 'characterEncodingFilter' to: [/*] 
INFO  [2018-12-29 12:52:29,673][] org.springframework.boot.web.servlet.AbstractFilterRegistrationBean:245 - Mapping filter: 'webMvcMetricsFilter' to: [/*] 
INFO  [2018-12-29 12:52:29,673][] org.springframework.boot.web.servlet.AbstractFilterRegistrationBean:245 - Mapping filter: 'hiddenHttpMethodFilter' to: [/*] 
INFO  [2018-12-29 12:52:29,673][] org.springframework.boot.web.servlet.AbstractFilterRegistrationBean:245 - Mapping filter: 'httpPutFormContentFilter' to: [/*] 
INFO  [2018-12-29 12:52:29,678][] org.springframework.boot.web.servlet.AbstractFilterRegistrationBean:245 - Mapping filter: 'requestContextFilter' to: [/*] 
INFO  [2018-12-29 12:52:29,678][] org.springframework.boot.web.servlet.AbstractFilterRegistrationBean:245 - Mapping filter: 'httpTraceFilter' to: [/*] 
INFO  [2018-12-29 12:52:29,678][] org.springframework.boot.web.servlet.ServletRegistrationBean:187 - Servlet dispatcherServlet mapped to [/] 
INFO  [2018-12-29 12:52:32,327][] org.springframework.web.servlet.handler.AbstractUrlHandlerMapping:373 - Mapped URL path [/**/favicon.ico] onto handler of type [class org.springframework.web.servlet.resource.ResourceHttpRequestHandler] 
INFO  [2018-12-29 12:52:33,587][] org.springframework.web.servlet.mvc.method.annotation.RequestMappingHandlerAdapter:588 - Looking for @ControllerAdvice: org.springframework.boot.web.servlet.context.AnnotationConfigServletWebServerApplicationContext@2d6dc060: startup date [Sat Dec 29 12:52:18 CST 2018]; parent: org.springframework.context.annotation.AnnotationConfigApplicationContext@5cb30157 
INFO  [2018-12-29 12:52:33,834][] org.springframework.web.servlet.handler.AbstractHandlerMethodMapping$MappingRegistry:549 - Mapped "{[/error]}" onto public org.springframework.http.ResponseEntity<java.util.Map<java.lang.String, java.lang.Object>> org.springframework.boot.autoconfigure.web.servlet.error.BasicErrorController.error(javax.servlet.http.HttpServletRequest) 
INFO  [2018-12-29 12:52:33,841][] org.springframework.web.servlet.handler.AbstractHandlerMethodMapping$MappingRegistry:549 - Mapped "{[/error],produces=[text/html]}" onto public org.springframework.web.servlet.ModelAndView org.springframework.boot.autoconfigure.web.servlet.error.BasicErrorController.errorHtml(javax.servlet.http.HttpServletRequest,javax.servlet.http.HttpServletResponse) 
INFO  [2018-12-29 12:52:34,193][] org.springframework.web.servlet.handler.AbstractUrlHandlerMapping:373 - Mapped URL path [/webjars/**] onto handler of type [class org.springframework.web.servlet.resource.ResourceHttpRequestHandler] 
INFO  [2018-12-29 12:52:34,194][] org.springframework.web.servlet.handler.AbstractUrlHandlerMapping:373 - Mapped URL path [/**] onto handler of type [class org.springframework.web.servlet.resource.ResourceHttpRequestHandler] 
INFO  [2018-12-29 12:52:36,912][] org.springframework.boot.actuate.endpoint.web.EndpointLinksResolver:59 - Exposing 2 endpoint(s) beneath base path '/actuator' 
INFO  [2018-12-29 12:52:36,941][] org.springframework.web.servlet.handler.AbstractHandlerMethodMapping$MappingRegistry:549 - Mapped "{[/actuator/health],methods=[GET],produces=[application/vnd.spring-boot.actuator.v2+json || application/json]}" onto public java.lang.Object org.springframework.boot.actuate.endpoint.web.servlet.AbstractWebMvcEndpointHandlerMapping$OperationHandler.handle(javax.servlet.http.HttpServletRequest,java.util.Map<java.lang.String, java.lang.String>) 
INFO  [2018-12-29 12:52:36,943][] org.springframework.web.servlet.handler.AbstractHandlerMethodMapping$MappingRegistry:549 - Mapped "{[/actuator/info],methods=[GET],produces=[application/vnd.spring-boot.actuator.v2+json || application/json]}" onto public java.lang.Object org.springframework.boot.actuate.endpoint.web.servlet.AbstractWebMvcEndpointHandlerMapping$OperationHandler.handle(javax.servlet.http.HttpServletRequest,java.util.Map<java.lang.String, java.lang.String>) 
INFO  [2018-12-29 12:52:36,957][] org.springframework.web.servlet.handler.AbstractHandlerMethodMapping$MappingRegistry:549 - Mapped "{[/actuator],methods=[GET],produces=[application/vnd.spring-boot.actuator.v2+json || application/json]}" onto protected java.util.Map<java.lang.String, java.util.Map<java.lang.String, org.springframework.boot.actuate.endpoint.web.Link>> org.springframework.boot.actuate.endpoint.web.servlet.WebMvcEndpointHandlerMapping.links(javax.servlet.http.HttpServletRequest,javax.servlet.http.HttpServletResponse) 
INFO  [2018-12-29 12:52:37,126][] org.springframework.jmx.export.MBeanExporter:433 - Registering beans for JMX exposure on startup 
INFO  [2018-12-29 12:52:37,129][] org.springframework.jmx.export.MBeanExporter:895 - Bean with name 'dataSource' has been autodetected for JMX exposure 
INFO  [2018-12-29 12:52:37,157][] org.springframework.jmx.export.MBeanExporter:895 - Bean with name 'environmentManager' has been autodetected for JMX exposure 
INFO  [2018-12-29 12:52:37,158][] org.springframework.jmx.export.MBeanExporter:895 - Bean with name 'refreshScope' has been autodetected for JMX exposure 
INFO  [2018-12-29 12:52:37,160][] org.springframework.jmx.export.MBeanExporter:895 - Bean with name 'configurationPropertiesRebinder' has been autodetected for JMX exposure 
INFO  [2018-12-29 12:52:37,164][] org.springframework.jmx.export.MBeanExporter:675 - Located managed bean 'environmentManager': registering with JMX server as MBean [org.springframework.cloud.context.environment:name=environmentManager,type=EnvironmentManager] 
INFO  [2018-12-29 12:52:37,187][] org.springframework.jmx.export.MBeanExporter:675 - Located managed bean 'refreshScope': registering with JMX server as MBean [org.springframework.cloud.context.scope.refresh:name=refreshScope,type=RefreshScope] 
INFO  [2018-12-29 12:52:37,199][] org.springframework.jmx.export.MBeanExporter:675 - Located managed bean 'configurationPropertiesRebinder': registering with JMX server as MBean [org.springframework.cloud.context.properties:name=configurationPropertiesRebinder,context=2d6dc060,type=ConfigurationPropertiesRebinder] 
INFO  [2018-12-29 12:52:37,207][] org.springframework.jmx.export.MBeanExporter:668 - Located MBean 'dataSource': registering with JMX server as MBean [com.zaxxer.hikari:name=dataSource,type=HikariDataSource] 
INFO  [2018-12-29 12:52:38,042][] org.apache.curator.utils.Compatibility:41 - Running in ZooKeeper 3.4.x compatibility mode 
INFO  [2018-12-29 12:52:38,087][] org.apache.curator.framework.imps.CuratorFrameworkImpl:290 - Starting 
INFO  [2018-12-29 12:52:38,098][] org.apache.zookeeper.Environment:100 - Client environment:zookeeper.version=3.4.13-2d71af4dbe22557fda74f9a9b4309b15a7487f03, built on 06/29/2018 00:39 GMT 
INFO  [2018-12-29 12:52:38,098][] org.apache.zookeeper.Environment:100 - Client environment:host.name=192.168.1.5 
INFO  [2018-12-29 12:52:38,098][] org.apache.zookeeper.Environment:100 - Client environment:java.version=1.8.0_131 
INFO  [2018-12-29 12:52:38,098][] org.apache.zookeeper.Environment:100 - Client environment:java.vendor=Oracle Corporation 
INFO  [2018-12-29 12:52:38,099][] org.apache.zookeeper.Environment:100 - Client environment:java.home=/Library/Java/JavaVirtualMachines/jdk1.8.0_131.jdk/Contents/Home/jre 
INFO  [2018-12-29 12:52:38,099][] org.apache.zookeeper.Environment:100 - Client environment:java.class.path=/Applications/IntelliJ IDEA.app/Contents/plugins/maven/lib/maven3/boot/plexus-classworlds-2.5.2.jar:/Applications/IntelliJ IDEA.app/Contents/lib/idea_rt.jar 
INFO  [2018-12-29 12:52:38,099][] org.apache.zookeeper.Environment:100 - Client environment:java.library.path=/Users/yuanhaohe/Library/Java/Extensions:/Library/Java/Extensions:/Network/Library/Java/Extensions:/System/Library/Java/Extensions:/usr/lib/java:. 
INFO  [2018-12-29 12:52:38,099][] org.apache.zookeeper.Environment:100 - Client environment:java.io.tmpdir=/var/folders/gp/tgklgs252tl0k2w8d6t3gk400000gn/T/ 
INFO  [2018-12-29 12:52:38,099][] org.apache.zookeeper.Environment:100 - Client environment:java.compiler=<NA> 
INFO  [2018-12-29 12:52:38,099][] org.apache.zookeeper.Environment:100 - Client environment:os.name=Mac OS X 
INFO  [2018-12-29 12:52:38,099][] org.apache.zookeeper.Environment:100 - Client environment:os.arch=x86_64 
INFO  [2018-12-29 12:52:38,099][] org.apache.zookeeper.Environment:100 - Client environment:os.version=10.13.6 
INFO  [2018-12-29 12:52:38,100][] org.apache.zookeeper.Environment:100 - Client environment:user.name=yuanhaohe 
INFO  [2018-12-29 12:52:38,100][] org.apache.zookeeper.Environment:100 - Client environment:user.home=/Users/yuanhaohe 
INFO  [2018-12-29 12:52:38,100][] org.apache.zookeeper.Environment:100 - Client environment:user.dir=/Users/yuanhaohe/workspace/application/application-console-server 
INFO  [2018-12-29 12:52:38,101][] org.apache.zookeeper.ZooKeeper:442 - Initiating client connection, connectString=127.0.0.1:2181 sessionTimeout=60000 watcher=org.apache.curator.ConnectionState@48300213 
INFO  [2018-12-29 12:52:38,120][] org.apache.zookeeper.ClientCnxn$SendThread:1029 - Opening socket connection to server localhost/127.0.0.1:2181. Will not attempt to authenticate using SASL (unknown error) 
INFO  [2018-12-29 12:52:38,123][] org.apache.curator.framework.imps.CuratorFrameworkImpl:332 - Default schema 
INFO  [2018-12-29 12:52:38,129][] org.apache.zookeeper.ClientCnxn$SendThread:879 - Socket connection established to localhost/127.0.0.1:2181, initiating session 
INFO  [2018-12-29 12:52:38,261][] org.apache.zookeeper.ClientCnxn$SendThread:1303 - Session establishment complete on server localhost/127.0.0.1:2181, sessionid = 0x1000018f5f50000, negotiated timeout = 40000 
INFO  [2018-12-29 12:52:38,268][] org.apache.curator.framework.state.ConnectionStateManager:237 - State change: CONNECTED 
INFO  [2018-12-29 12:52:38,420][] org.apache.juli.logging.DirectJDKLog:180 - Starting ProtocolHandler ["http-nio-8081"] 
INFO  [2018-12-29 12:52:38,420][] org.apache.juli.logging.DirectJDKLog:180 - Using a shared selector for servlet write/read 
INFO  [2018-12-29 12:52:38,442][] org.springframework.boot.web.embedded.tomcat.TomcatWebServer:206 - Tomcat started on port(s): 8081 (http) with context path '' 
INFO  [2018-12-29 12:52:38,447][] org.springframework.boot.StartupInfoLogger:59 - Started com.App in 191.691 seconds (JVM running for 197.121)
INFO  [2018-12-29 12:54:31,421][] com.zaxxer.hikari.HikariDataSource:110 - HikariPool-1 - Starting... 
INFO  [2018-12-29 12:54:31,944][] com.zaxxer.hikari.HikariDataSource:123 - HikariPool-1 - Start completed. 
INFO  [2018-12-29 12:54:32,453][] io.netty.util.internal.logging.Slf4JLogger:101 - Starting without optional epoll library 
INFO  [2018-12-29 12:54:32,458][] io.netty.util.internal.logging.Slf4JLogger:101 - Starting without optional kqueue library 
INFO  [2018-12-29 12:57:18,936][] com.open.application.console.server.es.service.impl.ElasticSearchServiceImpl:206 - uid:cd6821a74a4f4f7da591e316e66a7410 offset:0 limit:20 name:DUBBO describe:null status:null type:null 
INFO  [2018-12-29 12:57:18,938][] com.open.application.console.server.service.impl.TaskShowServiceImpl:54 - {taskList=[Task(tid=4441a7f0e0d6430f81657628a9ca1e2f, name=DUBBO重复调用, describe=asd, createTime=Tue Dec 25 02:11:19 CST 2018, startTime=null, endTime=null, type=MUSIC, processNum=4, uid=cd6821a74a4f4f7da591e316e66a7410, isDelete=null, status=0, alarm=1, source={
"musicID":"321123"
}), Task(tid=af1bcaf623404b9f929e6d1c19c3adda, name=DUBBO测试, describe=测试, createTime=Tue Dec 25 00:45:16 CST 2018, startTime=null, endTime=null, type=MUSIC, processNum=1, uid=cd6821a74a4f4f7da591e316e66a7410, isDelete=null, status=0, alarm=0, source=null), Task(tid=4ef5b4795467470ab9aaa118da08d9d1, name=DUBBO测试, describe=测试, createTime=Tue Dec 25 00:41:37 CST 2018, startTime=null, endTime=null, type=MUSIC, processNum=1, uid=cd6821a74a4f4f7da591e316e66a7410, isDelete=null, status=0, alarm=0, source=null), Task(tid=057156d12dca403ba81bb5fab24d5423, name=DUBBO第一次调用超时, describe=DUBBO第一次调用超时, createTime=Tue Dec 25 00:32:42 CST 2018, startTime=null, endTime=null, type=MUSIC, processNum=1, uid=cd6821a74a4f4f7da591e316e66a7410, isDelete=null, status=0, alarm=0, source=null), Task(tid=560d9ecd88944260bfcb41567ff210b1, name=DUBBO第一次调用超时, describe=DUBBO第一次调用超时, createTime=Tue Dec 25 00:32:15 CST 2018, startTime=null, endTime=null, type=MUSIC, processNum=1, uid=cd6821a74a4f4f7da591e316e66a7410, isDelete=null, status=0, alarm=0, source=null), Task(tid=976e7b7e09414f54afe85e8efe0fdc46, name=DUBBO第一次调用超时, describe=DUBBO第一次调用超时, createTime=Tue Dec 25 00:27:20 CST 2018, startTime=null, endTime=null, type=MUSIC, processNum=1, uid=cd6821a74a4f4f7da591e316e66a7410, isDelete=null, status=0, alarm=0, source=null), Task(tid=5fea1954e03f4e07b40b0917c3f4d436, name=DUBBO第一次调用超时, describe=DUBBO第一次调用超时, createTime=Tue Dec 25 00:24:04 CST 2018, startTime=null, endTime=null, type=MUSIC, processNum=1, uid=cd6821a74a4f4f7da591e316e66a7410, isDelete=null, status=0, alarm=0, source=null), Task(tid=d5aab6f6efc84d2fbe79cdc11144a99a, name=DUBBO, describe=DUBBO, createTime=Tue Dec 25 00:21:47 CST 2018, startTime=null, endTime=null, type=MUSIC, processNum=1, uid=cd6821a74a4f4f7da591e316e66a7410, isDelete=null, status=0, alarm=0, source=null), Task(tid=db666be0f29e4103900b8a108a854b00, name=测试DUBBO, describe=DUBBO, createTime=Tue Dec 25 00:13:57 CST 2018, startTime=null, endTime=null, type=TICKET, processNum=1, uid=cd6821a74a4f4f7da591e316e66a7410, isDelete=null, status=0, alarm=0, source=null), Task(tid=ce26aef021fd460ebff556318792494a, name=DUBBO, describe=DUBBO, createTime=Tue Dec 25 00:11:37 CST 2018, startTime=null, endTime=null, type=TICKET, processNum=1, uid=cd6821a74a4f4f7da591e316e66a7410, isDelete=null, status=0, alarm=0, source=null), Task(tid=9ab0f63d5b7648e6841900a555977fb8, name=DUBBO第一次调用, describe=DUBBO, createTime=Tue Dec 25 00:08:54 CST 2018, startTime=null, endTime=null, type=TICKET, processNum=1, uid=cd6821a74a4f4f7da591e316e66a7410, isDelete=null, status=0, alarm=0, source=null), Task(tid=f606b7297e774575a08a362e9cb7d955, name=DUBBO第一次调用, describe=DUBBO, createTime=Tue Dec 25 00:05:02 CST 2018, startTime=null, endTime=null, type=TICKET, processNum=1, uid=cd6821a74a4f4f7da591e316e66a7410, isDelete=null, status=0, alarm=0, source=null), Task(tid=601cbb6c869741e695c85fc46463158d, name=测试DUBBO第一次启动, describe=测试DUBBO第一次启动, createTime=Tue Dec 25 00:02:06 CST 2018, startTime=null, endTime=null, type=TICKET, processNum=1, uid=cd6821a74a4f4f7da591e316e66a7410, isDelete=null, status=0, alarm=0, source=null), Task(tid=8f631bd075b34a9e9465f1c5682122d4, name=测试DUBBO第一次启动, describe=测试DUBBO第一次启动, createTime=Mon Dec 24 23:59:30 CST 2018, startTime=null, endTime=null, type=TICKET, processNum=1, uid=cd6821a74a4f4f7da591e316e66a7410, isDelete=null, status=0, alarm=0, source=null), Task(tid=0fcd6c2d8fe441aca072bd2fb57c1774, name=测试DUBBO第一次启动, describe=测试DUBBO第一次启动, createTime=Mon Dec 24 23:56:00 CST 2018, startTime=null, endTime=null, type=TICKET, processNum=1, uid=cd6821a74a4f4f7da591e316e66a7410, isDelete=null, status=0, alarm=0, source=null), Task(tid=998a9ab213144d368e04150c98207cd3, name=测试DUBBO第一次启动, describe=测试DUBBO第一次启动, createTime=Mon Dec 24 23:54:59 CST 2018, startTime=null, endTime=null, type=TICKET, processNum=1, uid=cd6821a74a4f4f7da591e316e66a7410, isDelete=null, status=0, alarm=0, source=null), Task(tid=f4ca355c3c6d4748a308cc48100ca228, name=测试DUBBO第一次启动, describe=测试DUBBO第一次启动, createTime=Mon Dec 24 23:53:59 CST 2018, startTime=null, endTime=null, type=TICKET, processNum=1, uid=cd6821a74a4f4f7da591e316e66a7410, isDelete=null, status=0, alarm=0, source=null), Task(tid=32d23183b8ad4a879b2484e0d5fa41c6, name=测试DUBBO重复调用, describe=dubbo重复调用, createTime=Mon Dec 24 23:49:34 CST 2018, startTime=null, endTime=null, type=MUSIC, processNum=4, uid=cd6821a74a4f4f7da591e316e66a7410, isDelete=null, status=0, alarm=0, source=null), Task(tid=0d656805ddab4d9ebbb074922baa74dd, name=测试DUBBO重复调用, describe=dubbo重复调用, createTime=Mon Dec 24 23:49:22 CST 2018, startTime=null, endTime=null, type=MUSIC, processNum=4, uid=cd6821a74a4f4f7da591e316e66a7410, isDelete=null, status=0, alarm=0, source=null), Task(tid=112a2133853b4965bcc5d06d6e541651, name=测试DUBBO第一次调用会调多次DAO, describe=测试DUBBO第一次调用会调多次DAO, createTime=Mon Dec 24 23:43:40 CST 2018, startTime=null, endTime=null, type=TICKET, processNum=1, uid=cd6821a74a4f4f7da591e316e66a7410, isDelete=null, status=0, alarm=0, source=null)], totalHits=21} 
INFO  [2018-12-29 12:57:19,670][] com.open.application.console.server.es.service.impl.ElasticSearchServiceImpl:206 - uid:cd6821a74a4f4f7da591e316e66a7410 offset:0 limit:20 name:DUBBO describe:null status:null type:null 
INFO  [2018-12-29 12:57:19,671][] com.open.application.console.server.service.impl.TaskShowServiceImpl:54 - {taskList=[Task(tid=4441a7f0e0d6430f81657628a9ca1e2f, name=DUBBO重复调用, describe=asd, createTime=Tue Dec 25 02:11:19 CST 2018, startTime=null, endTime=null, type=MUSIC, processNum=4, uid=cd6821a74a4f4f7da591e316e66a7410, isDelete=null, status=0, alarm=1, source={
"musicID":"321123"
}), Task(tid=af1bcaf623404b9f929e6d1c19c3adda, name=DUBBO测试, describe=测试, createTime=Tue Dec 25 00:45:16 CST 2018, startTime=null, endTime=null, type=MUSIC, processNum=1, uid=cd6821a74a4f4f7da591e316e66a7410, isDelete=null, status=0, alarm=0, source=null), Task(tid=4ef5b4795467470ab9aaa118da08d9d1, name=DUBBO测试, describe=测试, createTime=Tue Dec 25 00:41:37 CST 2018, startTime=null, endTime=null, type=MUSIC, processNum=1, uid=cd6821a74a4f4f7da591e316e66a7410, isDelete=null, status=0, alarm=0, source=null), Task(tid=057156d12dca403ba81bb5fab24d5423, name=DUBBO第一次调用超时, describe=DUBBO第一次调用超时, createTime=Tue Dec 25 00:32:42 CST 2018, startTime=null, endTime=null, type=MUSIC, processNum=1, uid=cd6821a74a4f4f7da591e316e66a7410, isDelete=null, status=0, alarm=0, source=null), Task(tid=560d9ecd88944260bfcb41567ff210b1, name=DUBBO第一次调用超时, describe=DUBBO第一次调用超时, createTime=Tue Dec 25 00:32:15 CST 2018, startTime=null, endTime=null, type=MUSIC, processNum=1, uid=cd6821a74a4f4f7da591e316e66a7410, isDelete=null, status=0, alarm=0, source=null), Task(tid=976e7b7e09414f54afe85e8efe0fdc46, name=DUBBO第一次调用超时, describe=DUBBO第一次调用超时, createTime=Tue Dec 25 00:27:20 CST 2018, startTime=null, endTime=null, type=MUSIC, processNum=1, uid=cd6821a74a4f4f7da591e316e66a7410, isDelete=null, status=0, alarm=0, source=null), Task(tid=5fea1954e03f4e07b40b0917c3f4d436, name=DUBBO第一次调用超时, describe=DUBBO第一次调用超时, createTime=Tue Dec 25 00:24:04 CST 2018, startTime=null, endTime=null, type=MUSIC, processNum=1, uid=cd6821a74a4f4f7da591e316e66a7410, isDelete=null, status=0, alarm=0, source=null), Task(tid=d5aab6f6efc84d2fbe79cdc11144a99a, name=DUBBO, describe=DUBBO, createTime=Tue Dec 25 00:21:47 CST 2018, startTime=null, endTime=null, type=MUSIC, processNum=1, uid=cd6821a74a4f4f7da591e316e66a7410, isDelete=null, status=0, alarm=0, source=null), Task(tid=db666be0f29e4103900b8a108a854b00, name=测试DUBBO, describe=DUBBO, createTime=Tue Dec 25 00:13:57 CST 2018, startTime=null, endTime=null, type=TICKET, processNum=1, uid=cd6821a74a4f4f7da591e316e66a7410, isDelete=null, status=0, alarm=0, source=null), Task(tid=ce26aef021fd460ebff556318792494a, name=DUBBO, describe=DUBBO, createTime=Tue Dec 25 00:11:37 CST 2018, startTime=null, endTime=null, type=TICKET, processNum=1, uid=cd6821a74a4f4f7da591e316e66a7410, isDelete=null, status=0, alarm=0, source=null), Task(tid=9ab0f63d5b7648e6841900a555977fb8, name=DUBBO第一次调用, describe=DUBBO, createTime=Tue Dec 25 00:08:54 CST 2018, startTime=null, endTime=null, type=TICKET, processNum=1, uid=cd6821a74a4f4f7da591e316e66a7410, isDelete=null, status=0, alarm=0, source=null), Task(tid=f606b7297e774575a08a362e9cb7d955, name=DUBBO第一次调用, describe=DUBBO, createTime=Tue Dec 25 00:05:02 CST 2018, startTime=null, endTime=null, type=TICKET, processNum=1, uid=cd6821a74a4f4f7da591e316e66a7410, isDelete=null, status=0, alarm=0, source=null), Task(tid=601cbb6c869741e695c85fc46463158d, name=测试DUBBO第一次启动, describe=测试DUBBO第一次启动, createTime=Tue Dec 25 00:02:06 CST 2018, startTime=null, endTime=null, type=TICKET, processNum=1, uid=cd6821a74a4f4f7da591e316e66a7410, isDelete=null, status=0, alarm=0, source=null), Task(tid=8f631bd075b34a9e9465f1c5682122d4, name=测试DUBBO第一次启动, describe=测试DUBBO第一次启动, createTime=Mon Dec 24 23:59:30 CST 2018, startTime=null, endTime=null, type=TICKET, processNum=1, uid=cd6821a74a4f4f7da591e316e66a7410, isDelete=null, status=0, alarm=0, source=null), Task(tid=0fcd6c2d8fe441aca072bd2fb57c1774, name=测试DUBBO第一次启动, describe=测试DUBBO第一次启动, createTime=Mon Dec 24 23:56:00 CST 2018, startTime=null, endTime=null, type=TICKET, processNum=1, uid=cd6821a74a4f4f7da591e316e66a7410, isDelete=null, status=0, alarm=0, source=null), Task(tid=998a9ab213144d368e04150c98207cd3, name=测试DUBBO第一次启动, describe=测试DUBBO第一次启动, createTime=Mon Dec 24 23:54:59 CST 2018, startTime=null, endTime=null, type=TICKET, processNum=1, uid=cd6821a74a4f4f7da591e316e66a7410, isDelete=null, status=0, alarm=0, source=null), Task(tid=f4ca355c3c6d4748a308cc48100ca228, name=测试DUBBO第一次启动, describe=测试DUBBO第一次启动, createTime=Mon Dec 24 23:53:59 CST 2018, startTime=null, endTime=null, type=TICKET, processNum=1, uid=cd6821a74a4f4f7da591e316e66a7410, isDelete=null, status=0, alarm=0, source=null), Task(tid=32d23183b8ad4a879b2484e0d5fa41c6, name=测试DUBBO重复调用, describe=dubbo重复调用, createTime=Mon Dec 24 23:49:34 CST 2018, startTime=null, endTime=null, type=MUSIC, processNum=4, uid=cd6821a74a4f4f7da591e316e66a7410, isDelete=null, status=0, alarm=0, source=null), Task(tid=0d656805ddab4d9ebbb074922baa74dd, name=测试DUBBO重复调用, describe=dubbo重复调用, createTime=Mon Dec 24 23:49:22 CST 2018, startTime=null, endTime=null, type=MUSIC, processNum=4, uid=cd6821a74a4f4f7da591e316e66a7410, isDelete=null, status=0, alarm=0, source=null), Task(tid=112a2133853b4965bcc5d06d6e541651, name=测试DUBBO第一次调用会调多次DAO, describe=测试DUBBO第一次调用会调多次DAO, createTime=Mon Dec 24 23:43:40 CST 2018, startTime=null, endTime=null, type=TICKET, processNum=1, uid=cd6821a74a4f4f7da591e316e66a7410, isDelete=null, status=0, alarm=0, source=null)], totalHits=21} 
INFO  [2018-12-29 18:45:32,923][] com.alibaba.boot.dubbo.context.event.WelcomeLogoApplicationListener:53 - 

 :: Dubbo Spring Boot (v0.2.0) : https://github.com/apache/incubator-dubbo-spring-boot-project
 :: Dubbo (v2.6.2) : https://github.com/apache/incubator-dubbo
 :: Google group : dev@dubbo.incubator.apache.org
 
INFO  [2018-12-29 18:45:32,928][] com.alibaba.boot.dubbo.context.event.OverrideDubboConfigApplicationListener:68 - Dubbo Config was overridden by externalized configuration {} 
INFO  [2018-12-29 18:45:33,408][] org.springframework.context.support.AbstractApplicationContext:588 - Refreshing org.springframework.context.annotation.AnnotationConfigApplicationContext@7f908505: startup date [Sat Dec 29 18:45:33 CST 2018]; root of context hierarchy 
INFO  [2018-12-29 18:45:34,032][] org.springframework.context.support.PostProcessorRegistrationDelegate$BeanPostProcessorChecker:326 - Bean 'configurationPropertiesRebinderAutoConfiguration' of type [org.springframework.cloud.autoconfigure.ConfigurationPropertiesRebinderAutoConfiguration$$EnhancerBySpringCGLIB$$d7b0494b] is not eligible for getting processed by all BeanPostProcessors (for example: not eligible for auto-proxying) 
INFO  [2018-12-29 18:45:34,256][] com.alibaba.boot.dubbo.context.event.AwaitingNonWebApplicationListener$1:61 -  [Dubbo] Current Spring Boot Application is await... 
INFO  [2018-12-29 18:45:34,373][] com.alibaba.boot.dubbo.context.event.WelcomeLogoApplicationListener:53 - 

 :: Dubbo Spring Boot (v0.2.0) : https://github.com/apache/incubator-dubbo-spring-boot-project
 :: Dubbo (v2.6.2) : https://github.com/apache/incubator-dubbo
 :: Google group : dev@dubbo.incubator.apache.org
 
INFO  [2018-12-29 18:45:34,375][] com.alibaba.boot.dubbo.context.event.OverrideDubboConfigApplicationListener:68 - Dubbo Config was overridden by externalized configuration {} 
INFO  [2018-12-29 18:45:34,432][] org.springframework.cloud.config.client.ConfigServicePropertySourceLocator:205 - Fetching config from server at : http://localhost:8888 
INFO  [2018-12-29 18:45:41,651][] org.springframework.cloud.config.client.ConfigServicePropertySourceLocator:149 - Located environment: name=consoleServer, profiles=[dev], label=null, version=32d6b45574cf3a539a70b2b828cecd1cd819fafc, state=null 
INFO  [2018-12-29 18:45:41,655][] org.springframework.cloud.bootstrap.config.PropertySourceBootstrapConfiguration:98 - Located property source: CompositePropertySource {name='configService', propertySources=[MapPropertySource@1800669675 {name='configClient', properties={config.client.version=32d6b45574cf3a539a70b2b828cecd1cd819fafc}}, MapPropertySource@468916357 {name='https://github.com/HoYuanhao/application/config/consoleServer-dev.properties', properties={spring.dubbo.registry.address=zookeeper://127.0.0.1:2181, spring.datasource.connectionProperties=druid.stat.mergeSql=true;druid.stat.slowSqlMillis=5000, spring.datasource.maxWait=60000, spring.redis.pool.max-idle=10, spring.datasource.url=jdbc:mysql://127.0.0.1:3306/application?useUnicode=true&characterEncoding=utf-8&zeroDateTimeBehavior=convertToNull&allowMultiQueries=true, spring.redis.timeout=2000, spring.redis.pool.max-wait=-1, spring.datasource.validationQuery=SELECT 1, spring.dubbo.protocol.name=dubbo, spring.datasource.minEvictableIdleTimeMillis=300000, spring.datasource.filters=stat,wall,log4j, spring.datasource.testOnBorrow=false, elasticsearch.address=127.0.0.1:9200,127.0.0.1:9201, spring.redis.pool.min-idle=8, spring.datasource.testOnReturn=false, spring.datasource.initialSize=30, spring.datasource.password=HeYuanHao1!, spring.datasource.driver-class-name=com.mysql.jdbc.Driver, elasticsearch.scheme=http, spring.datasource.maxActive=100, spring.datasource.username=root, spring.redis.port=6379, spring.datasource.maxPoolPreparedStatementPerConnectionSize=20, spring.datasource.poolPreparedStatements=true, spring.dubbo.application.id=application-consoleServer-provider, spring.datasource.testWhileIdle=true, spring.redis.host=127.0.0.1, spring.datasource.timeBetweenEvictionRunsMillis=60000, spring.dubbo.protocol.port=20880, spring.dubbo.server=true, spring.dubbo.application.name=application-consoleServer-provider, spring.redis.pool.max-active=60, spring.datasource.minIdle=10, spring.redis.database=0, dubbo.scan.basePackages=com.open.application.console.server.service.impl}}]} 
INFO  [2018-12-29 18:45:41,670][] org.springframework.boot.SpringApplication:654 - No active profile set, falling back to default profiles: default 
INFO  [2018-12-29 18:45:41,687][] org.springframework.context.support.AbstractApplicationContext:588 - Refreshing org.springframework.boot.web.servlet.context.AnnotationConfigServletWebServerApplicationContext@704d5606: startup date [Sat Dec 29 18:45:41 CST 2018]; parent: org.springframework.context.annotation.AnnotationConfigApplicationContext@7f908505 
INFO  [2018-12-29 18:45:42,551][] org.springframework.beans.factory.xml.XmlBeanDefinitionReader:317 - Loading XML bean definitions from class path resource [application-dubbo.xml] 
INFO  [2018-12-29 18:45:43,730][] org.springframework.data.repository.config.RepositoryConfigurationDelegate:172 - Multiple Spring Data modules found, entering strict repository configuration mode! 
INFO  [2018-12-29 18:45:44,563][] org.springframework.beans.factory.support.DefaultListableBeanFactory:821 - Overriding bean definition for bean 'dataSource' with a different definition: replacing [Root bean: class [null]; scope=refresh; abstract=false; lazyInit=false; autowireMode=3; dependencyCheck=0; autowireCandidate=false; primary=false; factoryBeanName=org.springframework.boot.autoconfigure.jdbc.DataSourceConfiguration$Hikari; factoryMethodName=dataSource; initMethodName=null; destroyMethodName=(inferred); defined in class path resource [org/springframework/boot/autoconfigure/jdbc/DataSourceConfiguration$Hikari.class]] with [Root bean: class [org.springframework.aop.scope.ScopedProxyFactoryBean]; scope=; abstract=false; lazyInit=false; autowireMode=0; dependencyCheck=0; autowireCandidate=true; primary=false; factoryBeanName=null; factoryMethodName=null; initMethodName=null; destroyMethodName=null; defined in BeanDefinition defined in class path resource [org/springframework/boot/autoconfigure/jdbc/DataSourceConfiguration$Hikari.class]] 
INFO  [2018-12-29 18:45:45,223][] org.springframework.cloud.context.scope.GenericScope:294 - BeanFactory id=45bd747e-cbad-34d5-a416-3ef72162c12f 
INFO  [2018-12-29 18:45:45,457][] org.springframework.context.support.PostProcessorRegistrationDelegate$BeanPostProcessorChecker:326 - Bean 'redisConfig' of type [com.open.application.console.server.RedisConfig$$EnhancerBySpringCGLIB$$4808651] is not eligible for getting processed by all BeanPostProcessors (for example: not eligible for auto-proxying) 
INFO  [2018-12-29 18:45:45,472][] org.springframework.context.support.PostProcessorRegistrationDelegate$BeanPostProcessorChecker:326 - Bean 'org.springframework.transaction.annotation.ProxyTransactionManagementConfiguration' of type [org.springframework.transaction.annotation.ProxyTransactionManagementConfiguration$$EnhancerBySpringCGLIB$$bb96464e] is not eligible for getting processed by all BeanPostProcessors (for example: not eligible for auto-proxying) 
INFO  [2018-12-29 18:45:45,630][] org.springframework.context.support.PostProcessorRegistrationDelegate$BeanPostProcessorChecker:326 - Bean 'org.springframework.cloud.autoconfigure.ConfigurationPropertiesRebinderAutoConfiguration' of type [org.springframework.cloud.autoconfigure.ConfigurationPropertiesRebinderAutoConfiguration$$EnhancerBySpringCGLIB$$d7b0494b] is not eligible for getting processed by all BeanPostProcessors (for example: not eligible for auto-proxying) 
INFO  [2018-12-29 18:45:46,392][] org.springframework.boot.web.embedded.tomcat.TomcatWebServer:91 - Tomcat initialized with port(s): 8081 (http) 
INFO  [2018-12-29 18:45:46,423][] org.apache.juli.logging.DirectJDKLog:180 - Initializing ProtocolHandler ["http-nio-8081"] 
INFO  [2018-12-29 18:45:46,446][] org.apache.juli.logging.DirectJDKLog:180 - Starting service [Tomcat] 
INFO  [2018-12-29 18:45:46,446][] org.apache.juli.logging.DirectJDKLog:180 - Starting Servlet Engine: Apache Tomcat/8.5.34 
INFO  [2018-12-29 18:45:46,459][] org.apache.juli.logging.DirectJDKLog:180 - The APR based Apache Tomcat Native library which allows optimal performance in production environments was not found on the java.library.path: [/Users/yuanhaohe/Library/Java/Extensions:/Library/Java/Extensions:/Network/Library/Java/Extensions:/System/Library/Java/Extensions:/usr/lib/java:.] 
INFO  [2018-12-29 18:45:46,611][] org.apache.juli.logging.DirectJDKLog:180 - Initializing Spring embedded WebApplicationContext 
INFO  [2018-12-29 18:45:46,612][] org.springframework.boot.web.servlet.context.ServletWebServerApplicationContext:285 - Root WebApplicationContext: initialization completed in 4925 ms 
INFO  [2018-12-29 18:45:49,301][] org.springframework.boot.web.servlet.AbstractFilterRegistrationBean:245 - Mapping filter: 'characterEncodingFilter' to: [/*] 
INFO  [2018-12-29 18:45:49,302][] org.springframework.boot.web.servlet.AbstractFilterRegistrationBean:245 - Mapping filter: 'webMvcMetricsFilter' to: [/*] 
INFO  [2018-12-29 18:45:49,302][] org.springframework.boot.web.servlet.AbstractFilterRegistrationBean:245 - Mapping filter: 'hiddenHttpMethodFilter' to: [/*] 
INFO  [2018-12-29 18:45:49,303][] org.springframework.boot.web.servlet.AbstractFilterRegistrationBean:245 - Mapping filter: 'httpPutFormContentFilter' to: [/*] 
INFO  [2018-12-29 18:45:49,303][] org.springframework.boot.web.servlet.AbstractFilterRegistrationBean:245 - Mapping filter: 'requestContextFilter' to: [/*] 
INFO  [2018-12-29 18:45:49,304][] org.springframework.boot.web.servlet.AbstractFilterRegistrationBean:245 - Mapping filter: 'httpTraceFilter' to: [/*] 
INFO  [2018-12-29 18:45:49,304][] org.springframework.boot.web.servlet.ServletRegistrationBean:187 - Servlet dispatcherServlet mapped to [/] 
INFO  [2018-12-29 18:45:50,446][] org.springframework.web.servlet.handler.AbstractUrlHandlerMapping:373 - Mapped URL path [/**/favicon.ico] onto handler of type [class org.springframework.web.servlet.resource.ResourceHttpRequestHandler] 
INFO  [2018-12-29 18:45:51,036][] org.springframework.web.servlet.mvc.method.annotation.RequestMappingHandlerAdapter:588 - Looking for @ControllerAdvice: org.springframework.boot.web.servlet.context.AnnotationConfigServletWebServerApplicationContext@704d5606: startup date [Sat Dec 29 18:45:41 CST 2018]; parent: org.springframework.context.annotation.AnnotationConfigApplicationContext@7f908505 
INFO  [2018-12-29 18:45:51,177][] org.springframework.web.servlet.handler.AbstractHandlerMethodMapping$MappingRegistry:549 - Mapped "{[/error]}" onto public org.springframework.http.ResponseEntity<java.util.Map<java.lang.String, java.lang.Object>> org.springframework.boot.autoconfigure.web.servlet.error.BasicErrorController.error(javax.servlet.http.HttpServletRequest) 
INFO  [2018-12-29 18:45:51,180][] org.springframework.web.servlet.handler.AbstractHandlerMethodMapping$MappingRegistry:549 - Mapped "{[/error],produces=[text/html]}" onto public org.springframework.web.servlet.ModelAndView org.springframework.boot.autoconfigure.web.servlet.error.BasicErrorController.errorHtml(javax.servlet.http.HttpServletRequest,javax.servlet.http.HttpServletResponse) 
INFO  [2018-12-29 18:45:51,271][] org.springframework.web.servlet.handler.AbstractUrlHandlerMapping:373 - Mapped URL path [/webjars/**] onto handler of type [class org.springframework.web.servlet.resource.ResourceHttpRequestHandler] 
INFO  [2018-12-29 18:45:51,271][] org.springframework.web.servlet.handler.AbstractUrlHandlerMapping:373 - Mapped URL path [/**] onto handler of type [class org.springframework.web.servlet.resource.ResourceHttpRequestHandler] 
INFO  [2018-12-29 18:45:52,827][] org.springframework.boot.actuate.endpoint.web.EndpointLinksResolver:59 - Exposing 2 endpoint(s) beneath base path '/actuator' 
INFO  [2018-12-29 18:45:52,846][] org.springframework.web.servlet.handler.AbstractHandlerMethodMapping$MappingRegistry:549 - Mapped "{[/actuator/health],methods=[GET],produces=[application/vnd.spring-boot.actuator.v2+json || application/json]}" onto public java.lang.Object org.springframework.boot.actuate.endpoint.web.servlet.AbstractWebMvcEndpointHandlerMapping$OperationHandler.handle(javax.servlet.http.HttpServletRequest,java.util.Map<java.lang.String, java.lang.String>) 
INFO  [2018-12-29 18:45:52,847][] org.springframework.web.servlet.handler.AbstractHandlerMethodMapping$MappingRegistry:549 - Mapped "{[/actuator/info],methods=[GET],produces=[application/vnd.spring-boot.actuator.v2+json || application/json]}" onto public java.lang.Object org.springframework.boot.actuate.endpoint.web.servlet.AbstractWebMvcEndpointHandlerMapping$OperationHandler.handle(javax.servlet.http.HttpServletRequest,java.util.Map<java.lang.String, java.lang.String>) 
INFO  [2018-12-29 18:45:52,848][] org.springframework.web.servlet.handler.AbstractHandlerMethodMapping$MappingRegistry:549 - Mapped "{[/actuator],methods=[GET],produces=[application/vnd.spring-boot.actuator.v2+json || application/json]}" onto protected java.util.Map<java.lang.String, java.util.Map<java.lang.String, org.springframework.boot.actuate.endpoint.web.Link>> org.springframework.boot.actuate.endpoint.web.servlet.WebMvcEndpointHandlerMapping.links(javax.servlet.http.HttpServletRequest,javax.servlet.http.HttpServletResponse) 
INFO  [2018-12-29 18:45:52,922][] org.springframework.jmx.export.MBeanExporter:433 - Registering beans for JMX exposure on startup 
INFO  [2018-12-29 18:45:52,924][] org.springframework.jmx.export.MBeanExporter:895 - Bean with name 'dataSource' has been autodetected for JMX exposure 
INFO  [2018-12-29 18:45:52,933][] org.springframework.jmx.export.MBeanExporter:895 - Bean with name 'environmentManager' has been autodetected for JMX exposure 
INFO  [2018-12-29 18:45:52,934][] org.springframework.jmx.export.MBeanExporter:895 - Bean with name 'refreshScope' has been autodetected for JMX exposure 
INFO  [2018-12-29 18:45:52,935][] org.springframework.jmx.export.MBeanExporter:895 - Bean with name 'configurationPropertiesRebinder' has been autodetected for JMX exposure 
INFO  [2018-12-29 18:45:52,939][] org.springframework.jmx.export.MBeanExporter:675 - Located managed bean 'environmentManager': registering with JMX server as MBean [org.springframework.cloud.context.environment:name=environmentManager,type=EnvironmentManager] 
INFO  [2018-12-29 18:45:52,949][] org.springframework.jmx.export.MBeanExporter:675 - Located managed bean 'refreshScope': registering with JMX server as MBean [org.springframework.cloud.context.scope.refresh:name=refreshScope,type=RefreshScope] 
INFO  [2018-12-29 18:45:52,975][] org.springframework.jmx.export.MBeanExporter:675 - Located managed bean 'configurationPropertiesRebinder': registering with JMX server as MBean [org.springframework.cloud.context.properties:name=configurationPropertiesRebinder,context=704d5606,type=ConfigurationPropertiesRebinder] 
INFO  [2018-12-29 18:45:52,984][] org.springframework.jmx.export.MBeanExporter:668 - Located MBean 'dataSource': registering with JMX server as MBean [com.zaxxer.hikari:name=dataSource,type=HikariDataSource] 
INFO  [2018-12-29 18:45:53,526][] org.apache.curator.utils.Compatibility:41 - Running in ZooKeeper 3.4.x compatibility mode 
INFO  [2018-12-29 18:45:53,553][] org.apache.curator.framework.imps.CuratorFrameworkImpl:290 - Starting 
INFO  [2018-12-29 18:45:53,566][] org.apache.zookeeper.Environment:100 - Client environment:zookeeper.version=3.4.13-2d71af4dbe22557fda74f9a9b4309b15a7487f03, built on 06/29/2018 00:39 GMT 
INFO  [2018-12-29 18:45:53,566][] org.apache.zookeeper.Environment:100 - Client environment:host.name=localhost 
INFO  [2018-12-29 18:45:53,566][] org.apache.zookeeper.Environment:100 - Client environment:java.version=1.8.0_131 
INFO  [2018-12-29 18:45:53,566][] org.apache.zookeeper.Environment:100 - Client environment:java.vendor=Oracle Corporation 
INFO  [2018-12-29 18:45:53,566][] org.apache.zookeeper.Environment:100 - Client environment:java.home=/Library/Java/JavaVirtualMachines/jdk1.8.0_131.jdk/Contents/Home/jre 
INFO  [2018-12-29 18:45:53,567][] org.apache.zookeeper.Environment:100 - Client environment:java.class.path=/Applications/IntelliJ IDEA.app/Contents/plugins/maven/lib/maven3/boot/plexus-classworlds-2.5.2.jar:/Applications/IntelliJ IDEA.app/Contents/lib/idea_rt.jar 
INFO  [2018-12-29 18:45:53,567][] org.apache.zookeeper.Environment:100 - Client environment:java.library.path=/Users/yuanhaohe/Library/Java/Extensions:/Library/Java/Extensions:/Network/Library/Java/Extensions:/System/Library/Java/Extensions:/usr/lib/java:. 
INFO  [2018-12-29 18:45:53,567][] org.apache.zookeeper.Environment:100 - Client environment:java.io.tmpdir=/var/folders/gp/tgklgs252tl0k2w8d6t3gk400000gn/T/ 
INFO  [2018-12-29 18:45:53,567][] org.apache.zookeeper.Environment:100 - Client environment:java.compiler=<NA> 
INFO  [2018-12-29 18:45:53,567][] org.apache.zookeeper.Environment:100 - Client environment:os.name=Mac OS X 
INFO  [2018-12-29 18:45:53,567][] org.apache.zookeeper.Environment:100 - Client environment:os.arch=x86_64 
INFO  [2018-12-29 18:45:53,567][] org.apache.zookeeper.Environment:100 - Client environment:os.version=10.13.6 
INFO  [2018-12-29 18:45:53,568][] org.apache.zookeeper.Environment:100 - Client environment:user.name=yuanhaohe 
INFO  [2018-12-29 18:45:53,568][] org.apache.zookeeper.Environment:100 - Client environment:user.home=/Users/yuanhaohe 
INFO  [2018-12-29 18:45:53,568][] org.apache.zookeeper.Environment:100 - Client environment:user.dir=/Users/yuanhaohe/workspace/application/application-console-server 
INFO  [2018-12-29 18:45:53,569][] org.apache.zookeeper.ZooKeeper:442 - Initiating client connection, connectString=127.0.0.1:2181 sessionTimeout=60000 watcher=org.apache.curator.ConnectionState@623eaf13 
INFO  [2018-12-29 18:45:53,585][] org.apache.zookeeper.ClientCnxn$SendThread:1029 - Opening socket connection to server localhost/127.0.0.1:2181. Will not attempt to authenticate using SASL (unknown error) 
INFO  [2018-12-29 18:45:53,589][] org.apache.curator.framework.imps.CuratorFrameworkImpl:332 - Default schema 
INFO  [2018-12-29 18:45:53,593][] org.apache.zookeeper.ClientCnxn$SendThread:879 - Socket connection established to localhost/127.0.0.1:2181, initiating session 
INFO  [2018-12-29 18:45:53,604][] org.apache.zookeeper.ClientCnxn$SendThread:1303 - Session establishment complete on server localhost/127.0.0.1:2181, sessionid = 0x1000018f5f50002, negotiated timeout = 40000 
INFO  [2018-12-29 18:45:53,611][] org.apache.curator.framework.state.ConnectionStateManager:237 - State change: CONNECTED 
INFO  [2018-12-29 18:45:53,725][] org.apache.juli.logging.DirectJDKLog:180 - Starting ProtocolHandler ["http-nio-8081"] 
INFO  [2018-12-29 18:45:53,726][] org.apache.juli.logging.DirectJDKLog:180 - Using a shared selector for servlet write/read 
INFO  [2018-12-29 18:45:53,745][] org.springframework.boot.web.embedded.tomcat.TomcatWebServer:206 - Tomcat started on port(s): 8081 (http) with context path '' 
INFO  [2018-12-29 18:45:53,749][] org.springframework.boot.StartupInfoLogger:59 - Started com.App in 21.271 seconds (JVM running for 26.919)
INFO  [2018-12-29 18:46:22,239][] com.zaxxer.hikari.HikariDataSource:110 - HikariPool-1 - Starting... 
INFO  [2018-12-29 18:46:22,486][] com.zaxxer.hikari.HikariDataSource:123 - HikariPool-1 - Start completed. 
INFO  [2018-12-29 18:46:22,790][] io.netty.util.internal.logging.Slf4JLogger:101 - Starting without optional epoll library 
INFO  [2018-12-29 18:46:22,791][] io.netty.util.internal.logging.Slf4JLogger:101 - Starting without optional kqueue library 
INFO  [2018-12-29 18:47:34,623][] com.open.application.console.server.es.service.impl.ElasticSearchServiceImpl:206 - uid:cd6821a74a4f4f7da591e316e66a7410 offset:0 limit:20 name:DUUBO describe:null status:null type:null 
INFO  [2018-12-29 18:47:34,625][] com.open.application.console.server.service.impl.TaskShowServiceImpl:54 - {taskList=[], totalHits=0} 
INFO  [2018-12-29 18:47:42,501][] com.open.application.console.server.es.service.impl.ElasticSearchServiceImpl:206 - uid:cd6821a74a4f4f7da591e316e66a7410 offset:0 limit:20 name:DUBBO describe:null status:null type:null 
INFO  [2018-12-29 18:47:42,502][] com.open.application.console.server.service.impl.TaskShowServiceImpl:54 - {taskList=[Task(tid=4441a7f0e0d6430f81657628a9ca1e2f, name=DUBBO重复调用, describe=asd, createTime=Tue Dec 25 02:11:19 CST 2018, startTime=null, endTime=null, type=MUSIC, processNum=4, uid=cd6821a74a4f4f7da591e316e66a7410, isDelete=null, status=0, alarm=1, source={
"musicID":"321123"
}), Task(tid=af1bcaf623404b9f929e6d1c19c3adda, name=DUBBO测试, describe=测试, createTime=Tue Dec 25 00:45:16 CST 2018, startTime=null, endTime=null, type=MUSIC, processNum=1, uid=cd6821a74a4f4f7da591e316e66a7410, isDelete=null, status=0, alarm=0, source=null), Task(tid=4ef5b4795467470ab9aaa118da08d9d1, name=DUBBO测试, describe=测试, createTime=Tue Dec 25 00:41:37 CST 2018, startTime=null, endTime=null, type=MUSIC, processNum=1, uid=cd6821a74a4f4f7da591e316e66a7410, isDelete=null, status=0, alarm=0, source=null), Task(tid=057156d12dca403ba81bb5fab24d5423, name=DUBBO第一次调用超时, describe=DUBBO第一次调用超时, createTime=Tue Dec 25 00:32:42 CST 2018, startTime=null, endTime=null, type=MUSIC, processNum=1, uid=cd6821a74a4f4f7da591e316e66a7410, isDelete=null, status=0, alarm=0, source=null), Task(tid=560d9ecd88944260bfcb41567ff210b1, name=DUBBO第一次调用超时, describe=DUBBO第一次调用超时, createTime=Tue Dec 25 00:32:15 CST 2018, startTime=null, endTime=null, type=MUSIC, processNum=1, uid=cd6821a74a4f4f7da591e316e66a7410, isDelete=null, status=0, alarm=0, source=null), Task(tid=976e7b7e09414f54afe85e8efe0fdc46, name=DUBBO第一次调用超时, describe=DUBBO第一次调用超时, createTime=Tue Dec 25 00:27:20 CST 2018, startTime=null, endTime=null, type=MUSIC, processNum=1, uid=cd6821a74a4f4f7da591e316e66a7410, isDelete=null, status=0, alarm=0, source=null), Task(tid=5fea1954e03f4e07b40b0917c3f4d436, name=DUBBO第一次调用超时, describe=DUBBO第一次调用超时, createTime=Tue Dec 25 00:24:04 CST 2018, startTime=null, endTime=null, type=MUSIC, processNum=1, uid=cd6821a74a4f4f7da591e316e66a7410, isDelete=null, status=0, alarm=0, source=null), Task(tid=d5aab6f6efc84d2fbe79cdc11144a99a, name=DUBBO, describe=DUBBO, createTime=Tue Dec 25 00:21:47 CST 2018, startTime=null, endTime=null, type=MUSIC, processNum=1, uid=cd6821a74a4f4f7da591e316e66a7410, isDelete=null, status=0, alarm=0, source=null), Task(tid=db666be0f29e4103900b8a108a854b00, name=测试DUBBO, describe=DUBBO, createTime=Tue Dec 25 00:13:57 CST 2018, startTime=null, endTime=null, type=TICKET, processNum=1, uid=cd6821a74a4f4f7da591e316e66a7410, isDelete=null, status=0, alarm=0, source=null), Task(tid=ce26aef021fd460ebff556318792494a, name=DUBBO, describe=DUBBO, createTime=Tue Dec 25 00:11:37 CST 2018, startTime=null, endTime=null, type=TICKET, processNum=1, uid=cd6821a74a4f4f7da591e316e66a7410, isDelete=null, status=0, alarm=0, source=null), Task(tid=9ab0f63d5b7648e6841900a555977fb8, name=DUBBO第一次调用, describe=DUBBO, createTime=Tue Dec 25 00:08:54 CST 2018, startTime=null, endTime=null, type=TICKET, processNum=1, uid=cd6821a74a4f4f7da591e316e66a7410, isDelete=null, status=0, alarm=0, source=null), Task(tid=f606b7297e774575a08a362e9cb7d955, name=DUBBO第一次调用, describe=DUBBO, createTime=Tue Dec 25 00:05:02 CST 2018, startTime=null, endTime=null, type=TICKET, processNum=1, uid=cd6821a74a4f4f7da591e316e66a7410, isDelete=null, status=0, alarm=0, source=null), Task(tid=601cbb6c869741e695c85fc46463158d, name=测试DUBBO第一次启动, describe=测试DUBBO第一次启动, createTime=Tue Dec 25 00:02:06 CST 2018, startTime=null, endTime=null, type=TICKET, processNum=1, uid=cd6821a74a4f4f7da591e316e66a7410, isDelete=null, status=0, alarm=0, source=null), Task(tid=8f631bd075b34a9e9465f1c5682122d4, name=测试DUBBO第一次启动, describe=测试DUBBO第一次启动, createTime=Mon Dec 24 23:59:30 CST 2018, startTime=null, endTime=null, type=TICKET, processNum=1, uid=cd6821a74a4f4f7da591e316e66a7410, isDelete=null, status=0, alarm=0, source=null), Task(tid=0fcd6c2d8fe441aca072bd2fb57c1774, name=测试DUBBO第一次启动, describe=测试DUBBO第一次启动, createTime=Mon Dec 24 23:56:00 CST 2018, startTime=null, endTime=null, type=TICKET, processNum=1, uid=cd6821a74a4f4f7da591e316e66a7410, isDelete=null, status=0, alarm=0, source=null), Task(tid=998a9ab213144d368e04150c98207cd3, name=测试DUBBO第一次启动, describe=测试DUBBO第一次启动, createTime=Mon Dec 24 23:54:59 CST 2018, startTime=null, endTime=null, type=TICKET, processNum=1, uid=cd6821a74a4f4f7da591e316e66a7410, isDelete=null, status=0, alarm=0, source=null), Task(tid=f4ca355c3c6d4748a308cc48100ca228, name=测试DUBBO第一次启动, describe=测试DUBBO第一次启动, createTime=Mon Dec 24 23:53:59 CST 2018, startTime=null, endTime=null, type=TICKET, processNum=1, uid=cd6821a74a4f4f7da591e316e66a7410, isDelete=null, status=0, alarm=0, source=null), Task(tid=32d23183b8ad4a879b2484e0d5fa41c6, name=测试DUBBO重复调用, describe=dubbo重复调用, createTime=Mon Dec 24 23:49:34 CST 2018, startTime=null, endTime=null, type=MUSIC, processNum=4, uid=cd6821a74a4f4f7da591e316e66a7410, isDelete=null, status=0, alarm=0, source=null), Task(tid=0d656805ddab4d9ebbb074922baa74dd, name=测试DUBBO重复调用, describe=dubbo重复调用, createTime=Mon Dec 24 23:49:22 CST 2018, startTime=null, endTime=null, type=MUSIC, processNum=4, uid=cd6821a74a4f4f7da591e316e66a7410, isDelete=null, status=0, alarm=0, source=null), Task(tid=112a2133853b4965bcc5d06d6e541651, name=测试DUBBO第一次调用会调多次DAO, describe=测试DUBBO第一次调用会调多次DAO, createTime=Mon Dec 24 23:43:40 CST 2018, startTime=null, endTime=null, type=TICKET, processNum=1, uid=cd6821a74a4f4f7da591e316e66a7410, isDelete=null, status=0, alarm=0, source=null)], totalHits=21} 
