WARN  [2018-12-25 00:04:17,920][] org.springframework.context.annotation.ConfigurationClassPostProcessor:381 - Cannot enhance @Configuration bean definition 'com.alibaba.boot.dubbo.autoconfigure.DubboAutoConfiguration' since its singleton instance has been created too early. The typical cause is a non-static @Bean method with a BeanDefinitionRegistryPostProcessor return type: Consider declaring such methods as 'static'. 
WARN  [2018-12-25 00:05:02,352][] com.zaxxer.hikari.util.DriverDataSource:68 - Registered driver with driverClassName=com.mysql.jdbc.Driver was not found, trying direct instantiation. 
WARN  [2018-12-25 00:23:37,125][] org.springframework.context.annotation.ConfigurationClassPostProcessor:381 - Cannot enhance @Configuration bean definition 'com.alibaba.boot.dubbo.autoconfigure.DubboAutoConfiguration' since its singleton instance has been created too early. The typical cause is a non-static @Bean method with a BeanDefinitionRegistryPostProcessor return type: Consider declaring such methods as 'static'. 
WARN  [2018-12-25 00:24:04,890][] com.zaxxer.hikari.util.DriverDataSource:68 - Registered driver with driverClassName=com.mysql.jdbc.Driver was not found, trying direct instantiation. 
WARN  [2018-12-25 00:25:58,631][] org.springframework.context.annotation.ConfigurationClassPostProcessor:381 - Cannot enhance @Configuration bean definition 'com.alibaba.boot.dubbo.autoconfigure.DubboAutoConfiguration' since its singleton instance has been created too early. The typical cause is a non-static @Bean method with a BeanDefinitionRegistryPostProcessor return type: Consider declaring such methods as 'static'. 
WARN  [2018-12-25 00:27:20,958][] com.zaxxer.hikari.util.DriverDataSource:68 - Registered driver with driverClassName=com.mysql.jdbc.Driver was not found, trying direct instantiation. 
WARN  [2018-12-25 00:29:27,212][] org.springframework.context.annotation.ConfigurationClassPostProcessor:381 - Cannot enhance @Configuration bean definition 'com.alibaba.boot.dubbo.autoconfigure.DubboAutoConfiguration' since its singleton instance has been created too early. The typical cause is a non-static @Bean method with a BeanDefinitionRegistryPostProcessor return type: Consider declaring such methods as 'static'. 
WARN  [2018-12-25 00:32:15,745][] com.zaxxer.hikari.util.DriverDataSource:68 - Registered driver with driverClassName=com.mysql.jdbc.Driver was not found, trying direct instantiation. 
WARN  [2018-12-25 00:35:15,417][] org.springframework.context.annotation.ConfigurationClassPostProcessor:381 - Cannot enhance @Configuration bean definition 'com.alibaba.boot.dubbo.autoconfigure.DubboAutoConfiguration' since its singleton instance has been created too early. The typical cause is a non-static @Bean method with a BeanDefinitionRegistryPostProcessor return type: Consider declaring such methods as 'static'. 
WARN  [2018-12-25 00:41:37,684][] com.zaxxer.hikari.util.DriverDataSource:68 - Registered driver with driverClassName=com.mysql.jdbc.Driver was not found, trying direct instantiation. 
WARN  [2018-12-25 00:44:02,807][] org.springframework.context.annotation.ConfigurationClassPostProcessor:381 - Cannot enhance @Configuration bean definition 'com.alibaba.boot.dubbo.autoconfigure.DubboAutoConfiguration' since its singleton instance has been created too early. The typical cause is a non-static @Bean method with a BeanDefinitionRegistryPostProcessor return type: Consider declaring such methods as 'static'. 
WARN  [2018-12-25 00:45:16,286][] com.zaxxer.hikari.util.DriverDataSource:68 - Registered driver with driverClassName=com.mysql.jdbc.Driver was not found, trying direct instantiation. 
WARN  [2018-12-25 01:15:16,282][] org.springframework.context.annotation.ConfigurationClassPostProcessor:381 - Cannot enhance @Configuration bean definition 'com.alibaba.boot.dubbo.autoconfigure.DubboAutoConfiguration' since its singleton instance has been created too early. The typical cause is a non-static @Bean method with a BeanDefinitionRegistryPostProcessor return type: Consider declaring such methods as 'static'. 
WARN  [2018-12-25 01:17:27,878][] com.zaxxer.hikari.util.DriverDataSource:68 - Registered driver with driverClassName=com.mysql.jdbc.Driver was not found, trying direct instantiation. 
WARN  [2018-12-25 01:52:30,761][] org.springframework.context.annotation.ConfigurationClassPostProcessor:381 - Cannot enhance @Configuration bean definition 'com.alibaba.boot.dubbo.autoconfigure.DubboAutoConfiguration' since its singleton instance has been created too early. The typical cause is a non-static @Bean method with a BeanDefinitionRegistryPostProcessor return type: Consider declaring such methods as 'static'. 
WARN  [2018-12-25 01:53:10,195][] com.zaxxer.hikari.util.DriverDataSource:68 - Registered driver with driverClassName=com.mysql.jdbc.Driver was not found, trying direct instantiation. 
WARN  [2018-12-25 01:56:16,166][] org.springframework.context.annotation.ConfigurationClassPostProcessor:381 - Cannot enhance @Configuration bean definition 'com.alibaba.boot.dubbo.autoconfigure.DubboAutoConfiguration' since its singleton instance has been created too early. The typical cause is a non-static @Bean method with a BeanDefinitionRegistryPostProcessor return type: Consider declaring such methods as 'static'. 
WARN  [2018-12-25 02:04:41,647][] com.zaxxer.hikari.util.DriverDataSource:68 - Registered driver with driverClassName=com.mysql.jdbc.Driver was not found, trying direct instantiation. 
WARN  [2018-12-25 02:13:00,255][] org.springframework.context.annotation.ConfigurationClassPostProcessor:381 - Cannot enhance @Configuration bean definition 'com.alibaba.boot.dubbo.autoconfigure.DubboAutoConfiguration' since its singleton instance has been created too early. The typical cause is a non-static @Bean method with a BeanDefinitionRegistryPostProcessor return type: Consider declaring such methods as 'static'. 
WARN  [2018-12-25 02:16:00,548][] com.zaxxer.hikari.util.DriverDataSource:68 - Registered driver with driverClassName=com.mysql.jdbc.Driver was not found, trying direct instantiation. 
WARN  [2018-12-25 02:57:18,676][] com.zaxxer.hikari.pool.HikariPool$HouseKeeper:758 - HikariPool-1 - Thread starvation or clock leap detected (housekeeper delta=31m17s499ms). 
WARN  [2018-12-25 02:57:47,993][] com.zaxxer.hikari.pool.HikariPool$HouseKeeper:750 - HikariPool-1 - Retrograde clock change detected (housekeeper delta=29s317ms), soft-evicting connections from pool. 
WARN  [2018-12-25 05:25:14,585][] com.zaxxer.hikari.pool.HikariPool$HouseKeeper:758 - HikariPool-1 - Thread starvation or clock leap detected (housekeeper delta=2h26s351ms). 
WARN  [2018-12-25 07:25:41,252][] com.zaxxer.hikari.pool.HikariPool$HouseKeeper:758 - HikariPool-1 - Thread starvation or clock leap detected (housekeeper delta=2h26s668ms). 
WARN  [2018-12-25 09:11:14,401][] com.zaxxer.hikari.pool.HikariPool$HouseKeeper:758 - HikariPool-1 - Thread starvation or clock leap detected (housekeeper delta=1h45m3s144ms). 
WARN  [2018-12-25 10:15:16,433][] com.zaxxer.hikari.pool.HikariPool$HouseKeeper:758 - HikariPool-1 - Thread starvation or clock leap detected (housekeeper delta=1h4m2s30ms). 
WARN  [2018-12-25 10:19:13,742][] org.springframework.context.annotation.ConfigurationClassPostProcessor:381 - Cannot enhance @Configuration bean definition 'com.alibaba.boot.dubbo.autoconfigure.DubboAutoConfiguration' since its singleton instance has been created too early. The typical cause is a non-static @Bean method with a BeanDefinitionRegistryPostProcessor return type: Consider declaring such methods as 'static'. 
WARN  [2018-12-25 10:20:56,610][] org.springframework.context.annotation.ConfigurationClassPostProcessor:381 - Cannot enhance @Configuration bean definition 'com.alibaba.boot.dubbo.autoconfigure.DubboAutoConfiguration' since its singleton instance has been created too early. The typical cause is a non-static @Bean method with a BeanDefinitionRegistryPostProcessor return type: Consider declaring such methods as 'static'. 
WARN  [2018-12-25 10:22:04,943][] org.springframework.context.annotation.ConfigurationClassPostProcessor:381 - Cannot enhance @Configuration bean definition 'com.alibaba.boot.dubbo.autoconfigure.DubboAutoConfiguration' since its singleton instance has been created too early. The typical cause is a non-static @Bean method with a BeanDefinitionRegistryPostProcessor return type: Consider declaring such methods as 'static'. 
WARN  [2018-12-25 10:23:46,406][] org.springframework.context.annotation.ConfigurationClassPostProcessor:381 - Cannot enhance @Configuration bean definition 'com.alibaba.boot.dubbo.autoconfigure.DubboAutoConfiguration' since its singleton instance has been created too early. The typical cause is a non-static @Bean method with a BeanDefinitionRegistryPostProcessor return type: Consider declaring such methods as 'static'. 
WARN  [2018-12-25 10:29:30,252][] com.zaxxer.hikari.util.DriverDataSource:68 - Registered driver with driverClassName=com.mysql.jdbc.Driver was not found, trying direct instantiation. 
WARN  [2018-12-25 11:12:34,005][] org.springframework.context.annotation.ConfigurationClassPostProcessor:381 - Cannot enhance @Configuration bean definition 'com.alibaba.boot.dubbo.autoconfigure.DubboAutoConfiguration' since its singleton instance has been created too early. The typical cause is a non-static @Bean method with a BeanDefinitionRegistryPostProcessor return type: Consider declaring such methods as 'static'. 
WARN  [2018-12-25 11:17:34,969][] com.zaxxer.hikari.util.DriverDataSource:68 - Registered driver with driverClassName=com.mysql.jdbc.Driver was not found, trying direct instantiation. 
WARN  [2018-12-25 11:41:38,011][] org.springframework.context.annotation.ConfigurationClassPostProcessor:381 - Cannot enhance @Configuration bean definition 'com.alibaba.boot.dubbo.autoconfigure.DubboAutoConfiguration' since its singleton instance has been created too early. The typical cause is a non-static @Bean method with a BeanDefinitionRegistryPostProcessor return type: Consider declaring such methods as 'static'. 
WARN  [2018-12-25 11:58:57,610][] com.zaxxer.hikari.util.DriverDataSource:68 - Registered driver with driverClassName=com.mysql.jdbc.Driver was not found, trying direct instantiation. 
WARN  [2018-12-25 12:03:23,350][] org.springframework.context.annotation.ConfigurationClassPostProcessor:381 - Cannot enhance @Configuration bean definition 'com.alibaba.boot.dubbo.autoconfigure.DubboAutoConfiguration' since its singleton instance has been created too early. The typical cause is a non-static @Bean method with a BeanDefinitionRegistryPostProcessor return type: Consider declaring such methods as 'static'. 
WARN  [2018-12-25 12:04:06,955][] com.zaxxer.hikari.util.DriverDataSource:68 - Registered driver with driverClassName=com.mysql.jdbc.Driver was not found, trying direct instantiation. 
WARN  [2018-12-25 14:10:33,095][] com.zaxxer.hikari.pool.HikariPool$HouseKeeper:758 - HikariPool-1 - Thread starvation or clock leap detected (housekeeper delta=13m54s648ms). 
WARN  [2018-12-25 14:27:10,080][] org.springframework.context.annotation.ConfigurationClassPostProcessor:381 - Cannot enhance @Configuration bean definition 'com.alibaba.boot.dubbo.autoconfigure.DubboAutoConfiguration' since its singleton instance has been created too early. The typical cause is a non-static @Bean method with a BeanDefinitionRegistryPostProcessor return type: Consider declaring such methods as 'static'. 
WARN  [2018-12-25 14:27:26,262][] com.zaxxer.hikari.util.DriverDataSource:68 - Registered driver with driverClassName=com.mysql.jdbc.Driver was not found, trying direct instantiation. 
WARN  [2018-12-25 14:29:54,847][] org.springframework.context.annotation.ConfigurationClassPostProcessor:381 - Cannot enhance @Configuration bean definition 'com.alibaba.boot.dubbo.autoconfigure.DubboAutoConfiguration' since its singleton instance has been created too early. The typical cause is a non-static @Bean method with a BeanDefinitionRegistryPostProcessor return type: Consider declaring such methods as 'static'. 
WARN  [2018-12-25 14:30:17,734][] com.zaxxer.hikari.util.DriverDataSource:68 - Registered driver with driverClassName=com.mysql.jdbc.Driver was not found, trying direct instantiation. 
WARN  [2018-12-25 17:10:47,983][] org.springframework.context.annotation.ConfigurationClassPostProcessor:381 - Cannot enhance @Configuration bean definition 'com.alibaba.boot.dubbo.autoconfigure.DubboAutoConfiguration' since its singleton instance has been created too early. The typical cause is a non-static @Bean method with a BeanDefinitionRegistryPostProcessor return type: Consider declaring such methods as 'static'. 
WARN  [2018-12-25 17:29:50,754][] com.zaxxer.hikari.util.DriverDataSource:68 - Registered driver with driverClassName=com.mysql.jdbc.Driver was not found, trying direct instantiation. 
WARN  [2018-12-25 20:14:39,960][] com.zaxxer.hikari.pool.HikariPool$HouseKeeper:758 - HikariPool-1 - Thread starvation or clock leap detected (housekeeper delta=1h14m16s964ms). 
