WARN  [2018-12-21 18:53:02,667][] com.alibaba.dubbo.config.spring.beans.factory.annotation.ServiceAnnotationBeanPostProcessor:265 -  [DUBBO] The BeanDefinition[Root bean: class [com.alibaba.dubbo.config.spring.ServiceBean]; scope=; abstract=false; lazyInit=false; autowireMode=0; dependencyCheck=0; autowireCandidate=true; primary=false; factoryBeanName=null; factoryMethodName=null; initMethodName=null; destroyMethodName=null] of ServiceBean has been registered with name : ServiceBean:loginServiceImpl:com.open.application.common.service.LoginService, dubbo version: 2.6.2, current host: 172.28.3.230 
WARN  [2018-12-21 18:53:10,390][] org.apache.juli.logging.DirectJDKLog:180 - The web application [ROOT] appears to have started a thread named [Abandoned connection cleanup thread] but has failed to stop it. This is very likely to create a memory leak. Stack trace of thread:
 java.lang.Object.wait(Native Method)
 java.lang.ref.ReferenceQueue.remove(ReferenceQueue.java:143)
 com.mysql.cj.jdbc.AbandonedConnectionCleanupThread.run(AbandonedConnectionCleanupThread.java:43) 
WARN  [2018-12-21 19:05:41,635][] com.alibaba.dubbo.config.spring.beans.factory.annotation.ServiceAnnotationBeanPostProcessor:265 -  [DUBBO] The BeanDefinition[Root bean: class [com.alibaba.dubbo.config.spring.ServiceBean]; scope=; abstract=false; lazyInit=false; autowireMode=0; dependencyCheck=0; autowireCandidate=true; primary=false; factoryBeanName=null; factoryMethodName=null; initMethodName=null; destroyMethodName=null] of ServiceBean has been registered with name : ServiceBean:loginServiceImpl:com.open.application.common.service.LoginService, dubbo version: 2.6.2, current host: 172.28.3.230 
WARN  [2018-12-21 19:05:49,458][] org.apache.juli.logging.DirectJDKLog:180 - The web application [ROOT] appears to have started a thread named [Abandoned connection cleanup thread] but has failed to stop it. This is very likely to create a memory leak. Stack trace of thread:
 java.lang.Object.wait(Native Method)
 java.lang.ref.ReferenceQueue.remove(ReferenceQueue.java:143)
 com.mysql.cj.jdbc.AbandonedConnectionCleanupThread.run(AbandonedConnectionCleanupThread.java:43) 
WARN  [2018-12-21 19:32:02,899][] org.springframework.context.annotation.ConfigurationClassPostProcessor:381 - Cannot enhance @Configuration bean definition 'com.alibaba.boot.dubbo.autoconfigure.DubboAutoConfiguration' since its singleton instance has been created too early. The typical cause is a non-static @Bean method with a BeanDefinitionRegistryPostProcessor return type: Consider declaring such methods as 'static'. 
WARN  [2018-12-21 19:42:04,366][] org.springframework.context.annotation.ConfigurationClassPostProcessor:381 - Cannot enhance @Configuration bean definition 'com.alibaba.boot.dubbo.autoconfigure.DubboAutoConfiguration' since its singleton instance has been created too early. The typical cause is a non-static @Bean method with a BeanDefinitionRegistryPostProcessor return type: Consider declaring such methods as 'static'. 
WARN  [2018-12-21 19:43:31,770][] com.zaxxer.hikari.util.DriverDataSource:68 - Registered driver with driverClassName=com.mysql.jdbc.Driver was not found, trying direct instantiation. 
WARN  [2018-12-21 19:45:53,559][] org.springframework.context.annotation.ConfigurationClassPostProcessor:381 - Cannot enhance @Configuration bean definition 'com.alibaba.boot.dubbo.autoconfigure.DubboAutoConfiguration' since its singleton instance has been created too early. The typical cause is a non-static @Bean method with a BeanDefinitionRegistryPostProcessor return type: Consider declaring such methods as 'static'. 
WARN  [2018-12-21 19:49:40,112][] com.zaxxer.hikari.util.DriverDataSource:68 - Registered driver with driverClassName=com.mysql.jdbc.Driver was not found, trying direct instantiation. 
WARN  [2018-12-21 20:34:48,227][] com.zaxxer.hikari.pool.HikariPool$HouseKeeper:758 - HikariPool-1 - Thread starvation or clock leap detected (housekeeper delta=1m7s400ms). 
WARN  [2018-12-21 20:44:09,410][] com.zaxxer.hikari.pool.HikariPool$HouseKeeper:758 - HikariPool-1 - Thread starvation or clock leap detected (housekeeper delta=8m50s816ms). 
WARN  [2018-12-21 21:26:58,094][] com.zaxxer.hikari.pool.HikariPool$HouseKeeper:758 - HikariPool-1 - Thread starvation or clock leap detected (housekeeper delta=42m48s684ms). 
WARN  [2018-12-21 21:32:50,398][] com.zaxxer.hikari.pool.HikariPool$HouseKeeper:758 - HikariPool-1 - Thread starvation or clock leap detected (housekeeper delta=5m20s961ms). 
WARN  [2018-12-21 23:11:19,619][] org.springframework.context.annotation.ConfigurationClassPostProcessor:381 - Cannot enhance @Configuration bean definition 'com.alibaba.boot.dubbo.autoconfigure.DubboAutoConfiguration' since its singleton instance has been created too early. The typical cause is a non-static @Bean method with a BeanDefinitionRegistryPostProcessor return type: Consider declaring such methods as 'static'. 
WARN  [2018-12-21 23:52:22,007][] org.springframework.context.annotation.ConfigurationClassPostProcessor:381 - Cannot enhance @Configuration bean definition 'com.alibaba.boot.dubbo.autoconfigure.DubboAutoConfiguration' since its singleton instance has been created too early. The typical cause is a non-static @Bean method with a BeanDefinitionRegistryPostProcessor return type: Consider declaring such methods as 'static'. 
WARN  [2018-12-21 23:52:22,591][] org.springframework.context.support.AbstractApplicationContext:556 - Exception encountered during context initialization - cancelling refresh attempt: org.springframework.beans.factory.BeanCreationException: Error creating bean with name 'meterRegistryPostProcessor' defined in class path resource [org/springframework/boot/actuate/autoconfigure/metrics/MetricsAutoConfiguration.class]: Initialization of bean failed; nested exception is org.springframework.beans.factory.UnsatisfiedDependencyException: Error creating bean with name 'org.springframework.cache.annotation.ProxyCachingConfiguration': Unsatisfied dependency expressed through method 'setConfigurers' parameter 0; nested exception is org.springframework.beans.factory.UnsatisfiedDependencyException: Error creating bean with name 'redisConfig': Unsatisfied dependency expressed through field 'timeout'; nested exception is org.springframework.beans.TypeMismatchException: Failed to convert value of type 'java.lang.String' to required type 'int'; nested exception is java.lang.NumberFormatException: For input string: "2000ms" 
WARN  [2018-12-21 23:53:25,082][] org.springframework.context.annotation.ConfigurationClassPostProcessor:381 - Cannot enhance @Configuration bean definition 'com.alibaba.boot.dubbo.autoconfigure.DubboAutoConfiguration' since its singleton instance has been created too early. The typical cause is a non-static @Bean method with a BeanDefinitionRegistryPostProcessor return type: Consider declaring such methods as 'static'. 
WARN  [2018-12-21 23:58:14,828][] com.zaxxer.hikari.util.DriverDataSource:68 - Registered driver with driverClassName=com.mysql.jdbc.Driver was not found, trying direct instantiation. 
