INFO  [2019-02-12 15:06:11,008][] com.alibaba.boot.dubbo.context.event.WelcomeLogoApplicationListener:53 - 

 :: Dubbo Spring Boot (v0.2.0) : https://github.com/apache/incubator-dubbo-spring-boot-project
 :: Dubbo (v2.6.2) : https://github.com/apache/incubator-dubbo
 :: Google group : dev@dubbo.incubator.apache.org
 
INFO  [2019-02-12 15:06:11,016][] com.alibaba.boot.dubbo.context.event.OverrideDubboConfigApplicationListener:68 - Dubbo Config was overridden by externalized configuration {} 
INFO  [2019-02-12 15:06:11,768][] org.springframework.context.support.AbstractApplicationContext:590 - Refreshing org.springframework.context.annotation.AnnotationConfigApplicationContext@74c9f666: startup date [Tue Feb 12 15:06:11 CST 2019]; root of context hierarchy 
INFO  [2019-02-12 15:06:12,426][] org.springframework.context.support.PostProcessorRegistrationDelegate$BeanPostProcessorChecker:328 - Bean 'configurationPropertiesRebinderAutoConfiguration' of type [org.springframework.cloud.autoconfigure.ConfigurationPropertiesRebinderAutoConfiguration$$EnhancerBySpringCGLIB$$521d52e1] is not eligible for getting processed by all BeanPostProcessors (for example: not eligible for auto-proxying) 
INFO  [2019-02-12 15:06:12,663][] com.alibaba.boot.dubbo.context.event.AwaitingNonWebApplicationListener$1:61 -  [Dubbo] Current Spring Boot Application is await... 
INFO  [2019-02-12 15:06:12,741][] com.alibaba.boot.dubbo.context.event.WelcomeLogoApplicationListener:53 - 

 :: Dubbo Spring Boot (v0.2.0) : https://github.com/apache/incubator-dubbo-spring-boot-project
 :: Dubbo (v2.6.2) : https://github.com/apache/incubator-dubbo
 :: Google group : dev@dubbo.incubator.apache.org
 
INFO  [2019-02-12 15:06:12,742][] com.alibaba.boot.dubbo.context.event.OverrideDubboConfigApplicationListener:68 - Dubbo Config was overridden by externalized configuration {} 
INFO  [2019-02-12 15:06:12,787][] org.springframework.cloud.config.client.ConfigServicePropertySourceLocator:205 - Fetching config from server at : http://localhost:8888 
INFO  [2019-02-12 15:09:17,975][] org.springframework.cloud.config.client.ConfigServicePropertySourceLocator:227 - Connect Timeout Exception on Url - http://localhost:8888. Will be trying the next url if available 
INFO  [2019-02-12 15:09:18,067][] org.springframework.boot.SpringApplication:659 - No active profile set, falling back to default profiles: default 
INFO  [2019-02-12 15:09:18,165][] org.springframework.context.support.AbstractApplicationContext:590 - Refreshing org.springframework.boot.web.servlet.context.AnnotationConfigServletWebServerApplicationContext@15965681: startup date [Tue Feb 12 15:09:18 CST 2019]; parent: org.springframework.context.annotation.AnnotationConfigApplicationContext@74c9f666 
INFO  [2019-02-12 15:09:19,346][] org.springframework.beans.factory.xml.XmlBeanDefinitionReader:316 - Loading XML bean definitions from class path resource [application-dubbo.xml] 
INFO  [2019-02-12 15:09:20,286][] org.springframework.data.repository.config.RepositoryConfigurationDelegate:163 - Multiple Spring Data modules found, entering strict repository configuration mode! 
INFO  [2019-02-12 15:09:21,651][] org.springframework.cloud.context.scope.GenericScope:294 - BeanFactory id=a3967060-12d7-3ea9-a658-6fbb205b65fd 
INFO  [2019-02-12 17:02:32,338][] com.alibaba.boot.dubbo.context.event.WelcomeLogoApplicationListener:53 - 

 :: Dubbo Spring Boot (v0.2.0) : https://github.com/apache/incubator-dubbo-spring-boot-project
 :: Dubbo (v2.6.2) : https://github.com/apache/incubator-dubbo
 :: Google group : dev@dubbo.incubator.apache.org
 
INFO  [2019-02-12 17:02:32,359][] com.alibaba.boot.dubbo.context.event.OverrideDubboConfigApplicationListener:68 - Dubbo Config was overridden by externalized configuration {} 
INFO  [2019-02-12 17:02:33,947][] org.springframework.context.support.AbstractApplicationContext:590 - Refreshing org.springframework.context.annotation.AnnotationConfigApplicationContext@2e3a15a3: startup date [Tue Feb 12 17:02:33 CST 2019]; root of context hierarchy 
INFO  [2019-02-12 17:02:35,311][] org.springframework.context.support.PostProcessorRegistrationDelegate$BeanPostProcessorChecker:328 - Bean 'configurationPropertiesRebinderAutoConfiguration' of type [org.springframework.cloud.autoconfigure.ConfigurationPropertiesRebinderAutoConfiguration$$EnhancerBySpringCGLIB$$c321944e] is not eligible for getting processed by all BeanPostProcessors (for example: not eligible for auto-proxying) 
INFO  [2019-02-12 17:02:36,272][] com.alibaba.boot.dubbo.context.event.AwaitingNonWebApplicationListener$1:61 -  [Dubbo] Current Spring Boot Application is await... 
INFO  [2019-02-12 17:02:36,483][] com.alibaba.boot.dubbo.context.event.WelcomeLogoApplicationListener:53 - 

 :: Dubbo Spring Boot (v0.2.0) : https://github.com/apache/incubator-dubbo-spring-boot-project
 :: Dubbo (v2.6.2) : https://github.com/apache/incubator-dubbo
 :: Google group : dev@dubbo.incubator.apache.org
 
INFO  [2019-02-12 17:02:36,485][] com.alibaba.boot.dubbo.context.event.OverrideDubboConfigApplicationListener:68 - Dubbo Config was overridden by externalized configuration {} 
INFO  [2019-02-12 17:02:36,667][] org.springframework.cloud.config.client.ConfigServicePropertySourceLocator:205 - Fetching config from server at : http://localhost:8888 
INFO  [2019-02-12 17:02:50,995][] org.springframework.cloud.config.client.ConfigServicePropertySourceLocator:149 - Located environment: name=console, profiles=[dev], label=null, version=e57a7e49c0b610f520d97fb2423eb2063b78fcf0, state=null 
INFO  [2019-02-12 17:02:50,996][] org.springframework.cloud.bootstrap.config.PropertySourceBootstrapConfiguration:98 - Located property source: CompositePropertySource {name='configService', propertySources=[MapPropertySource@231891177 {name='configClient', properties={config.client.version=e57a7e49c0b610f520d97fb2423eb2063b78fcf0}}, MapPropertySource@1794462772 {name='https://github.com/HoYuanhao/application/config/console-dev.properties', properties={spring.dubbo.application.name=application-console-consumer, spring.dubbo.protocol.port=20880, spring.dubbo.protocol.name=dubbo, spring.dubbo.application.id=application-console-consumer, spring.redis.port=6379, spring.dubbo.server=true, spring.dubbo.registry.address=zookeeper://127.0.0.1:2181, spring.redis.host=localhost}}]} 
INFO  [2019-02-12 17:02:51,019][] org.springframework.boot.SpringApplication:659 - No active profile set, falling back to default profiles: default 
INFO  [2019-02-12 17:02:51,072][] org.springframework.context.support.AbstractApplicationContext:590 - Refreshing org.springframework.boot.web.servlet.context.AnnotationConfigServletWebServerApplicationContext@30574509: startup date [Tue Feb 12 17:02:51 CST 2019]; parent: org.springframework.context.annotation.AnnotationConfigApplicationContext@2e3a15a3 
INFO  [2019-02-12 17:02:52,339][] org.springframework.beans.factory.xml.XmlBeanDefinitionReader:316 - Loading XML bean definitions from class path resource [application-dubbo.xml] 
INFO  [2019-02-12 17:02:53,653][] org.springframework.data.repository.config.RepositoryConfigurationDelegate:163 - Multiple Spring Data modules found, entering strict repository configuration mode! 
INFO  [2019-02-12 17:02:55,172][] org.springframework.cloud.context.scope.GenericScope:294 - BeanFactory id=a3967060-12d7-3ea9-a658-6fbb205b65fd 
INFO  [2019-02-12 17:02:55,262][] org.springframework.context.support.PostProcessorRegistrationDelegate$BeanPostProcessorChecker:328 - Bean 'com.alibaba.boot.dubbo.autoconfigure.DubboAutoConfiguration' of type [com.alibaba.boot.dubbo.autoconfigure.DubboAutoConfiguration$$EnhancerBySpringCGLIB$$b60936c3] is not eligible for getting processed by all BeanPostProcessors (for example: not eligible for auto-proxying) 
INFO  [2019-02-12 17:02:55,298][] org.springframework.context.support.PostProcessorRegistrationDelegate$BeanPostProcessorChecker:328 - Bean '${spring.dubbo.application.name}' of type [com.alibaba.dubbo.config.ApplicationConfig] is not eligible for getting processed by all BeanPostProcessors (for example: not eligible for auto-proxying) 
INFO  [2019-02-12 17:02:55,306][] org.springframework.context.support.PostProcessorRegistrationDelegate$BeanPostProcessorChecker:328 - Bean 'com.alibaba.dubbo.config.RegistryConfig' of type [com.alibaba.dubbo.config.RegistryConfig] is not eligible for getting processed by all BeanPostProcessors (for example: not eligible for auto-proxying) 
INFO  [2019-02-12 17:02:55,308][] org.springframework.context.support.PostProcessorRegistrationDelegate$BeanPostProcessorChecker:328 - Bean 'loginService' of type [com.alibaba.dubbo.config.spring.ReferenceBean] is not eligible for getting processed by all BeanPostProcessors (for example: not eligible for auto-proxying) 
INFO  [2019-02-12 17:02:55,326][] org.springframework.context.support.PostProcessorRegistrationDelegate$BeanPostProcessorChecker:328 - Bean 'taskShowService' of type [com.alibaba.dubbo.config.spring.ReferenceBean] is not eligible for getting processed by all BeanPostProcessors (for example: not eligible for auto-proxying) 
INFO  [2019-02-12 17:02:55,339][] org.springframework.context.support.PostProcessorRegistrationDelegate$BeanPostProcessorChecker:328 - Bean 'exceptionService' of type [com.alibaba.dubbo.config.spring.ReferenceBean] is not eligible for getting processed by all BeanPostProcessors (for example: not eligible for auto-proxying) 
INFO  [2019-02-12 17:02:55,355][] org.springframework.context.support.PostProcessorRegistrationDelegate$BeanPostProcessorChecker:328 - Bean 'spiderService' of type [com.alibaba.dubbo.config.spring.ReferenceBean] is not eligible for getting processed by all BeanPostProcessors (for example: not eligible for auto-proxying) 
INFO  [2019-02-12 17:02:55,389][] org.springframework.context.support.PostProcessorRegistrationDelegate$BeanPostProcessorChecker:328 - Bean 'singerService' of type [com.alibaba.dubbo.config.spring.ReferenceBean] is not eligible for getting processed by all BeanPostProcessors (for example: not eligible for auto-proxying) 
INFO  [2019-02-12 17:02:55,401][] org.springframework.context.support.PostProcessorRegistrationDelegate$BeanPostProcessorChecker:328 - Bean 'indexCountService' of type [com.alibaba.dubbo.config.spring.ReferenceBean] is not eligible for getting processed by all BeanPostProcessors (for example: not eligible for auto-proxying) 
INFO  [2019-02-12 17:02:55,805][] org.springframework.context.support.PostProcessorRegistrationDelegate$BeanPostProcessorChecker:328 - Bean 'org.springframework.cloud.autoconfigure.ConfigurationPropertiesRebinderAutoConfiguration' of type [org.springframework.cloud.autoconfigure.ConfigurationPropertiesRebinderAutoConfiguration$$EnhancerBySpringCGLIB$$c321944e] is not eligible for getting processed by all BeanPostProcessors (for example: not eligible for auto-proxying) 
INFO  [2019-02-12 17:02:56,290][] org.springframework.boot.web.embedded.tomcat.TomcatWebServer:91 - Tomcat initialized with port(s): 8088 (http) 
INFO  [2019-02-12 17:02:56,321][] org.apache.juli.logging.DirectJDKLog:180 - Initializing ProtocolHandler ["http-nio-8088"] 
INFO  [2019-02-12 17:02:56,343][] org.apache.juli.logging.DirectJDKLog:180 - Starting service [Tomcat] 
INFO  [2019-02-12 17:02:56,343][] org.apache.juli.logging.DirectJDKLog:180 - Starting Servlet Engine: Apache Tomcat/8.5.31 
INFO  [2019-02-12 17:02:56,371][] org.apache.juli.logging.DirectJDKLog:180 - The APR based Apache Tomcat Native library which allows optimal performance in production environments was not found on the java.library.path: [/Users/yuanhaohe/Library/Java/Extensions:/Library/Java/Extensions:/Network/Library/Java/Extensions:/System/Library/Java/Extensions:/usr/lib/java:.] 
INFO  [2019-02-12 17:02:56,470][] org.apache.juli.logging.DirectJDKLog:180 - Initializing Spring embedded WebApplicationContext 
INFO  [2019-02-12 17:02:56,471][] org.springframework.boot.web.servlet.context.ServletWebServerApplicationContext:285 - Root WebApplicationContext: initialization completed in 5399 ms 
INFO  [2019-02-12 17:02:58,764][] org.springframework.boot.web.servlet.ServletRegistrationBean:186 - Servlet statViewServlet mapped to [/druid/*] 
INFO  [2019-02-12 17:02:58,766][] org.springframework.boot.web.servlet.ServletRegistrationBean:186 - Servlet dispatcherServlet mapped to [/] 
INFO  [2019-02-12 17:02:58,770][] org.springframework.boot.web.servlet.AbstractFilterRegistrationBean:245 - Mapping filter: 'characterEncodingFilter' to: [/*] 
INFO  [2019-02-12 17:02:58,770][] org.springframework.boot.web.servlet.AbstractFilterRegistrationBean:245 - Mapping filter: 'hiddenHttpMethodFilter' to: [/*] 
INFO  [2019-02-12 17:02:58,770][] org.springframework.boot.web.servlet.AbstractFilterRegistrationBean:245 - Mapping filter: 'httpPutFormContentFilter' to: [/*] 
INFO  [2019-02-12 17:02:58,770][] org.springframework.boot.web.servlet.AbstractFilterRegistrationBean:245 - Mapping filter: 'requestContextFilter' to: [/*] 
INFO  [2019-02-12 17:02:58,770][] org.springframework.boot.web.servlet.AbstractFilterRegistrationBean:245 - Mapping filter: 'httpTraceFilter' to: [/*] 
INFO  [2019-02-12 17:02:58,771][] org.springframework.boot.web.servlet.AbstractFilterRegistrationBean:258 - Mapping filter: 'webStatFilter' to urls: [/*] 
INFO  [2019-02-12 17:02:58,771][] org.springframework.boot.web.servlet.AbstractFilterRegistrationBean:245 - Mapping filter: 'webMvcMetricsFilter' to: [/*] 
INFO  [2019-02-12 17:02:58,771][] org.springframework.boot.web.servlet.AbstractFilterRegistrationBean:245 - Mapping filter: 'corsFilter' to: [/*] 
INFO  [2019-02-12 17:02:59,223][] org.apache.curator.utils.Compatibility:41 - Running in ZooKeeper 3.4.x compatibility mode 
INFO  [2019-02-12 17:02:59,292][] org.apache.curator.framework.imps.CuratorFrameworkImpl:290 - Starting 
INFO  [2019-02-12 17:02:59,310][] org.apache.zookeeper.Environment:100 - Client environment:zookeeper.version=3.4.13-2d71af4dbe22557fda74f9a9b4309b15a7487f03, built on 06/29/2018 00:39 GMT 
INFO  [2019-02-12 17:02:59,310][] org.apache.zookeeper.Environment:100 - Client environment:host.name=10.0.0.124 
INFO  [2019-02-12 17:02:59,310][] org.apache.zookeeper.Environment:100 - Client environment:java.version=1.8.0_131 
INFO  [2019-02-12 17:02:59,310][] org.apache.zookeeper.Environment:100 - Client environment:java.vendor=Oracle Corporation 
INFO  [2019-02-12 17:02:59,311][] org.apache.zookeeper.Environment:100 - Client environment:java.home=/Library/Java/JavaVirtualMachines/jdk1.8.0_131.jdk/Contents/Home/jre 
INFO  [2019-02-12 17:02:59,311][] org.apache.zookeeper.Environment:100 - Client environment:java.class.path=/Applications/IntelliJ IDEA.app/Contents/plugins/maven/lib/maven3/boot/plexus-classworlds-2.5.2.jar:/Applications/IntelliJ IDEA.app/Contents/lib/idea_rt.jar 
INFO  [2019-02-12 17:02:59,311][] org.apache.zookeeper.Environment:100 - Client environment:java.library.path=/Users/yuanhaohe/Library/Java/Extensions:/Library/Java/Extensions:/Network/Library/Java/Extensions:/System/Library/Java/Extensions:/usr/lib/java:. 
INFO  [2019-02-12 17:02:59,311][] org.apache.zookeeper.Environment:100 - Client environment:java.io.tmpdir=/var/folders/gp/tgklgs252tl0k2w8d6t3gk400000gn/T/ 
INFO  [2019-02-12 17:02:59,311][] org.apache.zookeeper.Environment:100 - Client environment:java.compiler=<NA> 
INFO  [2019-02-12 17:02:59,311][] org.apache.zookeeper.Environment:100 - Client environment:os.name=Mac OS X 
INFO  [2019-02-12 17:02:59,312][] org.apache.zookeeper.Environment:100 - Client environment:os.arch=x86_64 
INFO  [2019-02-12 17:02:59,312][] org.apache.zookeeper.Environment:100 - Client environment:os.version=10.13.6 
INFO  [2019-02-12 17:02:59,312][] org.apache.zookeeper.Environment:100 - Client environment:user.name=yuanhaohe 
INFO  [2019-02-12 17:02:59,312][] org.apache.zookeeper.Environment:100 - Client environment:user.home=/Users/yuanhaohe 
INFO  [2019-02-12 17:02:59,312][] org.apache.zookeeper.Environment:100 - Client environment:user.dir=/Users/yuanhaohe/workspace/application/application-console 
INFO  [2019-02-12 17:02:59,323][] org.apache.zookeeper.ZooKeeper:442 - Initiating client connection, connectString=127.0.0.1:2181 sessionTimeout=60000 watcher=org.apache.curator.ConnectionState@73d89eb2 
INFO  [2019-02-12 17:02:59,394][] org.apache.zookeeper.ClientCnxn$SendThread:1029 - Opening socket connection to server localhost/127.0.0.1:2181. Will not attempt to authenticate using SASL (unknown error) 
INFO  [2019-02-12 17:02:59,405][] org.apache.zookeeper.ClientCnxn$SendThread:879 - Socket connection established to localhost/127.0.0.1:2181, initiating session 
INFO  [2019-02-12 17:02:59,412][] org.apache.curator.framework.imps.CuratorFrameworkImpl:332 - Default schema 
INFO  [2019-02-12 17:02:59,427][] org.apache.zookeeper.ClientCnxn$SendThread:1303 - Session establishment complete on server localhost/127.0.0.1:2181, sessionid = 0x10000e7d9970011, negotiated timeout = 40000 
INFO  [2019-02-12 17:02:59,437][] org.apache.curator.framework.state.ConnectionStateManager:237 - State change: CONNECTED 
INFO  [2019-02-12 17:03:00,412][] com.alibaba.dubbo.config.spring.beans.factory.annotation.AbstractAnnotationConfigBeanBuilder:79 - <dubbo:reference object="com.alibaba.dubbo.common.bytecode.proxy2@b1d737e" singleton="true" interface="com.open.application.common.service.LoginService" uniqueServiceName="com.open.application.common.service.LoginService" generic="false" id="com.open.application.common.service.LoginService" /> has been built. 
INFO  [2019-02-12 17:03:00,940][] org.springframework.scheduling.concurrent.ExecutorConfigurationSupport:171 - Initializing ExecutorService  'threadPoolTaskScheduler' 
INFO  [2019-02-12 17:03:01,132][] org.springframework.web.servlet.handler.AbstractUrlHandlerMapping:373 - Mapped URL path [/**/favicon.ico] onto handler of type [class org.springframework.web.servlet.resource.ResourceHttpRequestHandler] 
INFO  [2019-02-12 17:03:01,847][] org.springframework.web.servlet.mvc.method.annotation.RequestMappingHandlerAdapter:574 - Looking for @ControllerAdvice: org.springframework.boot.web.servlet.context.AnnotationConfigServletWebServerApplicationContext@30574509: startup date [Tue Feb 12 17:02:51 CST 2019]; parent: org.springframework.context.annotation.AnnotationConfigApplicationContext@2e3a15a3 
INFO  [2019-02-12 17:03:02,006][] org.springframework.web.servlet.handler.AbstractHandlerMethodMapping$MappingRegistry:547 - Mapped "{[/data/showPanelGroupData]}" onto public com.alibaba.fastjson.JSONObject com.open.application.console.controller.IndexController.showPanelGroupData(java.lang.String,java.lang.String) 
INFO  [2019-02-12 17:03:02,007][] org.springframework.web.servlet.handler.AbstractHandlerMethodMapping$MappingRegistry:547 - Mapped "{[/data/showLineChartData],methods=[GET]}" onto public com.alibaba.fastjson.JSONObject com.open.application.console.controller.IndexController.showPanelGroupData(java.lang.String,java.lang.String,java.lang.String) 
INFO  [2019-02-12 17:03:02,007][] org.springframework.web.servlet.handler.AbstractHandlerMethodMapping$MappingRegistry:547 - Mapped "{[/data/showPieChartData],methods=[GET]}" onto public com.open.application.common.models.PieChart com.open.application.console.controller.IndexController.showPieChartData(java.lang.String,java.lang.String) 
INFO  [2019-02-12 17:03:02,008][] org.springframework.web.servlet.handler.AbstractHandlerMethodMapping$MappingRegistry:547 - Mapped "{[/data/showBarChartData],methods=[GET]}" onto public com.open.application.common.models.BarChart com.open.application.console.controller.IndexController.showBarChartData(java.lang.String,java.lang.String) 
INFO  [2019-02-12 17:03:02,011][] org.springframework.web.servlet.handler.AbstractHandlerMethodMapping$MappingRegistry:547 - Mapped "{[/data/showTransactionTableData],methods=[GET]}" onto private java.util.List<com.open.application.common.models.TaskMessage> com.open.application.console.controller.IndexController.showTransactionTableData(java.lang.String,java.lang.String) 
INFO  [2019-02-12 17:03:02,012][] org.springframework.web.servlet.handler.AbstractHandlerMethodMapping$MappingRegistry:547 - Mapped "{[/login/user/info],methods=[GET],produces=[application/json;charset=utf-8]}" onto public com.alibaba.fastjson.JSONObject com.open.application.console.controller.LoginController.userInfo(java.lang.String) 
INFO  [2019-02-12 17:03:02,014][] org.springframework.web.servlet.handler.AbstractHandlerMethodMapping$MappingRegistry:547 - Mapped "{[/login/login],methods=[POST],produces=[application/json;charset=utf-8]}" onto public com.alibaba.fastjson.JSONObject com.open.application.console.controller.LoginController.login(com.open.application.common.models.LoginInfo) 
INFO  [2019-02-12 17:03:02,016][] org.springframework.web.servlet.handler.AbstractHandlerMethodMapping$MappingRegistry:547 - Mapped "{[/singer/getSingerLimit]}" onto public com.alibaba.fastjson.JSONObject com.open.application.console.controller.SingerController.getAllSingerLimit(java.lang.Integer,java.lang.Integer,java.lang.String,java.lang.String) 
INFO  [2019-02-12 17:03:02,016][] org.springframework.web.servlet.handler.AbstractHandlerMethodMapping$MappingRegistry:547 - Mapped "{[/singer/searchSinger]}" onto public com.alibaba.fastjson.JSONObject com.open.application.console.controller.SingerController.searchSinger(java.lang.Integer,java.lang.Integer,java.lang.String,java.lang.String,java.lang.String,java.lang.String,java.lang.String) 
INFO  [2019-02-12 17:03:02,017][] org.springframework.web.servlet.handler.AbstractHandlerMethodMapping$MappingRegistry:547 - Mapped "{[/spider/operation]}" onto public com.alibaba.fastjson.JSONObject com.open.application.console.controller.SpiderController.operationSpider(java.lang.String,java.lang.String,java.lang.Integer) 
INFO  [2019-02-12 17:03:02,042][] org.springframework.web.servlet.handler.AbstractHandlerMethodMapping$MappingRegistry:547 - Mapped "{[/task/q],methods=[GET]}" onto public java.util.List com.open.application.console.controller.TaskShowController.getExceptionType(java.lang.String,java.lang.String,java.lang.String) 
INFO  [2019-02-12 17:03:02,042][] org.springframework.web.servlet.handler.AbstractHandlerMethodMapping$MappingRegistry:547 - Mapped "{[/task/showTaskData],methods=[GET]}" onto public com.alibaba.fastjson.JSONObject com.open.application.console.controller.TaskShowController.showTaskData(java.lang.String,java.lang.String,java.lang.Integer,java.lang.Integer,boolean) 
INFO  [2019-02-12 17:03:02,042][] org.springframework.web.servlet.handler.AbstractHandlerMethodMapping$MappingRegistry:547 - Mapped "{[/task/searchTask],methods=[GET]}" onto public java.util.Map com.open.application.console.controller.TaskShowController.searchTask(java.lang.String,java.lang.String,java.lang.String,java.lang.String,java.lang.Integer,java.lang.Integer,java.lang.Integer,java.lang.String) 
INFO  [2019-02-12 17:03:02,043][] org.springframework.web.servlet.handler.AbstractHandlerMethodMapping$MappingRegistry:547 - Mapped "{[/task/newTask],methods=[POST]}" onto public com.alibaba.fastjson.JSONObject com.open.application.console.controller.TaskShowController.newTask(com.open.application.common.models.Task) 
INFO  [2019-02-12 17:03:02,043][] org.springframework.web.servlet.handler.AbstractHandlerMethodMapping$MappingRegistry:547 - Mapped "{[/task/getTaskIDs],methods=[GET]}" onto public java.util.List com.open.application.console.controller.TaskShowController.getTaskIDs(java.lang.String,java.lang.String) 
INFO  [2019-02-12 17:03:02,043][] org.springframework.web.servlet.handler.AbstractHandlerMethodMapping$MappingRegistry:547 - Mapped "{[/task/s],methods=[GET]}" onto public java.util.Map com.open.application.console.controller.TaskShowController.searchExceptionType(java.lang.String,java.lang.String,java.lang.String,java.lang.String,java.lang.String,java.lang.Integer,java.lang.Integer) 
INFO  [2019-02-12 17:03:02,050][] org.springframework.web.servlet.handler.AbstractHandlerMethodMapping$MappingRegistry:547 - Mapped "{[/error]}" onto public org.springframework.http.ResponseEntity<java.util.Map<java.lang.String, java.lang.Object>> org.springframework.boot.autoconfigure.web.servlet.error.BasicErrorController.error(javax.servlet.http.HttpServletRequest) 
INFO  [2019-02-12 17:03:02,051][] org.springframework.web.servlet.handler.AbstractHandlerMethodMapping$MappingRegistry:547 - Mapped "{[/error],produces=[text/html]}" onto public org.springframework.web.servlet.ModelAndView org.springframework.boot.autoconfigure.web.servlet.error.BasicErrorController.errorHtml(javax.servlet.http.HttpServletRequest,javax.servlet.http.HttpServletResponse) 
INFO  [2019-02-12 17:03:02,267][] org.springframework.web.servlet.handler.AbstractUrlHandlerMapping:373 - Mapped URL path [/webjars/**] onto handler of type [class org.springframework.web.servlet.resource.ResourceHttpRequestHandler] 
INFO  [2019-02-12 17:03:02,268][] org.springframework.web.servlet.handler.AbstractUrlHandlerMapping:373 - Mapped URL path [/**] onto handler of type [class org.springframework.web.servlet.resource.ResourceHttpRequestHandler] 
INFO  [2019-02-12 17:03:04,081][] org.springframework.boot.actuate.endpoint.web.EndpointLinksResolver:59 - Exposing 2 endpoint(s) beneath base path '/actuator' 
INFO  [2019-02-12 17:03:04,103][] org.springframework.web.servlet.handler.AbstractHandlerMethodMapping$MappingRegistry:547 - Mapped "{[/actuator/health],methods=[GET],produces=[application/vnd.spring-boot.actuator.v2+json || application/json]}" onto public java.lang.Object org.springframework.boot.actuate.endpoint.web.servlet.AbstractWebMvcEndpointHandlerMapping$OperationHandler.handle(javax.servlet.http.HttpServletRequest,java.util.Map<java.lang.String, java.lang.String>) 
INFO  [2019-02-12 17:03:04,104][] org.springframework.web.servlet.handler.AbstractHandlerMethodMapping$MappingRegistry:547 - Mapped "{[/actuator/info],methods=[GET],produces=[application/vnd.spring-boot.actuator.v2+json || application/json]}" onto public java.lang.Object org.springframework.boot.actuate.endpoint.web.servlet.AbstractWebMvcEndpointHandlerMapping$OperationHandler.handle(javax.servlet.http.HttpServletRequest,java.util.Map<java.lang.String, java.lang.String>) 
INFO  [2019-02-12 17:03:04,105][] org.springframework.web.servlet.handler.AbstractHandlerMethodMapping$MappingRegistry:547 - Mapped "{[/actuator],methods=[GET],produces=[application/vnd.spring-boot.actuator.v2+json || application/json]}" onto protected java.util.Map<java.lang.String, java.util.Map<java.lang.String, org.springframework.boot.actuate.endpoint.web.Link>> org.springframework.boot.actuate.endpoint.web.servlet.WebMvcEndpointHandlerMapping.links(javax.servlet.http.HttpServletRequest,javax.servlet.http.HttpServletResponse) 
INFO  [2019-02-12 17:03:04,234][] org.springframework.jmx.export.MBeanExporter:433 - Registering beans for JMX exposure on startup 
INFO  [2019-02-12 17:03:04,244][] org.springframework.jmx.export.MBeanExporter:895 - Bean with name 'environmentManager' has been autodetected for JMX exposure 
INFO  [2019-02-12 17:03:04,266][] org.springframework.jmx.export.MBeanExporter:895 - Bean with name 'refreshScope' has been autodetected for JMX exposure 
INFO  [2019-02-12 17:03:04,268][] org.springframework.jmx.export.MBeanExporter:895 - Bean with name 'configurationPropertiesRebinder' has been autodetected for JMX exposure 
INFO  [2019-02-12 17:03:04,272][] org.springframework.jmx.export.MBeanExporter:675 - Located managed bean 'environmentManager': registering with JMX server as MBean [org.springframework.cloud.context.environment:name=environmentManager,type=EnvironmentManager] 
INFO  [2019-02-12 17:03:04,291][] org.springframework.jmx.export.MBeanExporter:675 - Located managed bean 'refreshScope': registering with JMX server as MBean [org.springframework.cloud.context.scope.refresh:name=refreshScope,type=RefreshScope] 
INFO  [2019-02-12 17:03:04,308][] org.springframework.jmx.export.MBeanExporter:675 - Located managed bean 'configurationPropertiesRebinder': registering with JMX server as MBean [org.springframework.cloud.context.properties:name=configurationPropertiesRebinder,context=30574509,type=ConfigurationPropertiesRebinder] 
INFO  [2019-02-12 17:03:04,414][] org.apache.juli.logging.DirectJDKLog:180 - Starting ProtocolHandler ["http-nio-8088"] 
INFO  [2019-02-12 17:03:04,416][] org.apache.juli.logging.DirectJDKLog:180 - Using a shared selector for servlet write/read 
INFO  [2019-02-12 17:03:04,459][] org.springframework.boot.web.embedded.tomcat.TomcatWebServer:206 - Tomcat started on port(s): 8088 (http) with context path '' 
INFO  [2019-02-12 17:03:04,475][] org.springframework.boot.StartupInfoLogger:59 - Started App in 33.2 seconds (JVM running for 47.137) 
INFO  [2019-02-12 17:03:14,049][] org.apache.juli.logging.DirectJDKLog:180 - Initializing Spring FrameworkServlet 'dispatcherServlet' 
INFO  [2019-02-12 17:03:14,050][] org.springframework.web.servlet.FrameworkServlet:494 - FrameworkServlet 'dispatcherServlet': initialization started 
INFO  [2019-02-12 17:03:14,313][] org.springframework.web.servlet.FrameworkServlet:509 - FrameworkServlet 'dispatcherServlet': initialization completed in 261 ms 
INFO  [2019-02-12 17:03:18,947][] com.open.application.console.controller.LoginController:53 - get username=root123 and id =cd6821a74a4f4f7da591e316e66a7410 info 
INFO  [2019-02-12 17:06:51,877][] com.open.application.console.controller.LoginController:53 - get username=root123 and id =cd6821a74a4f4f7da591e316e66a7410 info 
INFO  [2019-02-12 17:32:22,464][] com.open.application.console.controller.LoginController:53 - get username=root123 and id =cd6821a74a4f4f7da591e316e66a7410 info 
INFO  [2019-02-12 17:33:29,560][] com.open.application.console.controller.TaskShowController:93 - [0f6bc07ec326468dba3b71f59d00a527, 22379e62522c46ca9e66b9e02b8257a8, 26a453ab91864bafbff1ea86ba288024, 2d1081b5a428415d8fc2a739be544767, 44a92cce295246aeb4b5675455ff0d32, 4c8d35e569f545ba82a83834207348de, 4ee721bbb3634311b9fbd7928f16c31d, 5618df2ce1f8466582ff6ee769d73f41, 7ab75a0c59ec47038ccdc7b4ce6cf289, 8b412e1bd30d4281af5e10fc94ef0334] 
INFO  [2019-02-12 17:33:40,229][] com.open.application.console.controller.TaskShowController:93 - [0f6bc07ec326468dba3b71f59d00a527, 22379e62522c46ca9e66b9e02b8257a8, 26a453ab91864bafbff1ea86ba288024, 2d1081b5a428415d8fc2a739be544767, 44a92cce295246aeb4b5675455ff0d32, 4c8d35e569f545ba82a83834207348de, 4ee721bbb3634311b9fbd7928f16c31d, 5618df2ce1f8466582ff6ee769d73f41, 7ab75a0c59ec47038ccdc7b4ce6cf289, 8b412e1bd30d4281af5e10fc94ef0334] 
INFO  [2019-02-12 17:34:46,596][] com.open.application.console.controller.TaskShowController:93 - [0f6bc07ec326468dba3b71f59d00a527, 22379e62522c46ca9e66b9e02b8257a8, 26a453ab91864bafbff1ea86ba288024, 2d1081b5a428415d8fc2a739be544767, 44a92cce295246aeb4b5675455ff0d32, 4c8d35e569f545ba82a83834207348de, 4ee721bbb3634311b9fbd7928f16c31d, 5618df2ce1f8466582ff6ee769d73f41, 7ab75a0c59ec47038ccdc7b4ce6cf289, 8b412e1bd30d4281af5e10fc94ef0334] 
INFO  [2019-02-12 17:40:27,255][] com.open.application.console.controller.LoginController:53 - get username=root123 and id =cd6821a74a4f4f7da591e316e66a7410 info 
INFO  [2019-02-12 17:53:52,380][] com.open.application.console.controller.TaskShowController:93 - [0f6bc07ec326468dba3b71f59d00a527, 22379e62522c46ca9e66b9e02b8257a8, 26a453ab91864bafbff1ea86ba288024, 2d1081b5a428415d8fc2a739be544767, 44a92cce295246aeb4b5675455ff0d32, 4ee721bbb3634311b9fbd7928f16c31d, 7ab75a0c59ec47038ccdc7b4ce6cf289, 8b412e1bd30d4281af5e10fc94ef0334] 
INFO  [2019-02-12 18:01:34,861][] com.open.application.console.controller.TaskShowController:93 - [0f6bc07ec326468dba3b71f59d00a527, 22379e62522c46ca9e66b9e02b8257a8, 26a453ab91864bafbff1ea86ba288024, 2d1081b5a428415d8fc2a739be544767, 44a92cce295246aeb4b5675455ff0d32, 4ee721bbb3634311b9fbd7928f16c31d, 7ab75a0c59ec47038ccdc7b4ce6cf289, 8b412e1bd30d4281af5e10fc94ef0334] 
