WARN  [2018-12-21 15:08:37,311][] org.springframework.web.servlet.handler.AbstractHandlerExceptionResolver:140 - Resolved [org.springframework.web.HttpRequestMethodNotSupportedException: Request method 'GET' not supported] 
WARN  [2018-12-21 15:20:21,436][] org.springframework.web.servlet.handler.AbstractHandlerExceptionResolver:140 - Resolved [org.springframework.http.converter.HttpMessageNotReadableException: JSON parse error: default constructor not found. class com.open.application.common.models.LoginInfo; nested exception is com.alibaba.fastjson.JSONException: default constructor not found. class com.open.application.common.models.LoginInfo] 
WARN  [2018-12-21 15:20:33,839][] org.springframework.web.servlet.handler.AbstractHandlerExceptionResolver:140 - Resolved [org.springframework.http.converter.HttpMessageNotReadableException: JSON parse error: default constructor not found. class com.open.application.common.models.LoginInfo; nested exception is com.alibaba.fastjson.JSONException: default constructor not found. class com.open.application.common.models.LoginInfo] 
WARN  [2018-12-21 15:22:19,754][] org.springframework.web.servlet.handler.AbstractHandlerExceptionResolver:140 - Resolved [org.springframework.http.converter.HttpMessageNotReadableException: JSON parse error: default constructor not found. class com.open.application.common.models.LoginInfo; nested exception is com.alibaba.fastjson.JSONException: default constructor not found. class com.open.application.common.models.LoginInfo] 
WARN  [2018-12-21 15:23:10,153][] org.springframework.web.servlet.handler.AbstractHandlerExceptionResolver:140 - Resolved [org.springframework.http.converter.HttpMessageNotReadableException: JSON parse error: default constructor not found. class com.open.application.common.models.LoginInfo; nested exception is com.alibaba.fastjson.JSONException: default constructor not found. class com.open.application.common.models.LoginInfo] 
WARN  [2018-12-21 15:24:12,055][] org.springframework.web.servlet.handler.AbstractHandlerExceptionResolver:140 - Resolved [org.springframework.http.converter.HttpMessageNotReadableException: JSON parse error: not match : - a, info : pos 14, line 2, column 14{
"username”:"asddsaa",
"password":"asddsaasd"
}; nested exception is com.alibaba.fastjson.JSONException: not match : - a, info : pos 14, line 2, column 14{
"username”:"asddsaa",
"password":"asddsaasd"
}] 
WARN  [2018-12-21 15:24:36,803][] org.springframework.web.servlet.handler.AbstractHandlerExceptionResolver:140 - Resolved [org.springframework.http.converter.HttpMessageNotReadableException: JSON parse error: not match : - a, info : pos 14, line 2, column 14{
"username”:"asddsaa",
"password":"asddsaasd"
}; nested exception is com.alibaba.fastjson.JSONException: not match : - a, info : pos 14, line 2, column 14{
"username”:"asddsaa",
"password":"asddsaasd"
}] 
WARN  [2018-12-21 18:37:50,090][] com.alibaba.dubbo.config.AbstractConfig:484 -  [DUBBO] null, dubbo version: 2.6.2, current host: 172.28.3.230 
java.lang.reflect.InvocationTargetException: null
	at sun.reflect.NativeMethodAccessorImpl.invoke0(Native Method)
	at sun.reflect.NativeMethodAccessorImpl.invoke(NativeMethodAccessorImpl.java:62)
	at sun.reflect.DelegatingMethodAccessorImpl.invoke(DelegatingMethodAccessorImpl.java:43)
	at java.lang.reflect.Method.invoke(Method.java:498)
	at com.alibaba.dubbo.config.AbstractConfig.toString(AbstractConfig.java:474)
	at java.lang.String.valueOf(String.java:2994)
	at java.lang.StringBuilder.append(StringBuilder.java:131)
	at com.alibaba.dubbo.config.spring.beans.factory.annotation.AbstractAnnotationConfigBeanBuilder.build(AbstractAnnotationConfigBeanBuilder.java:79)
	at com.alibaba.dubbo.config.spring.beans.factory.annotation.ReferenceAnnotationBeanPostProcessor.buildReferenceBean(ReferenceAnnotationBeanPostProcessor.java:385)
	at com.alibaba.dubbo.config.spring.beans.factory.annotation.ReferenceAnnotationBeanPostProcessor.access$100(ReferenceAnnotationBeanPostProcessor.java:65)
	at com.alibaba.dubbo.config.spring.beans.factory.annotation.ReferenceAnnotationBeanPostProcessor$ReferenceFieldElement.inject(ReferenceAnnotationBeanPostProcessor.java:363)
	at org.springframework.beans.factory.annotation.InjectionMetadata.inject(InjectionMetadata.java:90)
	at com.alibaba.dubbo.config.spring.beans.factory.annotation.ReferenceAnnotationBeanPostProcessor.postProcessPropertyValues(ReferenceAnnotationBeanPostProcessor.java:92)
	at org.springframework.beans.factory.support.AbstractAutowireCapableBeanFactory.populateBean(AbstractAutowireCapableBeanFactory.java:1336)
	at org.springframework.beans.factory.support.AbstractAutowireCapableBeanFactory.doCreateBean(AbstractAutowireCapableBeanFactory.java:572)
	at org.springframework.beans.factory.support.AbstractAutowireCapableBeanFactory.createBean(AbstractAutowireCapableBeanFactory.java:495)
	at org.springframework.beans.factory.support.AbstractBeanFactory.lambda$doGetBean$0(AbstractBeanFactory.java:317)
	at org.springframework.beans.factory.support.DefaultSingletonBeanRegistry.getSingleton(DefaultSingletonBeanRegistry.java:222)
	at org.springframework.beans.factory.support.AbstractBeanFactory.doGetBean(AbstractBeanFactory.java:315)
	at org.springframework.beans.factory.support.AbstractBeanFactory.getBean(AbstractBeanFactory.java:199)
	at org.springframework.beans.factory.support.DefaultListableBeanFactory.preInstantiateSingletons(DefaultListableBeanFactory.java:759)
	at org.springframework.context.support.AbstractApplicationContext.finishBeanFactoryInitialization(AbstractApplicationContext.java:867)
	at org.springframework.context.support.AbstractApplicationContext.refresh(AbstractApplicationContext.java:548)
	at org.springframework.boot.web.servlet.context.ServletWebServerApplicationContext.refresh(ServletWebServerApplicationContext.java:140)
	at org.springframework.boot.SpringApplication.refresh(SpringApplication.java:754)
	at org.springframework.boot.SpringApplication.refreshContext(SpringApplication.java:386)
	at org.springframework.boot.SpringApplication.run(SpringApplication.java:307)
	at org.springframework.boot.builder.SpringApplicationBuilder.run(SpringApplicationBuilder.java:137)
	at com.open.application.console.App.main(App.java:13)
	at sun.reflect.NativeMethodAccessorImpl.invoke0(Native Method)
	at sun.reflect.NativeMethodAccessorImpl.invoke(NativeMethodAccessorImpl.java:62)
	at sun.reflect.DelegatingMethodAccessorImpl.invoke(DelegatingMethodAccessorImpl.java:43)
	at java.lang.reflect.Method.invoke(Method.java:498)
	at org.springframework.boot.maven.AbstractRunMojo$LaunchRunner.run(AbstractRunMojo.java:497)
	at java.lang.Thread.run(Thread.java:748)
Caused by: java.lang.IllegalStateException: No such application config! Please add <dubbo:application name="..." /> to your spring config.
	at com.alibaba.dubbo.config.AbstractInterfaceConfig.checkApplication(AbstractInterfaceConfig.java:143)
	at com.alibaba.dubbo.config.ReferenceConfig.init(ReferenceConfig.java:278)
	at com.alibaba.dubbo.config.ReferenceConfig.get(ReferenceConfig.java:163)
	at com.alibaba.dubbo.config.spring.ReferenceBean.getObject(ReferenceBean.java:66)
	... 35 common frames omitted
