DEBUG [2018-12-24 00:00:01,258][] org.springframework.web.servlet.handler.AbstractHandlerMethodMapping:314 - Looking up handler method for path /login/user/info 
DEBUG [2018-12-24 00:00:01,300][] org.springframework.web.servlet.handler.AbstractHandlerMethodMapping:324 - Did not find handler method for [/login/user/info] 
DEBUG [2018-12-24 00:00:01,302][] org.springframework.web.servlet.handler.AbstractHandlerMethodMapping:314 - Looking up handler method for path /login/user/info 
DEBUG [2018-12-24 00:00:01,303][] org.springframework.web.servlet.handler.AbstractHandlerMethodMapping:324 - Did not find handler method for [/login/user/info] 
DEBUG [2018-12-24 00:00:01,303][] org.springframework.web.servlet.handler.AbstractHandlerMethodMapping:314 - Looking up handler method for path /login/user/info 
DEBUG [2018-12-24 00:00:01,303][] org.springframework.web.servlet.handler.AbstractHandlerMethodMapping:321 - Returning handler method [public com.alibaba.fastjson.JSONObject com.open.application.console.controller.LoginController.userInfo(java.lang.String)] 
DEBUG [2018-12-24 00:00:01,304][] org.springframework.beans.factory.support.AbstractBeanFactory:254 - Returning cached instance of singleton bean 'loginController' 
DEBUG [2018-12-24 00:00:01,304][] org.springframework.web.filter.RequestContextFilter:114 - Bound request context to thread: org.apache.catalina.connector.RequestFacade@6e0bd87e 
DEBUG [2018-12-24 00:00:01,306][] org.springframework.web.filter.RequestContextFilter:104 - Cleared thread-bound request context: org.apache.catalina.connector.RequestFacade@6e0bd87e 
DEBUG [2018-12-24 00:00:01,310][] org.springframework.web.servlet.handler.AbstractHandlerMethodMapping:314 - Looking up handler method for path /login/user/info 
DEBUG [2018-12-24 00:00:01,312][] org.springframework.web.servlet.handler.AbstractHandlerMethodMapping:324 - Did not find handler method for [/login/user/info] 
DEBUG [2018-12-24 00:00:01,312][] org.springframework.web.servlet.handler.AbstractHandlerMethodMapping:314 - Looking up handler method for path /login/user/info 
DEBUG [2018-12-24 00:00:01,312][] org.springframework.web.servlet.handler.AbstractHandlerMethodMapping:324 - Did not find handler method for [/login/user/info] 
DEBUG [2018-12-24 00:00:01,313][] org.springframework.web.servlet.handler.AbstractHandlerMethodMapping:314 - Looking up handler method for path /login/user/info 
DEBUG [2018-12-24 00:00:01,313][] org.springframework.web.servlet.handler.AbstractHandlerMethodMapping:321 - Returning handler method [public com.alibaba.fastjson.JSONObject com.open.application.console.controller.LoginController.userInfo(java.lang.String)] 
DEBUG [2018-12-24 00:00:01,313][] org.springframework.beans.factory.support.AbstractBeanFactory:254 - Returning cached instance of singleton bean 'loginController' 
DEBUG [2018-12-24 00:00:01,313][] org.springframework.web.filter.RequestContextFilter:114 - Bound request context to thread: org.apache.catalina.connector.RequestFacade@6e0bd87e 
DEBUG [2018-12-24 00:00:01,314][] org.springframework.web.servlet.DispatcherServlet:891 - DispatcherServlet with name 'dispatcherServlet' processing GET request for [/login/user/info] 
DEBUG [2018-12-24 00:00:01,314][] org.springframework.web.servlet.handler.AbstractHandlerMethodMapping:314 - Looking up handler method for path /login/user/info 
DEBUG [2018-12-24 00:00:01,314][] org.springframework.web.servlet.handler.AbstractHandlerMethodMapping:324 - Did not find handler method for [/login/user/info] 
DEBUG [2018-12-24 00:00:01,315][] org.springframework.web.servlet.handler.AbstractHandlerMethodMapping:314 - Looking up handler method for path /login/user/info 
DEBUG [2018-12-24 00:00:01,315][] org.springframework.web.servlet.handler.AbstractHandlerMethodMapping:324 - Did not find handler method for [/login/user/info] 
DEBUG [2018-12-24 00:00:01,316][] org.springframework.web.servlet.handler.AbstractHandlerMethodMapping:314 - Looking up handler method for path /login/user/info 
DEBUG [2018-12-24 00:00:01,316][] org.springframework.web.servlet.handler.AbstractHandlerMethodMapping:321 - Returning handler method [public com.alibaba.fastjson.JSONObject com.open.application.console.controller.LoginController.userInfo(java.lang.String)] 
DEBUG [2018-12-24 00:00:01,317][] org.springframework.beans.factory.support.AbstractBeanFactory:254 - Returning cached instance of singleton bean 'loginController' 
DEBUG [2018-12-24 00:00:01,317][] org.springframework.web.servlet.DispatcherServlet:979 - Last-Modified value for [/login/user/info] is: -1 
DEBUG [2018-12-24 00:00:01,318][] org.springframework.web.cors.DefaultCorsProcessor:71 - Skip CORS processing: response already contains "Access-Control-Allow-Origin" header 
DEBUG [2018-12-24 00:00:01,385][] org.springframework.web.servlet.mvc.method.annotation.AbstractMessageConverterMethodProcessor:278 - Written [{"userInfo":{"createTime":1544916549000,"isBanned":0,"isDeleted":0,"role":"admin","uid":"cd6821a74a4f4f7da591e316e66a7410","username":"root123"},"status":200}] as "application/json;charset=utf-8" using [com.alibaba.fastjson.support.spring.FastJsonHttpMessageConverter@7d74248c] 
DEBUG [2018-12-24 00:00:01,386][] org.springframework.web.servlet.DispatcherServlet:1076 - Null ModelAndView returned to DispatcherServlet with name 'dispatcherServlet': assuming HandlerAdapter completed request handling 
DEBUG [2018-12-24 00:00:01,387][] org.springframework.web.servlet.FrameworkServlet:1000 - Successfully completed request 
DEBUG [2018-12-24 00:00:01,387][] org.springframework.web.filter.RequestContextFilter:104 - Cleared thread-bound request context: org.apache.catalina.connector.RequestFacade@6e0bd87e 
DEBUG [2018-12-24 00:01:11,687][] org.springframework.web.servlet.handler.AbstractHandlerMethodMapping:314 - Looking up handler method for path /login/user/info 
DEBUG [2018-12-24 00:01:11,695][] org.springframework.web.servlet.handler.AbstractHandlerMethodMapping:324 - Did not find handler method for [/login/user/info] 
DEBUG [2018-12-24 00:01:11,695][] org.springframework.web.servlet.handler.AbstractHandlerMethodMapping:314 - Looking up handler method for path /login/user/info 
DEBUG [2018-12-24 00:01:11,695][] org.springframework.web.servlet.handler.AbstractHandlerMethodMapping:324 - Did not find handler method for [/login/user/info] 
DEBUG [2018-12-24 00:01:11,696][] org.springframework.web.servlet.handler.AbstractHandlerMethodMapping:314 - Looking up handler method for path /login/user/info 
DEBUG [2018-12-24 00:01:11,697][] org.springframework.web.servlet.handler.AbstractHandlerMethodMapping:321 - Returning handler method [public com.alibaba.fastjson.JSONObject com.open.application.console.controller.LoginController.userInfo(java.lang.String)] 
DEBUG [2018-12-24 00:01:11,698][] org.springframework.beans.factory.support.AbstractBeanFactory:254 - Returning cached instance of singleton bean 'loginController' 
DEBUG [2018-12-24 00:01:11,709][] org.springframework.web.filter.RequestContextFilter:114 - Bound request context to thread: org.apache.catalina.connector.RequestFacade@6e0bd87e 
DEBUG [2018-12-24 00:01:11,720][] org.springframework.web.filter.RequestContextFilter:104 - Cleared thread-bound request context: org.apache.catalina.connector.RequestFacade@6e0bd87e 
DEBUG [2018-12-24 00:01:11,739][] org.springframework.web.servlet.handler.AbstractHandlerMethodMapping:314 - Looking up handler method for path /login/user/info 
DEBUG [2018-12-24 00:01:11,741][] org.springframework.web.servlet.handler.AbstractHandlerMethodMapping:324 - Did not find handler method for [/login/user/info] 
DEBUG [2018-12-24 00:01:11,741][] org.springframework.web.servlet.handler.AbstractHandlerMethodMapping:314 - Looking up handler method for path /login/user/info 
DEBUG [2018-12-24 00:01:11,742][] org.springframework.web.servlet.handler.AbstractHandlerMethodMapping:324 - Did not find handler method for [/login/user/info] 
DEBUG [2018-12-24 00:01:11,742][] org.springframework.web.servlet.handler.AbstractHandlerMethodMapping:314 - Looking up handler method for path /login/user/info 
DEBUG [2018-12-24 00:01:11,743][] org.springframework.web.servlet.handler.AbstractHandlerMethodMapping:321 - Returning handler method [public com.alibaba.fastjson.JSONObject com.open.application.console.controller.LoginController.userInfo(java.lang.String)] 
DEBUG [2018-12-24 00:01:11,743][] org.springframework.beans.factory.support.AbstractBeanFactory:254 - Returning cached instance of singleton bean 'loginController' 
DEBUG [2018-12-24 00:01:11,744][] org.springframework.web.filter.RequestContextFilter:114 - Bound request context to thread: org.apache.catalina.connector.RequestFacade@6e0bd87e 
DEBUG [2018-12-24 00:01:11,746][] org.springframework.web.servlet.DispatcherServlet:891 - DispatcherServlet with name 'dispatcherServlet' processing GET request for [/login/user/info] 
DEBUG [2018-12-24 00:01:11,747][] org.springframework.web.servlet.handler.AbstractHandlerMethodMapping:314 - Looking up handler method for path /login/user/info 
DEBUG [2018-12-24 00:01:11,747][] org.springframework.web.servlet.handler.AbstractHandlerMethodMapping:324 - Did not find handler method for [/login/user/info] 
DEBUG [2018-12-24 00:01:11,748][] org.springframework.web.servlet.handler.AbstractHandlerMethodMapping:314 - Looking up handler method for path /login/user/info 
DEBUG [2018-12-24 00:01:11,748][] org.springframework.web.servlet.handler.AbstractHandlerMethodMapping:324 - Did not find handler method for [/login/user/info] 
DEBUG [2018-12-24 00:01:11,749][] org.springframework.web.servlet.handler.AbstractHandlerMethodMapping:314 - Looking up handler method for path /login/user/info 
DEBUG [2018-12-24 00:01:11,750][] org.springframework.web.servlet.handler.AbstractHandlerMethodMapping:321 - Returning handler method [public com.alibaba.fastjson.JSONObject com.open.application.console.controller.LoginController.userInfo(java.lang.String)] 
DEBUG [2018-12-24 00:01:11,752][] org.springframework.beans.factory.support.AbstractBeanFactory:254 - Returning cached instance of singleton bean 'loginController' 
DEBUG [2018-12-24 00:01:11,752][] org.springframework.web.servlet.DispatcherServlet:979 - Last-Modified value for [/login/user/info] is: -1 
DEBUG [2018-12-24 00:01:11,753][] org.springframework.web.cors.DefaultCorsProcessor:71 - Skip CORS processing: response already contains "Access-Control-Allow-Origin" header 
DEBUG [2018-12-24 00:01:11,799][] org.springframework.web.servlet.mvc.method.annotation.AbstractMessageConverterMethodProcessor:278 - Written [{"userInfo":{"createTime":1544916549000,"isBanned":0,"isDeleted":0,"role":"admin","uid":"cd6821a74a4f4f7da591e316e66a7410","username":"root123"},"status":200}] as "application/json;charset=utf-8" using [com.alibaba.fastjson.support.spring.FastJsonHttpMessageConverter@7d74248c] 
DEBUG [2018-12-24 00:01:11,800][] org.springframework.web.servlet.DispatcherServlet:1076 - Null ModelAndView returned to DispatcherServlet with name 'dispatcherServlet': assuming HandlerAdapter completed request handling 
DEBUG [2018-12-24 00:01:11,800][] org.springframework.web.servlet.FrameworkServlet:1000 - Successfully completed request 
DEBUG [2018-12-24 00:01:11,803][] org.springframework.web.filter.RequestContextFilter:104 - Cleared thread-bound request context: org.apache.catalina.connector.RequestFacade@6e0bd87e 
DEBUG [2018-12-24 00:04:50,276][] org.springframework.web.servlet.handler.AbstractHandlerMethodMapping:314 - Looking up handler method for path /login/user/info 
DEBUG [2018-12-24 00:04:50,278][] org.springframework.web.servlet.handler.AbstractHandlerMethodMapping:324 - Did not find handler method for [/login/user/info] 
DEBUG [2018-12-24 00:04:50,278][] org.springframework.web.servlet.handler.AbstractHandlerMethodMapping:314 - Looking up handler method for path /login/user/info 
DEBUG [2018-12-24 00:04:50,278][] org.springframework.web.servlet.handler.AbstractHandlerMethodMapping:324 - Did not find handler method for [/login/user/info] 
DEBUG [2018-12-24 00:04:50,278][] org.springframework.web.servlet.handler.AbstractHandlerMethodMapping:314 - Looking up handler method for path /login/user/info 
DEBUG [2018-12-24 00:04:50,278][] org.springframework.web.servlet.handler.AbstractHandlerMethodMapping:321 - Returning handler method [public com.alibaba.fastjson.JSONObject com.open.application.console.controller.LoginController.userInfo(java.lang.String)] 
DEBUG [2018-12-24 00:04:50,279][] org.springframework.beans.factory.support.AbstractBeanFactory:254 - Returning cached instance of singleton bean 'loginController' 
DEBUG [2018-12-24 00:04:50,280][] org.springframework.web.filter.RequestContextFilter:114 - Bound request context to thread: org.apache.catalina.connector.RequestFacade@6e0bd87e 
DEBUG [2018-12-24 00:04:50,283][] org.springframework.web.filter.RequestContextFilter:104 - Cleared thread-bound request context: org.apache.catalina.connector.RequestFacade@6e0bd87e 
DEBUG [2018-12-24 00:04:50,289][] org.springframework.web.servlet.handler.AbstractHandlerMethodMapping:314 - Looking up handler method for path /login/user/info 
DEBUG [2018-12-24 00:04:50,292][] org.springframework.web.servlet.handler.AbstractHandlerMethodMapping:324 - Did not find handler method for [/login/user/info] 
DEBUG [2018-12-24 00:04:50,292][] org.springframework.web.servlet.handler.AbstractHandlerMethodMapping:314 - Looking up handler method for path /login/user/info 
DEBUG [2018-12-24 00:04:50,292][] org.springframework.web.servlet.handler.AbstractHandlerMethodMapping:324 - Did not find handler method for [/login/user/info] 
DEBUG [2018-12-24 00:04:50,293][] org.springframework.web.servlet.handler.AbstractHandlerMethodMapping:314 - Looking up handler method for path /login/user/info 
DEBUG [2018-12-24 00:04:50,293][] org.springframework.web.servlet.handler.AbstractHandlerMethodMapping:321 - Returning handler method [public com.alibaba.fastjson.JSONObject com.open.application.console.controller.LoginController.userInfo(java.lang.String)] 
DEBUG [2018-12-24 00:04:50,293][] org.springframework.beans.factory.support.AbstractBeanFactory:254 - Returning cached instance of singleton bean 'loginController' 
DEBUG [2018-12-24 00:04:50,293][] org.springframework.web.filter.RequestContextFilter:114 - Bound request context to thread: org.apache.catalina.connector.RequestFacade@6e0bd87e 
DEBUG [2018-12-24 00:04:50,295][] org.springframework.web.servlet.DispatcherServlet:891 - DispatcherServlet with name 'dispatcherServlet' processing GET request for [/login/user/info] 
DEBUG [2018-12-24 00:04:50,295][] org.springframework.web.servlet.handler.AbstractHandlerMethodMapping:314 - Looking up handler method for path /login/user/info 
DEBUG [2018-12-24 00:04:50,296][] org.springframework.web.servlet.handler.AbstractHandlerMethodMapping:324 - Did not find handler method for [/login/user/info] 
DEBUG [2018-12-24 00:04:50,296][] org.springframework.web.servlet.handler.AbstractHandlerMethodMapping:314 - Looking up handler method for path /login/user/info 
DEBUG [2018-12-24 00:04:50,297][] org.springframework.web.servlet.handler.AbstractHandlerMethodMapping:324 - Did not find handler method for [/login/user/info] 
DEBUG [2018-12-24 00:04:50,297][] org.springframework.web.servlet.handler.AbstractHandlerMethodMapping:314 - Looking up handler method for path /login/user/info 
DEBUG [2018-12-24 00:04:50,297][] org.springframework.web.servlet.handler.AbstractHandlerMethodMapping:321 - Returning handler method [public com.alibaba.fastjson.JSONObject com.open.application.console.controller.LoginController.userInfo(java.lang.String)] 
DEBUG [2018-12-24 00:04:50,298][] org.springframework.beans.factory.support.AbstractBeanFactory:254 - Returning cached instance of singleton bean 'loginController' 
DEBUG [2018-12-24 00:04:50,298][] org.springframework.web.servlet.DispatcherServlet:979 - Last-Modified value for [/login/user/info] is: -1 
DEBUG [2018-12-24 00:04:50,298][] org.springframework.web.cors.DefaultCorsProcessor:71 - Skip CORS processing: response already contains "Access-Control-Allow-Origin" header 
DEBUG [2018-12-24 00:04:50,313][] org.springframework.web.servlet.mvc.method.annotation.AbstractMessageConverterMethodProcessor:278 - Written [{"userInfo":{"createTime":1544916549000,"isBanned":0,"isDeleted":0,"role":"admin","uid":"cd6821a74a4f4f7da591e316e66a7410","username":"root123"},"status":200}] as "application/json;charset=utf-8" using [com.alibaba.fastjson.support.spring.FastJsonHttpMessageConverter@7d74248c] 
DEBUG [2018-12-24 00:04:50,314][] org.springframework.web.servlet.DispatcherServlet:1076 - Null ModelAndView returned to DispatcherServlet with name 'dispatcherServlet': assuming HandlerAdapter completed request handling 
DEBUG [2018-12-24 00:04:50,314][] org.springframework.web.servlet.FrameworkServlet:1000 - Successfully completed request 
DEBUG [2018-12-24 00:04:50,317][] org.springframework.web.filter.RequestContextFilter:104 - Cleared thread-bound request context: org.apache.catalina.connector.RequestFacade@6e0bd87e 
