WARN  [2019-01-21 11:08:01,978][] org.springframework.cloud.config.client.ConfigServicePropertySourceLocator:140 - Could not locate PropertySource: I/O error on GET request for "http://localhost:8888/jobServer/dev": Read timed out; nested exception is java.net.SocketTimeoutException: Read timed out 
WARN  [2019-01-21 11:08:58,335][] org.apache.juli.logging.DirectJDKLog:180 - The web application [ROOT] appears to have started a thread named [Abandoned connection cleanup thread] but has failed to stop it. This is very likely to create a memory leak. Stack trace of thread:
 java.lang.Object.wait(Native Method)
 java.lang.ref.ReferenceQueue.remove(ReferenceQueue.java:143)
 com.mysql.cj.jdbc.AbandonedConnectionCleanupThread.run(AbandonedConnectionCleanupThread.java:43) 
WARN  [2019-01-21 11:08:58,340][] org.springframework.context.support.AbstractApplicationContext:558 - Exception encountered during context initialization - cancelling refresh attempt: org.springframework.context.ApplicationContextException: Unable to start web server; nested exception is org.springframework.boot.web.server.WebServerException: Unable to start embedded Tomcat 
WARN  [2019-01-21 11:29:00,137][] org.springframework.cloud.config.client.ConfigServicePropertySourceLocator:140 - Could not locate PropertySource: I/O error on GET request for "http://localhost:8888/jobServer/dev": Read timed out; nested exception is java.net.SocketTimeoutException: Read timed out 
WARN  [2019-01-21 11:29:41,505][] org.apache.juli.logging.DirectJDKLog:180 - The web application [ROOT] appears to have started a thread named [Abandoned connection cleanup thread] but has failed to stop it. This is very likely to create a memory leak. Stack trace of thread:
 java.lang.Object.wait(Native Method)
 java.lang.ref.ReferenceQueue.remove(ReferenceQueue.java:143)
 com.mysql.cj.jdbc.AbandonedConnectionCleanupThread.run(AbandonedConnectionCleanupThread.java:43) 
WARN  [2019-01-21 11:29:41,521][] org.springframework.context.support.AbstractApplicationContext:558 - Exception encountered during context initialization - cancelling refresh attempt: org.springframework.context.ApplicationContextException: Unable to start web server; nested exception is org.springframework.boot.web.server.WebServerException: Unable to start embedded Tomcat 
WARN  [2019-01-21 11:37:53,344][] org.springframework.context.annotation.ConfigurationClassPostProcessor:381 - Cannot enhance @Configuration bean definition 'com.alibaba.boot.dubbo.autoconfigure.DubboAutoConfiguration' since its singleton instance has been created too early. The typical cause is a non-static @Bean method with a BeanDefinitionRegistryPostProcessor return type: Consider declaring such methods as 'static'. 
WARN  [2019-01-21 14:36:17,842][] org.springframework.context.annotation.ConfigurationClassPostProcessor:381 - Cannot enhance @Configuration bean definition 'com.alibaba.boot.dubbo.autoconfigure.DubboAutoConfiguration' since its singleton instance has been created too early. The typical cause is a non-static @Bean method with a BeanDefinitionRegistryPostProcessor return type: Consider declaring such methods as 'static'. 
WARN  [2019-01-21 14:45:55,128][] org.springframework.context.annotation.ConfigurationClassPostProcessor:381 - Cannot enhance @Configuration bean definition 'com.alibaba.boot.dubbo.autoconfigure.DubboAutoConfiguration' since its singleton instance has been created too early. The typical cause is a non-static @Bean method with a BeanDefinitionRegistryPostProcessor return type: Consider declaring such methods as 'static'. 
WARN  [2019-01-21 15:40:10,546][] org.springframework.context.annotation.ConfigurationClassPostProcessor:381 - Cannot enhance @Configuration bean definition 'com.alibaba.boot.dubbo.autoconfigure.DubboAutoConfiguration' since its singleton instance has been created too early. The typical cause is a non-static @Bean method with a BeanDefinitionRegistryPostProcessor return type: Consider declaring such methods as 'static'. 
WARN  [2019-01-21 15:52:13,678][] org.springframework.context.annotation.ConfigurationClassPostProcessor:381 - Cannot enhance @Configuration bean definition 'com.alibaba.boot.dubbo.autoconfigure.DubboAutoConfiguration' since its singleton instance has been created too early. The typical cause is a non-static @Bean method with a BeanDefinitionRegistryPostProcessor return type: Consider declaring such methods as 'static'. 
WARN  [2019-01-21 19:07:06,606][] io.netty.util.internal.logging.Slf4JLogger:136 - Cannot reconnect: java.net.ConnectException: failed to connect 
WARN  [2019-01-21 19:07:06,871][] com.xxl.job.core.thread.TriggerCallbackThread$2:114 - >>>>>>>>>>> xxl-job, executor retry callback thread interrupted, error msg:sleep interrupted 
WARN  [2019-01-21 19:07:07,028][] com.xxl.job.core.thread.ExecutorRegistryThread$1:68 - >>>>>>>>>>> xxl-job, executor registry thread interrupted, error msg:sleep interrupted 
