INFO  [2019-01-21 11:09:50,351][] com.alibaba.boot.dubbo.context.event.WelcomeLogoApplicationListener:53 - 

 :: Dubbo Spring Boot (v0.2.0) : https://github.com/apache/incubator-dubbo-spring-boot-project
 :: Dubbo (v2.6.2) : https://github.com/apache/incubator-dubbo
 :: Google group : dev@dubbo.incubator.apache.org
 
INFO  [2019-01-21 11:09:50,357][] com.alibaba.boot.dubbo.context.event.OverrideDubboConfigApplicationListener:68 - Dubbo Config was overridden by externalized configuration {} 
INFO  [2019-01-21 11:09:53,146][] org.springframework.context.support.AbstractApplicationContext:590 - Refreshing org.springframework.context.annotation.AnnotationConfigApplicationContext@2755d61c: startup date [Mon Jan 21 11:09:53 CST 2019]; root of context hierarchy 
INFO  [2019-01-21 11:09:55,659][] org.springframework.context.support.PostProcessorRegistrationDelegate$BeanPostProcessorChecker:328 - Bean 'configurationPropertiesRebinderAutoConfiguration' of type [org.springframework.cloud.autoconfigure.ConfigurationPropertiesRebinderAutoConfiguration$$EnhancerBySpringCGLIB$$d044d3f9] is not eligible for getting processed by all BeanPostProcessors (for example: not eligible for auto-proxying) 
INFO  [2019-01-21 11:09:56,964][] com.alibaba.boot.dubbo.context.event.AwaitingNonWebApplicationListener$1:61 -  [Dubbo] Current Spring Boot Application is await... 
INFO  [2019-01-21 11:09:57,510][] com.alibaba.boot.dubbo.context.event.WelcomeLogoApplicationListener:53 - 

 :: Dubbo Spring Boot (v0.2.0) : https://github.com/apache/incubator-dubbo-spring-boot-project
 :: Dubbo (v2.6.2) : https://github.com/apache/incubator-dubbo
 :: Google group : dev@dubbo.incubator.apache.org
 
INFO  [2019-01-21 11:09:57,512][] com.alibaba.boot.dubbo.context.event.OverrideDubboConfigApplicationListener:68 - Dubbo Config was overridden by externalized configuration {} 
INFO  [2019-01-21 11:09:57,803][] org.springframework.cloud.config.client.ConfigServicePropertySourceLocator:205 - Fetching config from server at : http://localhost:8888 
INFO  [2019-01-21 11:13:04,137][] org.springframework.cloud.config.client.ConfigServicePropertySourceLocator:227 - Connect Timeout Exception on Url - http://localhost:8888. Will be trying the next url if available 
INFO  [2019-01-21 11:13:04,773][] org.springframework.boot.SpringApplication:659 - No active profile set, falling back to default profiles: default 
INFO  [2019-01-21 11:13:05,579][] org.springframework.context.support.AbstractApplicationContext:590 - Refreshing org.springframework.boot.web.servlet.context.AnnotationConfigServletWebServerApplicationContext@2d4d6002: startup date [Mon Jan 21 11:13:05 CST 2019]; parent: org.springframework.context.annotation.AnnotationConfigApplicationContext@2755d61c 
INFO  [2019-01-21 11:13:14,616][] org.springframework.beans.factory.xml.XmlBeanDefinitionReader:316 - Loading XML bean definitions from class path resource [application-dubbo.xml] 
INFO  [2019-01-21 11:13:24,097][] org.springframework.data.repository.config.RepositoryConfigurationDelegate:163 - Multiple Spring Data modules found, entering strict repository configuration mode! 
INFO  [2019-01-21 11:13:33,984][] org.springframework.cloud.context.scope.GenericScope:294 - BeanFactory id=a3967060-12d7-3ea9-a658-6fbb205b65fd 
INFO  [2019-01-21 11:19:02,541][] com.alibaba.boot.dubbo.context.event.WelcomeLogoApplicationListener:53 - 

 :: Dubbo Spring Boot (v0.2.0) : https://github.com/apache/incubator-dubbo-spring-boot-project
 :: Dubbo (v2.6.2) : https://github.com/apache/incubator-dubbo
 :: Google group : dev@dubbo.incubator.apache.org
 
INFO  [2019-01-21 11:19:02,571][] com.alibaba.boot.dubbo.context.event.OverrideDubboConfigApplicationListener:68 - Dubbo Config was overridden by externalized configuration {} 
INFO  [2019-01-21 11:19:06,770][] org.springframework.context.support.AbstractApplicationContext:590 - Refreshing org.springframework.context.annotation.AnnotationConfigApplicationContext@4d438764: startup date [Mon Jan 21 11:19:06 CST 2019]; root of context hierarchy 
INFO  [2019-01-21 11:19:11,050][] org.springframework.context.support.PostProcessorRegistrationDelegate$BeanPostProcessorChecker:328 - Bean 'configurationPropertiesRebinderAutoConfiguration' of type [org.springframework.cloud.autoconfigure.ConfigurationPropertiesRebinderAutoConfiguration$$EnhancerBySpringCGLIB$$a96246e9] is not eligible for getting processed by all BeanPostProcessors (for example: not eligible for auto-proxying) 
INFO  [2019-01-21 11:19:13,194][] com.alibaba.boot.dubbo.context.event.AwaitingNonWebApplicationListener$1:61 -  [Dubbo] Current Spring Boot Application is await... 
INFO  [2019-01-21 11:19:14,011][] com.alibaba.boot.dubbo.context.event.WelcomeLogoApplicationListener:53 - 

 :: Dubbo Spring Boot (v0.2.0) : https://github.com/apache/incubator-dubbo-spring-boot-project
 :: Dubbo (v2.6.2) : https://github.com/apache/incubator-dubbo
 :: Google group : dev@dubbo.incubator.apache.org
 
INFO  [2019-01-21 11:19:14,015][] com.alibaba.boot.dubbo.context.event.OverrideDubboConfigApplicationListener:68 - Dubbo Config was overridden by externalized configuration {} 
INFO  [2019-01-21 11:19:14,271][] org.springframework.cloud.config.client.ConfigServicePropertySourceLocator:205 - Fetching config from server at : http://localhost:8888 
INFO  [2019-01-21 11:20:30,027][] org.springframework.cloud.config.client.ConfigServicePropertySourceLocator:149 - Located environment: name=console, profiles=[dev], label=null, version=e57a7e49c0b610f520d97fb2423eb2063b78fcf0, state=null 
INFO  [2019-01-21 11:20:30,029][] org.springframework.cloud.bootstrap.config.PropertySourceBootstrapConfiguration:98 - Located property source: CompositePropertySource {name='configService', propertySources=[MapPropertySource@900223527 {name='configClient', properties={config.client.version=e57a7e49c0b610f520d97fb2423eb2063b78fcf0}}, MapPropertySource@1685277272 {name='https://github.com/HoYuanhao/application/config/console-dev.properties', properties={spring.dubbo.application.name=application-console-consumer, spring.dubbo.protocol.port=20880, spring.dubbo.protocol.name=dubbo, spring.dubbo.application.id=application-console-consumer, spring.redis.port=6379, spring.dubbo.server=true, spring.dubbo.registry.address=zookeeper://127.0.0.1:2181, spring.redis.host=localhost}}]} 
INFO  [2019-01-21 11:20:30,472][] org.springframework.boot.SpringApplication:659 - No active profile set, falling back to default profiles: default 
INFO  [2019-01-21 11:20:30,688][] org.springframework.context.support.AbstractApplicationContext:590 - Refreshing org.springframework.boot.web.servlet.context.AnnotationConfigServletWebServerApplicationContext@347dfc95: startup date [Mon Jan 21 11:20:30 CST 2019]; parent: org.springframework.context.annotation.AnnotationConfigApplicationContext@4d438764 
INFO  [2019-01-21 11:20:38,828][] org.springframework.beans.factory.xml.XmlBeanDefinitionReader:316 - Loading XML bean definitions from class path resource [application-dubbo.xml] 
INFO  [2019-01-21 11:20:49,402][] org.springframework.data.repository.config.RepositoryConfigurationDelegate:163 - Multiple Spring Data modules found, entering strict repository configuration mode! 
INFO  [2019-01-21 11:21:00,747][] org.springframework.cloud.context.scope.GenericScope:294 - BeanFactory id=a3967060-12d7-3ea9-a658-6fbb205b65fd 
INFO  [2019-01-21 11:21:01,076][] org.springframework.context.support.PostProcessorRegistrationDelegate$BeanPostProcessorChecker:328 - Bean 'com.alibaba.boot.dubbo.autoconfigure.DubboAutoConfiguration' of type [com.alibaba.boot.dubbo.autoconfigure.DubboAutoConfiguration$$EnhancerBySpringCGLIB$$9c49e95e] is not eligible for getting processed by all BeanPostProcessors (for example: not eligible for auto-proxying) 
INFO  [2019-01-21 11:21:01,423][] org.springframework.context.support.PostProcessorRegistrationDelegate$BeanPostProcessorChecker:328 - Bean '${spring.dubbo.application.name}' of type [com.alibaba.dubbo.config.ApplicationConfig] is not eligible for getting processed by all BeanPostProcessors (for example: not eligible for auto-proxying) 
INFO  [2019-01-21 11:21:01,499][] org.springframework.context.support.PostProcessorRegistrationDelegate$BeanPostProcessorChecker:328 - Bean 'com.alibaba.dubbo.config.RegistryConfig' of type [com.alibaba.dubbo.config.RegistryConfig] is not eligible for getting processed by all BeanPostProcessors (for example: not eligible for auto-proxying) 
INFO  [2019-01-21 11:21:01,503][] org.springframework.context.support.PostProcessorRegistrationDelegate$BeanPostProcessorChecker:328 - Bean 'loginService' of type [com.alibaba.dubbo.config.spring.ReferenceBean] is not eligible for getting processed by all BeanPostProcessors (for example: not eligible for auto-proxying) 
INFO  [2019-01-21 11:21:01,642][] org.springframework.context.support.PostProcessorRegistrationDelegate$BeanPostProcessorChecker:328 - Bean 'taskShowService' of type [com.alibaba.dubbo.config.spring.ReferenceBean] is not eligible for getting processed by all BeanPostProcessors (for example: not eligible for auto-proxying) 
INFO  [2019-01-21 11:21:01,697][] org.springframework.context.support.PostProcessorRegistrationDelegate$BeanPostProcessorChecker:328 - Bean 'exceptionService' of type [com.alibaba.dubbo.config.spring.ReferenceBean] is not eligible for getting processed by all BeanPostProcessors (for example: not eligible for auto-proxying) 
INFO  [2019-01-21 11:21:02,000][] org.springframework.context.support.PostProcessorRegistrationDelegate$BeanPostProcessorChecker:328 - Bean 'spiderService' of type [com.alibaba.dubbo.config.spring.ReferenceBean] is not eligible for getting processed by all BeanPostProcessors (for example: not eligible for auto-proxying) 
INFO  [2019-01-21 11:21:02,018][] org.springframework.context.support.PostProcessorRegistrationDelegate$BeanPostProcessorChecker:328 - Bean 'singerService' of type [com.alibaba.dubbo.config.spring.ReferenceBean] is not eligible for getting processed by all BeanPostProcessors (for example: not eligible for auto-proxying) 
INFO  [2019-01-21 11:21:02,221][] org.springframework.context.support.PostProcessorRegistrationDelegate$BeanPostProcessorChecker:328 - Bean 'indexCountService' of type [com.alibaba.dubbo.config.spring.ReferenceBean] is not eligible for getting processed by all BeanPostProcessors (for example: not eligible for auto-proxying) 
INFO  [2019-01-21 11:21:03,002][] org.springframework.context.support.PostProcessorRegistrationDelegate$BeanPostProcessorChecker:328 - Bean 'org.springframework.cloud.autoconfigure.ConfigurationPropertiesRebinderAutoConfiguration' of type [org.springframework.cloud.autoconfigure.ConfigurationPropertiesRebinderAutoConfiguration$$EnhancerBySpringCGLIB$$a96246e9] is not eligible for getting processed by all BeanPostProcessors (for example: not eligible for auto-proxying) 
INFO  [2019-01-21 11:21:08,642][] org.springframework.boot.web.embedded.tomcat.TomcatWebServer:91 - Tomcat initialized with port(s): 8088 (http) 
INFO  [2019-01-21 11:21:08,691][] org.apache.juli.logging.DirectJDKLog:180 - Initializing ProtocolHandler ["http-nio-8088"] 
INFO  [2019-01-21 11:21:08,709][] org.apache.juli.logging.DirectJDKLog:180 - Starting service [Tomcat] 
INFO  [2019-01-21 11:21:08,710][] org.apache.juli.logging.DirectJDKLog:180 - Starting Servlet Engine: Apache Tomcat/8.5.31 
INFO  [2019-01-21 11:21:08,774][] org.apache.juli.logging.DirectJDKLog:180 - The APR based Apache Tomcat Native library which allows optimal performance in production environments was not found on the java.library.path: [/Users/yuanhaohe/Library/Java/Extensions:/Library/Java/Extensions:/Network/Library/Java/Extensions:/System/Library/Java/Extensions:/usr/lib/java:.] 
INFO  [2019-01-21 11:21:10,246][] org.apache.juli.logging.DirectJDKLog:180 - Initializing Spring embedded WebApplicationContext 
INFO  [2019-01-21 11:21:10,251][] org.springframework.boot.web.servlet.context.ServletWebServerApplicationContext:285 - Root WebApplicationContext: initialization completed in 39563 ms 
INFO  [2019-01-21 11:21:34,445][] org.springframework.boot.web.servlet.ServletRegistrationBean:186 - Servlet statViewServlet mapped to [/druid/*] 
INFO  [2019-01-21 11:21:34,543][] org.springframework.boot.web.servlet.ServletRegistrationBean:186 - Servlet dispatcherServlet mapped to [/] 
INFO  [2019-01-21 11:21:34,546][] org.springframework.boot.web.servlet.AbstractFilterRegistrationBean:245 - Mapping filter: 'characterEncodingFilter' to: [/*] 
INFO  [2019-01-21 11:21:34,547][] org.springframework.boot.web.servlet.AbstractFilterRegistrationBean:245 - Mapping filter: 'hiddenHttpMethodFilter' to: [/*] 
INFO  [2019-01-21 11:21:34,548][] org.springframework.boot.web.servlet.AbstractFilterRegistrationBean:245 - Mapping filter: 'httpPutFormContentFilter' to: [/*] 
INFO  [2019-01-21 11:21:34,551][] org.springframework.boot.web.servlet.AbstractFilterRegistrationBean:245 - Mapping filter: 'requestContextFilter' to: [/*] 
INFO  [2019-01-21 11:21:34,552][] org.springframework.boot.web.servlet.AbstractFilterRegistrationBean:245 - Mapping filter: 'httpTraceFilter' to: [/*] 
INFO  [2019-01-21 11:21:34,552][] org.springframework.boot.web.servlet.AbstractFilterRegistrationBean:258 - Mapping filter: 'webStatFilter' to urls: [/*] 
INFO  [2019-01-21 11:21:34,552][] org.springframework.boot.web.servlet.AbstractFilterRegistrationBean:245 - Mapping filter: 'webMvcMetricsFilter' to: [/*] 
INFO  [2019-01-21 11:21:34,552][] org.springframework.boot.web.servlet.AbstractFilterRegistrationBean:245 - Mapping filter: 'corsFilter' to: [/*] 
INFO  [2019-01-21 11:21:37,945][] org.apache.curator.utils.Compatibility:41 - Running in ZooKeeper 3.4.x compatibility mode 
INFO  [2019-01-21 11:21:38,514][] org.apache.curator.framework.imps.CuratorFrameworkImpl:290 - Starting 
INFO  [2019-01-21 11:21:38,582][] org.apache.zookeeper.Environment:100 - Client environment:zookeeper.version=3.4.13-2d71af4dbe22557fda74f9a9b4309b15a7487f03, built on 06/29/2018 00:39 GMT 
INFO  [2019-01-21 11:21:38,582][] org.apache.zookeeper.Environment:100 - Client environment:host.name=10.0.0.124 
INFO  [2019-01-21 11:21:38,582][] org.apache.zookeeper.Environment:100 - Client environment:java.version=1.8.0_131 
INFO  [2019-01-21 11:21:38,582][] org.apache.zookeeper.Environment:100 - Client environment:java.vendor=Oracle Corporation 
INFO  [2019-01-21 11:21:38,583][] org.apache.zookeeper.Environment:100 - Client environment:java.home=/Library/Java/JavaVirtualMachines/jdk1.8.0_131.jdk/Contents/Home/jre 
INFO  [2019-01-21 11:21:38,583][] org.apache.zookeeper.Environment:100 - Client environment:java.class.path=/Applications/IntelliJ IDEA.app/Contents/plugins/maven/lib/maven3/boot/plexus-classworlds-2.5.2.jar:/Applications/IntelliJ IDEA.app/Contents/lib/idea_rt.jar 
INFO  [2019-01-21 11:21:38,583][] org.apache.zookeeper.Environment:100 - Client environment:java.library.path=/Users/yuanhaohe/Library/Java/Extensions:/Library/Java/Extensions:/Network/Library/Java/Extensions:/System/Library/Java/Extensions:/usr/lib/java:. 
INFO  [2019-01-21 11:21:38,583][] org.apache.zookeeper.Environment:100 - Client environment:java.io.tmpdir=/var/folders/gp/tgklgs252tl0k2w8d6t3gk400000gn/T/ 
INFO  [2019-01-21 11:21:38,583][] org.apache.zookeeper.Environment:100 - Client environment:java.compiler=<NA> 
INFO  [2019-01-21 11:21:38,584][] org.apache.zookeeper.Environment:100 - Client environment:os.name=Mac OS X 
INFO  [2019-01-21 11:21:38,584][] org.apache.zookeeper.Environment:100 - Client environment:os.arch=x86_64 
INFO  [2019-01-21 11:21:38,584][] org.apache.zookeeper.Environment:100 - Client environment:os.version=10.13.6 
INFO  [2019-01-21 11:21:38,584][] org.apache.zookeeper.Environment:100 - Client environment:user.name=yuanhaohe 
INFO  [2019-01-21 11:21:38,584][] org.apache.zookeeper.Environment:100 - Client environment:user.home=/Users/yuanhaohe 
INFO  [2019-01-21 11:21:38,584][] org.apache.zookeeper.Environment:100 - Client environment:user.dir=/Users/yuanhaohe/workspace/application/application-console 
INFO  [2019-01-21 11:21:38,585][] org.apache.zookeeper.ZooKeeper:442 - Initiating client connection, connectString=127.0.0.1:2181 sessionTimeout=60000 watcher=org.apache.curator.ConnectionState@3cb5131f 
INFO  [2019-01-21 11:21:38,674][] org.apache.zookeeper.ClientCnxn$SendThread:1029 - Opening socket connection to server localhost/127.0.0.1:2181. Will not attempt to authenticate using SASL (unknown error) 
INFO  [2019-01-21 11:21:38,687][] org.apache.zookeeper.ClientCnxn$SendThread:879 - Socket connection established to localhost/127.0.0.1:2181, initiating session 
INFO  [2019-01-21 11:21:38,856][] org.apache.zookeeper.ClientCnxn$SendThread:1303 - Session establishment complete on server localhost/127.0.0.1:2181, sessionid = 0x10000030afc0005, negotiated timeout = 40000 
INFO  [2019-01-21 11:21:38,851][] org.apache.curator.framework.imps.CuratorFrameworkImpl:332 - Default schema 
INFO  [2019-01-21 11:21:38,866][] org.apache.curator.framework.state.ConnectionStateManager:237 - State change: CONNECTED 
INFO  [2019-01-21 11:21:40,025][] com.alibaba.dubbo.config.spring.beans.factory.annotation.ReferenceAnnotationBeanPostProcessor:251 - class com.alibaba.dubbo.config.spring.beans.factory.annotation.ReferenceAnnotationBeanPostProcessor was destroying! 
INFO  [2019-01-21 11:21:40,030][] org.apache.juli.logging.DirectJDKLog:180 - Stopping service [Tomcat] 
INFO  [2019-01-21 11:24:39,129][] com.alibaba.boot.dubbo.context.event.WelcomeLogoApplicationListener:53 - 

 :: Dubbo Spring Boot (v0.2.0) : https://github.com/apache/incubator-dubbo-spring-boot-project
 :: Dubbo (v2.6.2) : https://github.com/apache/incubator-dubbo
 :: Google group : dev@dubbo.incubator.apache.org
 
INFO  [2019-01-21 11:24:39,374][] com.alibaba.boot.dubbo.context.event.OverrideDubboConfigApplicationListener:68 - Dubbo Config was overridden by externalized configuration {} 
INFO  [2019-01-21 11:24:45,613][] org.springframework.context.support.AbstractApplicationContext:590 - Refreshing org.springframework.context.annotation.AnnotationConfigApplicationContext@265c5370: startup date [Mon Jan 21 11:24:45 CST 2019]; root of context hierarchy 
INFO  [2019-01-21 11:24:51,168][] org.springframework.context.support.PostProcessorRegistrationDelegate$BeanPostProcessorChecker:328 - Bean 'configurationPropertiesRebinderAutoConfiguration' of type [org.springframework.cloud.autoconfigure.ConfigurationPropertiesRebinderAutoConfiguration$$EnhancerBySpringCGLIB$$7a4e151b] is not eligible for getting processed by all BeanPostProcessors (for example: not eligible for auto-proxying) 
INFO  [2019-01-21 11:24:53,904][] com.alibaba.boot.dubbo.context.event.AwaitingNonWebApplicationListener$1:61 -  [Dubbo] Current Spring Boot Application is await... 
INFO  [2019-01-21 11:24:54,827][] com.alibaba.boot.dubbo.context.event.WelcomeLogoApplicationListener:53 - 

 :: Dubbo Spring Boot (v0.2.0) : https://github.com/apache/incubator-dubbo-spring-boot-project
 :: Dubbo (v2.6.2) : https://github.com/apache/incubator-dubbo
 :: Google group : dev@dubbo.incubator.apache.org
 
INFO  [2019-01-21 11:24:54,828][] com.alibaba.boot.dubbo.context.event.OverrideDubboConfigApplicationListener:68 - Dubbo Config was overridden by externalized configuration {} 
INFO  [2019-01-21 11:24:55,713][] org.springframework.cloud.config.client.ConfigServicePropertySourceLocator:205 - Fetching config from server at : http://localhost:8888 
INFO  [2019-01-21 11:27:08,834][] org.springframework.cloud.config.client.ConfigServicePropertySourceLocator:149 - Located environment: name=console, profiles=[dev], label=null, version=e57a7e49c0b610f520d97fb2423eb2063b78fcf0, state=null 
INFO  [2019-01-21 11:27:08,847][] org.springframework.cloud.bootstrap.config.PropertySourceBootstrapConfiguration:98 - Located property source: CompositePropertySource {name='configService', propertySources=[MapPropertySource@526577876 {name='configClient', properties={config.client.version=e57a7e49c0b610f520d97fb2423eb2063b78fcf0}}, MapPropertySource@1023064880 {name='https://github.com/HoYuanhao/application/config/console-dev.properties', properties={spring.dubbo.application.name=application-console-consumer, spring.dubbo.protocol.port=20880, spring.dubbo.protocol.name=dubbo, spring.dubbo.application.id=application-console-consumer, spring.redis.port=6379, spring.dubbo.server=true, spring.dubbo.registry.address=zookeeper://127.0.0.1:2181, spring.redis.host=localhost}}]} 
INFO  [2019-01-21 11:27:09,178][] org.springframework.boot.SpringApplication:659 - No active profile set, falling back to default profiles: default 
INFO  [2019-01-21 11:27:09,995][] org.springframework.context.support.AbstractApplicationContext:590 - Refreshing org.springframework.boot.web.servlet.context.AnnotationConfigServletWebServerApplicationContext@e023e3d: startup date [Mon Jan 21 11:27:09 CST 2019]; parent: org.springframework.context.annotation.AnnotationConfigApplicationContext@265c5370 
INFO  [2019-01-21 11:27:18,075][] org.springframework.beans.factory.xml.XmlBeanDefinitionReader:316 - Loading XML bean definitions from class path resource [application-dubbo.xml] 
INFO  [2019-01-21 11:27:26,527][] org.springframework.data.repository.config.RepositoryConfigurationDelegate:163 - Multiple Spring Data modules found, entering strict repository configuration mode! 
INFO  [2019-01-21 11:27:36,799][] org.springframework.cloud.context.scope.GenericScope:294 - BeanFactory id=a3967060-12d7-3ea9-a658-6fbb205b65fd 
INFO  [2019-01-21 11:27:37,759][] org.springframework.context.support.PostProcessorRegistrationDelegate$BeanPostProcessorChecker:328 - Bean 'com.alibaba.boot.dubbo.autoconfigure.DubboAutoConfiguration' of type [com.alibaba.boot.dubbo.autoconfigure.DubboAutoConfiguration$$EnhancerBySpringCGLIB$$6d35b790] is not eligible for getting processed by all BeanPostProcessors (for example: not eligible for auto-proxying) 
INFO  [2019-01-21 11:27:38,201][] org.springframework.context.support.PostProcessorRegistrationDelegate$BeanPostProcessorChecker:328 - Bean '${spring.dubbo.application.name}' of type [com.alibaba.dubbo.config.ApplicationConfig] is not eligible for getting processed by all BeanPostProcessors (for example: not eligible for auto-proxying) 
INFO  [2019-01-21 11:27:38,370][] org.springframework.context.support.PostProcessorRegistrationDelegate$BeanPostProcessorChecker:328 - Bean 'com.alibaba.dubbo.config.RegistryConfig' of type [com.alibaba.dubbo.config.RegistryConfig] is not eligible for getting processed by all BeanPostProcessors (for example: not eligible for auto-proxying) 
INFO  [2019-01-21 11:27:38,451][] org.springframework.context.support.PostProcessorRegistrationDelegate$BeanPostProcessorChecker:328 - Bean 'loginService' of type [com.alibaba.dubbo.config.spring.ReferenceBean] is not eligible for getting processed by all BeanPostProcessors (for example: not eligible for auto-proxying) 
INFO  [2019-01-21 11:27:38,662][] org.springframework.context.support.PostProcessorRegistrationDelegate$BeanPostProcessorChecker:328 - Bean 'taskShowService' of type [com.alibaba.dubbo.config.spring.ReferenceBean] is not eligible for getting processed by all BeanPostProcessors (for example: not eligible for auto-proxying) 
INFO  [2019-01-21 11:27:38,785][] org.springframework.context.support.PostProcessorRegistrationDelegate$BeanPostProcessorChecker:328 - Bean 'exceptionService' of type [com.alibaba.dubbo.config.spring.ReferenceBean] is not eligible for getting processed by all BeanPostProcessors (for example: not eligible for auto-proxying) 
INFO  [2019-01-21 11:27:38,835][] org.springframework.context.support.PostProcessorRegistrationDelegate$BeanPostProcessorChecker:328 - Bean 'spiderService' of type [com.alibaba.dubbo.config.spring.ReferenceBean] is not eligible for getting processed by all BeanPostProcessors (for example: not eligible for auto-proxying) 
INFO  [2019-01-21 11:27:38,857][] org.springframework.context.support.PostProcessorRegistrationDelegate$BeanPostProcessorChecker:328 - Bean 'singerService' of type [com.alibaba.dubbo.config.spring.ReferenceBean] is not eligible for getting processed by all BeanPostProcessors (for example: not eligible for auto-proxying) 
INFO  [2019-01-21 11:27:39,163][] org.springframework.context.support.PostProcessorRegistrationDelegate$BeanPostProcessorChecker:328 - Bean 'indexCountService' of type [com.alibaba.dubbo.config.spring.ReferenceBean] is not eligible for getting processed by all BeanPostProcessors (for example: not eligible for auto-proxying) 
INFO  [2019-01-21 11:27:40,266][] org.springframework.context.support.PostProcessorRegistrationDelegate$BeanPostProcessorChecker:328 - Bean 'org.springframework.cloud.autoconfigure.ConfigurationPropertiesRebinderAutoConfiguration' of type [org.springframework.cloud.autoconfigure.ConfigurationPropertiesRebinderAutoConfiguration$$EnhancerBySpringCGLIB$$7a4e151b] is not eligible for getting processed by all BeanPostProcessors (for example: not eligible for auto-proxying) 
INFO  [2019-01-21 11:27:45,787][] org.springframework.boot.web.embedded.tomcat.TomcatWebServer:91 - Tomcat initialized with port(s): 8088 (http) 
INFO  [2019-01-21 11:27:45,823][] org.apache.juli.logging.DirectJDKLog:180 - Initializing ProtocolHandler ["http-nio-8088"] 
INFO  [2019-01-21 11:27:45,847][] org.apache.juli.logging.DirectJDKLog:180 - Starting service [Tomcat] 
INFO  [2019-01-21 11:27:45,847][] org.apache.juli.logging.DirectJDKLog:180 - Starting Servlet Engine: Apache Tomcat/8.5.31 
INFO  [2019-01-21 11:27:46,324][] org.apache.juli.logging.DirectJDKLog:180 - The APR based Apache Tomcat Native library which allows optimal performance in production environments was not found on the java.library.path: [/Users/yuanhaohe/Library/Java/Extensions:/Library/Java/Extensions:/Network/Library/Java/Extensions:/System/Library/Java/Extensions:/usr/lib/java:.] 
INFO  [2019-01-21 11:27:47,428][] org.apache.juli.logging.DirectJDKLog:180 - Initializing Spring embedded WebApplicationContext 
INFO  [2019-01-21 11:27:47,444][] org.springframework.boot.web.servlet.context.ServletWebServerApplicationContext:285 - Root WebApplicationContext: initialization completed in 37445 ms 
INFO  [2019-01-21 11:28:08,933][] org.springframework.boot.web.servlet.ServletRegistrationBean:186 - Servlet statViewServlet mapped to [/druid/*] 
INFO  [2019-01-21 11:28:08,964][] org.springframework.boot.web.servlet.ServletRegistrationBean:186 - Servlet dispatcherServlet mapped to [/] 
INFO  [2019-01-21 11:28:08,968][] org.springframework.boot.web.servlet.AbstractFilterRegistrationBean:245 - Mapping filter: 'characterEncodingFilter' to: [/*] 
INFO  [2019-01-21 11:28:08,969][] org.springframework.boot.web.servlet.AbstractFilterRegistrationBean:245 - Mapping filter: 'hiddenHttpMethodFilter' to: [/*] 
INFO  [2019-01-21 11:28:08,969][] org.springframework.boot.web.servlet.AbstractFilterRegistrationBean:245 - Mapping filter: 'httpPutFormContentFilter' to: [/*] 
INFO  [2019-01-21 11:28:08,969][] org.springframework.boot.web.servlet.AbstractFilterRegistrationBean:245 - Mapping filter: 'requestContextFilter' to: [/*] 
INFO  [2019-01-21 11:28:08,969][] org.springframework.boot.web.servlet.AbstractFilterRegistrationBean:245 - Mapping filter: 'httpTraceFilter' to: [/*] 
INFO  [2019-01-21 11:28:08,969][] org.springframework.boot.web.servlet.AbstractFilterRegistrationBean:258 - Mapping filter: 'webStatFilter' to urls: [/*] 
INFO  [2019-01-21 11:28:08,970][] org.springframework.boot.web.servlet.AbstractFilterRegistrationBean:245 - Mapping filter: 'webMvcMetricsFilter' to: [/*] 
INFO  [2019-01-21 11:28:08,970][] org.springframework.boot.web.servlet.AbstractFilterRegistrationBean:245 - Mapping filter: 'corsFilter' to: [/*] 
INFO  [2019-01-21 11:28:12,334][] org.apache.curator.utils.Compatibility:41 - Running in ZooKeeper 3.4.x compatibility mode 
INFO  [2019-01-21 11:28:12,816][] org.apache.curator.framework.imps.CuratorFrameworkImpl:290 - Starting 
INFO  [2019-01-21 11:28:13,049][] org.apache.zookeeper.Environment:100 - Client environment:zookeeper.version=3.4.13-2d71af4dbe22557fda74f9a9b4309b15a7487f03, built on 06/29/2018 00:39 GMT 
INFO  [2019-01-21 11:28:13,049][] org.apache.zookeeper.Environment:100 - Client environment:host.name=10.0.0.124 
INFO  [2019-01-21 11:28:13,050][] org.apache.zookeeper.Environment:100 - Client environment:java.version=1.8.0_131 
INFO  [2019-01-21 11:28:13,050][] org.apache.zookeeper.Environment:100 - Client environment:java.vendor=Oracle Corporation 
INFO  [2019-01-21 11:28:13,050][] org.apache.zookeeper.Environment:100 - Client environment:java.home=/Library/Java/JavaVirtualMachines/jdk1.8.0_131.jdk/Contents/Home/jre 
INFO  [2019-01-21 11:28:13,050][] org.apache.zookeeper.Environment:100 - Client environment:java.class.path=/Applications/IntelliJ IDEA.app/Contents/plugins/maven/lib/maven3/boot/plexus-classworlds-2.5.2.jar:/Applications/IntelliJ IDEA.app/Contents/lib/idea_rt.jar 
INFO  [2019-01-21 11:28:13,050][] org.apache.zookeeper.Environment:100 - Client environment:java.library.path=/Users/yuanhaohe/Library/Java/Extensions:/Library/Java/Extensions:/Network/Library/Java/Extensions:/System/Library/Java/Extensions:/usr/lib/java:. 
INFO  [2019-01-21 11:28:13,050][] org.apache.zookeeper.Environment:100 - Client environment:java.io.tmpdir=/var/folders/gp/tgklgs252tl0k2w8d6t3gk400000gn/T/ 
INFO  [2019-01-21 11:28:13,051][] org.apache.zookeeper.Environment:100 - Client environment:java.compiler=<NA> 
INFO  [2019-01-21 11:28:13,051][] org.apache.zookeeper.Environment:100 - Client environment:os.name=Mac OS X 
INFO  [2019-01-21 11:28:13,051][] org.apache.zookeeper.Environment:100 - Client environment:os.arch=x86_64 
INFO  [2019-01-21 11:28:13,051][] org.apache.zookeeper.Environment:100 - Client environment:os.version=10.13.6 
INFO  [2019-01-21 11:28:13,051][] org.apache.zookeeper.Environment:100 - Client environment:user.name=yuanhaohe 
INFO  [2019-01-21 11:28:13,051][] org.apache.zookeeper.Environment:100 - Client environment:user.home=/Users/yuanhaohe 
INFO  [2019-01-21 11:28:13,052][] org.apache.zookeeper.Environment:100 - Client environment:user.dir=/Users/yuanhaohe/workspace/application/application-console 
INFO  [2019-01-21 11:28:13,055][] org.apache.zookeeper.ZooKeeper:442 - Initiating client connection, connectString=127.0.0.1:2181 sessionTimeout=60000 watcher=org.apache.curator.ConnectionState@5c6296d1 
INFO  [2019-01-21 11:28:13,373][] org.apache.zookeeper.ClientCnxn$SendThread:1029 - Opening socket connection to server localhost/127.0.0.1:2181. Will not attempt to authenticate using SASL (unknown error) 
INFO  [2019-01-21 11:28:13,385][] org.apache.zookeeper.ClientCnxn$SendThread:879 - Socket connection established to localhost/127.0.0.1:2181, initiating session 
INFO  [2019-01-21 11:28:13,417][] org.apache.curator.framework.imps.CuratorFrameworkImpl:332 - Default schema 
INFO  [2019-01-21 11:28:13,419][] org.apache.zookeeper.ClientCnxn$SendThread:1303 - Session establishment complete on server localhost/127.0.0.1:2181, sessionid = 0x10000030afc0007, negotiated timeout = 40000 
INFO  [2019-01-21 11:28:13,428][] org.apache.curator.framework.state.ConnectionStateManager:237 - State change: CONNECTED 
INFO  [2019-01-21 11:28:17,068][] com.alibaba.dubbo.config.spring.beans.factory.annotation.AbstractAnnotationConfigBeanBuilder:79 - <dubbo:reference object="com.alibaba.dubbo.common.bytecode.proxy2@5efcedb1" singleton="true" interface="com.open.application.common.service.LoginService" uniqueServiceName="com.open.application.common.service.LoginService" generic="false" id="com.open.application.common.service.LoginService" /> has been built. 
INFO  [2019-01-21 11:28:19,982][] org.springframework.scheduling.concurrent.ExecutorConfigurationSupport:171 - Initializing ExecutorService  'threadPoolTaskScheduler' 
INFO  [2019-01-21 11:28:21,097][] org.springframework.web.servlet.handler.AbstractUrlHandlerMapping:373 - Mapped URL path [/**/favicon.ico] onto handler of type [class org.springframework.web.servlet.resource.ResourceHttpRequestHandler] 
INFO  [2019-01-21 11:28:24,922][] org.springframework.web.servlet.mvc.method.annotation.RequestMappingHandlerAdapter:574 - Looking for @ControllerAdvice: org.springframework.boot.web.servlet.context.AnnotationConfigServletWebServerApplicationContext@e023e3d: startup date [Mon Jan 21 11:27:09 CST 2019]; parent: org.springframework.context.annotation.AnnotationConfigApplicationContext@265c5370 
INFO  [2019-01-21 11:28:25,791][] org.springframework.web.servlet.handler.AbstractHandlerMethodMapping$MappingRegistry:547 - Mapped "{[/data/showPanelGroupData]}" onto public com.alibaba.fastjson.JSONObject com.open.application.console.controller.IndexController.showPanelGroupData(java.lang.String,java.lang.String) 
INFO  [2019-01-21 11:28:25,792][] org.springframework.web.servlet.handler.AbstractHandlerMethodMapping$MappingRegistry:547 - Mapped "{[/data/showLineChartData],methods=[GET]}" onto public com.alibaba.fastjson.JSONObject com.open.application.console.controller.IndexController.showPanelGroupData(java.lang.String,java.lang.String,java.lang.String) 
INFO  [2019-01-21 11:28:25,792][] org.springframework.web.servlet.handler.AbstractHandlerMethodMapping$MappingRegistry:547 - Mapped "{[/data/showPieChartData],methods=[GET]}" onto public com.open.application.common.models.PieChart com.open.application.console.controller.IndexController.showPieChartData(java.lang.String,java.lang.String) 
INFO  [2019-01-21 11:28:25,792][] org.springframework.web.servlet.handler.AbstractHandlerMethodMapping$MappingRegistry:547 - Mapped "{[/data/showBarChartData],methods=[GET]}" onto public com.open.application.common.models.BarChart com.open.application.console.controller.IndexController.showBarChartData(java.lang.String,java.lang.String) 
INFO  [2019-01-21 11:28:25,793][] org.springframework.web.servlet.handler.AbstractHandlerMethodMapping$MappingRegistry:547 - Mapped "{[/data/showTransactionTableData],methods=[GET]}" onto private java.util.List<com.open.application.common.models.TaskMessage> com.open.application.console.controller.IndexController.showTransactionTableData(java.lang.String,java.lang.String) 
INFO  [2019-01-21 11:28:25,794][] org.springframework.web.servlet.handler.AbstractHandlerMethodMapping$MappingRegistry:547 - Mapped "{[/login/user/info],methods=[GET],produces=[application/json;charset=utf-8]}" onto public com.alibaba.fastjson.JSONObject com.open.application.console.controller.LoginController.userInfo(java.lang.String) 
INFO  [2019-01-21 11:28:25,795][] org.springframework.web.servlet.handler.AbstractHandlerMethodMapping$MappingRegistry:547 - Mapped "{[/login/login],methods=[POST],produces=[application/json;charset=utf-8]}" onto public com.alibaba.fastjson.JSONObject com.open.application.console.controller.LoginController.login(com.open.application.common.models.LoginInfo) 
INFO  [2019-01-21 11:28:25,796][] org.springframework.web.servlet.handler.AbstractHandlerMethodMapping$MappingRegistry:547 - Mapped "{[/singer/getSingerLimit]}" onto public com.alibaba.fastjson.JSONObject com.open.application.console.controller.SingerController.getAllSingerLimit(java.lang.Integer,java.lang.Integer,java.lang.String,java.lang.String) 
INFO  [2019-01-21 11:28:25,796][] org.springframework.web.servlet.handler.AbstractHandlerMethodMapping$MappingRegistry:547 - Mapped "{[/singer/searchSinger]}" onto public com.alibaba.fastjson.JSONObject com.open.application.console.controller.SingerController.searchSinger(java.lang.Integer,java.lang.Integer,java.lang.String,java.lang.String,java.lang.String,java.lang.String,java.lang.String) 
INFO  [2019-01-21 11:28:25,797][] org.springframework.web.servlet.handler.AbstractHandlerMethodMapping$MappingRegistry:547 - Mapped "{[/spider/operation]}" onto public com.alibaba.fastjson.JSONObject com.open.application.console.controller.SpiderController.operationSpider(java.lang.String,java.lang.String,java.lang.Integer) 
INFO  [2019-01-21 11:28:26,065][] org.springframework.web.servlet.handler.AbstractHandlerMethodMapping$MappingRegistry:547 - Mapped "{[/task/showTaskData],methods=[GET]}" onto public com.alibaba.fastjson.JSONObject com.open.application.console.controller.TaskShowController.showTaskData(java.lang.String,java.lang.String,java.lang.Integer,java.lang.Integer,boolean) 
INFO  [2019-01-21 11:28:26,066][] org.springframework.web.servlet.handler.AbstractHandlerMethodMapping$MappingRegistry:547 - Mapped "{[/task/searchTask],methods=[GET]}" onto public java.util.Map com.open.application.console.controller.TaskShowController.searchTask(java.lang.String,java.lang.String,java.lang.String,java.lang.String,java.lang.Integer,java.lang.Integer,java.lang.Integer,java.lang.String) 
INFO  [2019-01-21 11:28:26,067][] org.springframework.web.servlet.handler.AbstractHandlerMethodMapping$MappingRegistry:547 - Mapped "{[/task/newTask],methods=[POST]}" onto public com.alibaba.fastjson.JSONObject com.open.application.console.controller.TaskShowController.newTask(com.open.application.common.models.Task) 
INFO  [2019-01-21 11:28:26,067][] org.springframework.web.servlet.handler.AbstractHandlerMethodMapping$MappingRegistry:547 - Mapped "{[/task/getTaskIDs],methods=[GET]}" onto public java.util.List com.open.application.console.controller.TaskShowController.getTaskIDs(java.lang.String,java.lang.String) 
INFO  [2019-01-21 11:28:26,067][] org.springframework.web.servlet.handler.AbstractHandlerMethodMapping$MappingRegistry:547 - Mapped "{[/task/q],methods=[GET]}" onto public java.util.List com.open.application.console.controller.TaskShowController.getExceptionType(java.lang.String,java.lang.String,java.lang.String) 
INFO  [2019-01-21 11:28:26,067][] org.springframework.web.servlet.handler.AbstractHandlerMethodMapping$MappingRegistry:547 - Mapped "{[/task/s],methods=[GET]}" onto public java.util.Map com.open.application.console.controller.TaskShowController.searchExceptionType(java.lang.String,java.lang.String,java.lang.String,java.lang.String,java.lang.String,java.lang.Integer,java.lang.Integer) 
INFO  [2019-01-21 11:28:26,073][] org.springframework.web.servlet.handler.AbstractHandlerMethodMapping$MappingRegistry:547 - Mapped "{[/error]}" onto public org.springframework.http.ResponseEntity<java.util.Map<java.lang.String, java.lang.Object>> org.springframework.boot.autoconfigure.web.servlet.error.BasicErrorController.error(javax.servlet.http.HttpServletRequest) 
INFO  [2019-01-21 11:28:26,074][] org.springframework.web.servlet.handler.AbstractHandlerMethodMapping$MappingRegistry:547 - Mapped "{[/error],produces=[text/html]}" onto public org.springframework.web.servlet.ModelAndView org.springframework.boot.autoconfigure.web.servlet.error.BasicErrorController.errorHtml(javax.servlet.http.HttpServletRequest,javax.servlet.http.HttpServletResponse) 
INFO  [2019-01-21 11:28:27,193][] org.springframework.web.servlet.handler.AbstractUrlHandlerMapping:373 - Mapped URL path [/webjars/**] onto handler of type [class org.springframework.web.servlet.resource.ResourceHttpRequestHandler] 
INFO  [2019-01-21 11:28:27,194][] org.springframework.web.servlet.handler.AbstractUrlHandlerMapping:373 - Mapped URL path [/**] onto handler of type [class org.springframework.web.servlet.resource.ResourceHttpRequestHandler] 
INFO  [2019-01-21 11:28:35,377][] org.springframework.boot.actuate.endpoint.web.EndpointLinksResolver:59 - Exposing 2 endpoint(s) beneath base path '/actuator' 
INFO  [2019-01-21 11:28:35,742][] org.springframework.web.servlet.handler.AbstractHandlerMethodMapping$MappingRegistry:547 - Mapped "{[/actuator/health],methods=[GET],produces=[application/vnd.spring-boot.actuator.v2+json || application/json]}" onto public java.lang.Object org.springframework.boot.actuate.endpoint.web.servlet.AbstractWebMvcEndpointHandlerMapping$OperationHandler.handle(javax.servlet.http.HttpServletRequest,java.util.Map<java.lang.String, java.lang.String>) 
INFO  [2019-01-21 11:28:35,742][] org.springframework.web.servlet.handler.AbstractHandlerMethodMapping$MappingRegistry:547 - Mapped "{[/actuator/info],methods=[GET],produces=[application/vnd.spring-boot.actuator.v2+json || application/json]}" onto public java.lang.Object org.springframework.boot.actuate.endpoint.web.servlet.AbstractWebMvcEndpointHandlerMapping$OperationHandler.handle(javax.servlet.http.HttpServletRequest,java.util.Map<java.lang.String, java.lang.String>) 
INFO  [2019-01-21 11:28:35,743][] org.springframework.web.servlet.handler.AbstractHandlerMethodMapping$MappingRegistry:547 - Mapped "{[/actuator],methods=[GET],produces=[application/vnd.spring-boot.actuator.v2+json || application/json]}" onto protected java.util.Map<java.lang.String, java.util.Map<java.lang.String, org.springframework.boot.actuate.endpoint.web.Link>> org.springframework.boot.actuate.endpoint.web.servlet.WebMvcEndpointHandlerMapping.links(javax.servlet.http.HttpServletRequest,javax.servlet.http.HttpServletResponse) 
INFO  [2019-01-21 11:28:36,604][] org.springframework.jmx.export.MBeanExporter:433 - Registering beans for JMX exposure on startup 
INFO  [2019-01-21 11:28:36,620][] org.springframework.jmx.export.MBeanExporter:895 - Bean with name 'environmentManager' has been autodetected for JMX exposure 
INFO  [2019-01-21 11:28:36,623][] org.springframework.jmx.export.MBeanExporter:895 - Bean with name 'refreshScope' has been autodetected for JMX exposure 
INFO  [2019-01-21 11:28:36,624][] org.springframework.jmx.export.MBeanExporter:895 - Bean with name 'configurationPropertiesRebinder' has been autodetected for JMX exposure 
INFO  [2019-01-21 11:28:36,627][] org.springframework.jmx.export.MBeanExporter:675 - Located managed bean 'environmentManager': registering with JMX server as MBean [org.springframework.cloud.context.environment:name=environmentManager,type=EnvironmentManager] 
INFO  [2019-01-21 11:28:36,824][] org.springframework.jmx.export.MBeanExporter:675 - Located managed bean 'refreshScope': registering with JMX server as MBean [org.springframework.cloud.context.scope.refresh:name=refreshScope,type=RefreshScope] 
INFO  [2019-01-21 11:28:36,992][] org.springframework.jmx.export.MBeanExporter:675 - Located managed bean 'configurationPropertiesRebinder': registering with JMX server as MBean [org.springframework.cloud.context.properties:name=configurationPropertiesRebinder,context=e023e3d,type=ConfigurationPropertiesRebinder] 
INFO  [2019-01-21 11:28:37,467][] org.apache.juli.logging.DirectJDKLog:180 - Starting ProtocolHandler ["http-nio-8088"] 
INFO  [2019-01-21 11:28:37,468][] org.apache.juli.logging.DirectJDKLog:180 - Using a shared selector for servlet write/read 
INFO  [2019-01-21 11:28:37,494][] org.springframework.boot.web.embedded.tomcat.TomcatWebServer:206 - Tomcat started on port(s): 8088 (http) with context path '' 
INFO  [2019-01-21 11:28:37,500][] org.springframework.boot.StartupInfoLogger:59 - Started App in 242.671 seconds (JVM running for 295.174) 
INFO  [2019-01-21 11:28:38,474][] org.apache.juli.logging.DirectJDKLog:180 - Initializing Spring FrameworkServlet 'dispatcherServlet' 
INFO  [2019-01-21 11:28:38,474][] org.springframework.web.servlet.FrameworkServlet:494 - FrameworkServlet 'dispatcherServlet': initialization started 
INFO  [2019-01-21 11:28:38,957][] org.springframework.web.servlet.FrameworkServlet:509 - FrameworkServlet 'dispatcherServlet': initialization completed in 483 ms 
INFO  [2019-01-21 11:31:30,827][] com.open.application.console.controller.LoginController:53 - get username=root123 and id =cd6821a74a4f4f7da591e316e66a7410 info 
INFO  [2019-01-21 11:55:33,514][] com.open.application.console.controller.LoginController:53 - get username=root123 and id =cd6821a74a4f4f7da591e316e66a7410 info 
INFO  [2019-01-21 11:58:50,694][] com.open.application.console.controller.LoginController:53 - get username=root123 and id =cd6821a74a4f4f7da591e316e66a7410 info 
INFO  [2019-01-21 11:59:05,369][] com.open.application.console.controller.TaskShowController:93 - [0f6bc07ec326468dba3b71f59d00a527, 22379e62522c46ca9e66b9e02b8257a8, 26a453ab91864bafbff1ea86ba288024, 44a92cce295246aeb4b5675455ff0d32, 4ee721bbb3634311b9fbd7928f16c31d, 7ab75a0c59ec47038ccdc7b4ce6cf289, 8b412e1bd30d4281af5e10fc94ef0334] 
INFO  [2019-01-21 14:49:54,149][] com.open.application.console.controller.LoginController:53 - get username=root123 and id =cd6821a74a4f4f7da591e316e66a7410 info 
INFO  [2019-01-21 14:59:29,626][] com.open.application.console.controller.TaskShowController:93 - [0f6bc07ec326468dba3b71f59d00a527, 22379e62522c46ca9e66b9e02b8257a8, 26a453ab91864bafbff1ea86ba288024, 44a92cce295246aeb4b5675455ff0d32, 4ee721bbb3634311b9fbd7928f16c31d, 7ab75a0c59ec47038ccdc7b4ce6cf289, 8a29a5c6a21b4c8482e3b2c149cecf3f, 8b412e1bd30d4281af5e10fc94ef0334] 
INFO  [2019-01-21 15:00:07,146][] com.open.application.console.controller.LoginController:53 - get username=root123 and id =cd6821a74a4f4f7da591e316e66a7410 info 
INFO  [2019-01-21 15:00:58,853][] com.open.application.console.controller.LoginController:53 - get username=root123 and id =cd6821a74a4f4f7da591e316e66a7410 info 
INFO  [2019-01-21 15:01:37,745][] com.open.application.console.controller.LoginController:53 - get username=root123 and id =cd6821a74a4f4f7da591e316e66a7410 info 
INFO  [2019-01-21 15:02:39,640][] com.open.application.console.controller.LoginController:53 - get username=root123 and id =cd6821a74a4f4f7da591e316e66a7410 info 
INFO  [2019-01-21 15:03:40,752][] com.open.application.console.controller.LoginController:53 - get username=root123 and id =cd6821a74a4f4f7da591e316e66a7410 info 
INFO  [2019-01-21 15:07:58,342][] com.open.application.console.controller.LoginController:53 - get username=root123 and id =cd6821a74a4f4f7da591e316e66a7410 info 
INFO  [2019-01-21 15:08:08,971][] com.open.application.console.controller.LoginController:53 - get username=root123 and id =cd6821a74a4f4f7da591e316e66a7410 info 
INFO  [2019-01-21 15:08:29,896][] com.open.application.console.controller.LoginController:53 - get username=root123 and id =cd6821a74a4f4f7da591e316e66a7410 info 
INFO  [2019-01-21 15:44:05,777][] com.open.application.console.controller.LoginController:53 - get username=root123 and id =cd6821a74a4f4f7da591e316e66a7410 info 
INFO  [2019-01-21 15:48:00,032][] com.open.application.console.controller.LoginController:53 - get username=root123 and id =cd6821a74a4f4f7da591e316e66a7410 info 
INFO  [2019-01-21 15:48:18,408][] com.open.application.console.controller.TaskShowController:93 - [0f6bc07ec326468dba3b71f59d00a527, 22379e62522c46ca9e66b9e02b8257a8, 26a453ab91864bafbff1ea86ba288024, 2d1081b5a428415d8fc2a739be544767, 44a92cce295246aeb4b5675455ff0d32, 4ee721bbb3634311b9fbd7928f16c31d, 7ab75a0c59ec47038ccdc7b4ce6cf289, 8b412e1bd30d4281af5e10fc94ef0334] 
INFO  [2019-01-21 16:14:45,668][] com.open.application.console.controller.LoginController:53 - get username=root123 and id =cd6821a74a4f4f7da591e316e66a7410 info 
INFO  [2019-01-21 16:15:12,052][] com.open.application.console.controller.TaskShowController:93 - [0f6bc07ec326468dba3b71f59d00a527, 22379e62522c46ca9e66b9e02b8257a8, 26a453ab91864bafbff1ea86ba288024, 2d1081b5a428415d8fc2a739be544767, 44a92cce295246aeb4b5675455ff0d32, 4ee721bbb3634311b9fbd7928f16c31d, 7ab75a0c59ec47038ccdc7b4ce6cf289, 8b412e1bd30d4281af5e10fc94ef0334] 
INFO  [2019-01-21 16:24:16,976][] com.open.application.console.controller.LoginController:53 - get username=root123 and id =cd6821a74a4f4f7da591e316e66a7410 info 
INFO  [2019-01-21 16:39:39,104][] com.open.application.console.controller.LoginController:53 - get username=root123 and id =cd6821a74a4f4f7da591e316e66a7410 info 
INFO  [2019-01-21 16:40:00,921][] com.open.application.console.controller.LoginController:53 - get username=root123 and id =cd6821a74a4f4f7da591e316e66a7410 info 
INFO  [2019-01-21 16:41:28,076][] com.open.application.console.controller.LoginController:53 - get username=root123 and id =cd6821a74a4f4f7da591e316e66a7410 info 
INFO  [2019-01-21 16:51:49,189][] com.open.application.console.controller.LoginController:53 - get username=root123 and id =cd6821a74a4f4f7da591e316e66a7410 info 
INFO  [2019-01-21 16:52:26,267][] com.open.application.console.controller.LoginController:53 - get username=root123 and id =cd6821a74a4f4f7da591e316e66a7410 info 
INFO  [2019-01-21 16:52:48,770][] com.open.application.console.controller.LoginController:53 - get username=root123 and id =cd6821a74a4f4f7da591e316e66a7410 info 
INFO  [2019-01-21 16:55:30,450][] com.open.application.console.controller.LoginController:53 - get username=root123 and id =cd6821a74a4f4f7da591e316e66a7410 info 
INFO  [2019-01-21 17:10:03,591][] com.open.application.console.controller.TaskShowController:93 - [0f6bc07ec326468dba3b71f59d00a527, 22379e62522c46ca9e66b9e02b8257a8, 26a453ab91864bafbff1ea86ba288024, 2d1081b5a428415d8fc2a739be544767, 44a92cce295246aeb4b5675455ff0d32, 4ee721bbb3634311b9fbd7928f16c31d, 7ab75a0c59ec47038ccdc7b4ce6cf289, 8b412e1bd30d4281af5e10fc94ef0334] 
INFO  [2019-01-21 17:39:03,102][] com.open.application.console.controller.LoginController:53 - get username=root123 and id =cd6821a74a4f4f7da591e316e66a7410 info 
INFO  [2019-01-21 17:59:15,333][] com.open.application.console.controller.LoginController:53 - get username=root123 and id =cd6821a74a4f4f7da591e316e66a7410 info 
INFO  [2019-01-21 18:05:07,578][] com.open.application.console.controller.LoginController:53 - get username=root123 and id =cd6821a74a4f4f7da591e316e66a7410 info 
INFO  [2019-01-21 18:25:46,553][] com.open.application.console.controller.LoginController:53 - get username=root123 and id =cd6821a74a4f4f7da591e316e66a7410 info 
INFO  [2019-01-21 18:40:47,556][] com.open.application.console.controller.LoginController:53 - get username=root123 and id =cd6821a74a4f4f7da591e316e66a7410 info 
INFO  [2019-01-21 18:49:55,824][] com.open.application.console.controller.TaskShowController:93 - [0f6bc07ec326468dba3b71f59d00a527, 22379e62522c46ca9e66b9e02b8257a8, 26a453ab91864bafbff1ea86ba288024, 2d1081b5a428415d8fc2a739be544767, 44a92cce295246aeb4b5675455ff0d32, 4ee721bbb3634311b9fbd7928f16c31d, 7ab75a0c59ec47038ccdc7b4ce6cf289, 8b412e1bd30d4281af5e10fc94ef0334] 
INFO  [2019-01-21 18:51:04,189][] com.open.application.console.controller.TaskShowController:93 - [0f6bc07ec326468dba3b71f59d00a527, 22379e62522c46ca9e66b9e02b8257a8, 26a453ab91864bafbff1ea86ba288024, 2d1081b5a428415d8fc2a739be544767, 44a92cce295246aeb4b5675455ff0d32, 4ee721bbb3634311b9fbd7928f16c31d, 7ab75a0c59ec47038ccdc7b4ce6cf289, 8b412e1bd30d4281af5e10fc94ef0334] 
INFO  [2019-01-21 18:51:28,668][] com.open.application.console.controller.TaskShowController:93 - [0f6bc07ec326468dba3b71f59d00a527, 22379e62522c46ca9e66b9e02b8257a8, 26a453ab91864bafbff1ea86ba288024, 2d1081b5a428415d8fc2a739be544767, 44a92cce295246aeb4b5675455ff0d32, 4ee721bbb3634311b9fbd7928f16c31d, 7ab75a0c59ec47038ccdc7b4ce6cf289, 8b412e1bd30d4281af5e10fc94ef0334] 
INFO  [2019-01-21 18:53:22,260][] com.open.application.console.controller.LoginController:53 - get username=root123 and id =cd6821a74a4f4f7da591e316e66a7410 info 
INFO  [2019-01-21 18:53:33,340][] com.open.application.console.controller.TaskShowController:93 - [0f6bc07ec326468dba3b71f59d00a527, 22379e62522c46ca9e66b9e02b8257a8, 26a453ab91864bafbff1ea86ba288024, 2d1081b5a428415d8fc2a739be544767, 44a92cce295246aeb4b5675455ff0d32, 4ee721bbb3634311b9fbd7928f16c31d, 7ab75a0c59ec47038ccdc7b4ce6cf289, 8b412e1bd30d4281af5e10fc94ef0334] 
INFO  [2019-01-21 18:53:55,768][] com.open.application.console.controller.TaskShowController:93 - [0f6bc07ec326468dba3b71f59d00a527, 22379e62522c46ca9e66b9e02b8257a8, 26a453ab91864bafbff1ea86ba288024, 2d1081b5a428415d8fc2a739be544767, 44a92cce295246aeb4b5675455ff0d32, 4ee721bbb3634311b9fbd7928f16c31d, 7ab75a0c59ec47038ccdc7b4ce6cf289, 8b412e1bd30d4281af5e10fc94ef0334] 
INFO  [2019-01-21 18:54:16,923][] com.open.application.console.controller.TaskShowController:93 - [0f6bc07ec326468dba3b71f59d00a527, 22379e62522c46ca9e66b9e02b8257a8, 26a453ab91864bafbff1ea86ba288024, 2d1081b5a428415d8fc2a739be544767, 44a92cce295246aeb4b5675455ff0d32, 4ee721bbb3634311b9fbd7928f16c31d, 7ab75a0c59ec47038ccdc7b4ce6cf289, 8b412e1bd30d4281af5e10fc94ef0334] 
INFO  [2019-01-21 18:56:02,317][] com.open.application.console.controller.TaskShowController:93 - [0f6bc07ec326468dba3b71f59d00a527, 22379e62522c46ca9e66b9e02b8257a8, 26a453ab91864bafbff1ea86ba288024, 2d1081b5a428415d8fc2a739be544767, 44a92cce295246aeb4b5675455ff0d32, 4ee721bbb3634311b9fbd7928f16c31d, 7ab75a0c59ec47038ccdc7b4ce6cf289, 8b412e1bd30d4281af5e10fc94ef0334] 
INFO  [2019-01-21 19:00:29,144][] com.open.application.console.controller.TaskShowController:93 - [0f6bc07ec326468dba3b71f59d00a527, 22379e62522c46ca9e66b9e02b8257a8, 26a453ab91864bafbff1ea86ba288024, 2d1081b5a428415d8fc2a739be544767, 44a92cce295246aeb4b5675455ff0d32, 4ee721bbb3634311b9fbd7928f16c31d, 7ab75a0c59ec47038ccdc7b4ce6cf289, 8b412e1bd30d4281af5e10fc94ef0334] 
INFO  [2019-01-21 19:07:05,839][] com.alibaba.boot.dubbo.context.event.AwaitingNonWebApplicationListener$2:83 -  [Dubbo] Current Spring Boot Application is about to shutdown... 
INFO  [2019-01-21 19:07:05,845][] org.springframework.context.support.AbstractApplicationContext:993 - Closing org.springframework.boot.web.servlet.context.AnnotationConfigServletWebServerApplicationContext@e023e3d: startup date [Mon Jan 21 11:27:09 CST 2019]; parent: org.springframework.context.annotation.AnnotationConfigApplicationContext@265c5370 
INFO  [2019-01-21 19:07:06,136][] org.apache.zookeeper.ClientCnxn$SendThread:1162 - Unable to read additional data from server sessionid 0x10000030afc0007, likely server has closed socket, closing socket connection and attempting reconnect 
INFO  [2019-01-21 19:07:06,260][] org.apache.curator.framework.state.ConnectionStateManager:237 - State change: SUSPENDED 
INFO  [2019-01-21 19:07:06,720][] org.springframework.jmx.export.MBeanExporter:451 - Unregistering JMX-exposed beans on shutdown 
INFO  [2019-01-21 19:07:06,721][] org.springframework.jmx.support.MBeanRegistrationSupport:183 - Unregistering JMX-exposed beans 
INFO  [2019-01-21 19:07:06,862][] org.springframework.scheduling.concurrent.ExecutorConfigurationSupport:208 - Shutting down ExecutorService 'threadPoolTaskScheduler' 
INFO  [2019-01-21 19:07:07,241][] com.alibaba.dubbo.config.spring.beans.factory.annotation.ReferenceAnnotationBeanPostProcessor:242 - <dubbo:reference object="com.alibaba.dubbo.common.bytecode.proxy2@5efcedb1" singleton="true" interface="com.open.application.common.service.LoginService" uniqueServiceName="com.open.application.common.service.LoginService" generic="false" id="com.open.application.common.service.LoginService" /> was destroying! 
INFO  [2019-01-21 19:07:07,242][] com.alibaba.dubbo.config.spring.beans.factory.annotation.ReferenceAnnotationBeanPostProcessor:251 - class com.alibaba.dubbo.config.spring.beans.factory.annotation.ReferenceAnnotationBeanPostProcessor was destroying! 
