2019-01-16 16:42:27,431 INFO [main] c.x.j.e.XxlJobExecutorApplication [StartupInfoLogger.java : 48] Starting XxlJobExecutorApplication on YuanhaodeMacBook-Pro.local with PID 8481 (/Users/yuanhaohe/xxl-job-2.0.1/xxl-job-executor-samples/xxl-job-executor-sample-springboot/target/classes started by yuanhaohe in /Users/yuanhaohe/xxl-job-2.0.1)
2019-01-16 16:42:27,435 INFO [main] c.x.j.e.XxlJobExecutorApplication [SpringApplication.java : 593] No active profile set, falling back to default profiles: default
2019-01-16 16:42:27,618 INFO [background-preinit] o.h.validator.internal.util.Version [Version.java : 30] HV000001: Hibernate Validator 5.3.6.Final
2019-01-16 16:42:27,880 INFO [main] o.s.b.c.e.AnnotationConfigEmbeddedWebApplicationContext [AbstractApplicationContext.java : 583] Refreshing org.springframework.boot.context.embedded.AnnotationConfigEmbeddedWebApplicationContext@2ddc8ecb: startup date [Wed Jan 16 16:42:27 CST 2019]; root of context hierarchy
2019-01-16 16:42:28,963 INFO [main] o.s.b.c.e.t.TomcatEmbeddedServletContainer [TomcatEmbeddedServletContainer.java : 92] Tomcat initialized with port(s): 8777 (http)
2019-01-16 16:42:28,972 INFO [main] o.a.coyote.http11.Http11NioProtocol [DirectJDKLog.java : 180] Initializing ProtocolHandler ["http-nio-8777"]
2019-01-16 16:42:28,978 INFO [main] o.a.catalina.core.StandardService [DirectJDKLog.java : 180] Starting service [Tomcat]
2019-01-16 16:42:28,979 INFO [main] o.a.catalina.core.StandardEngine [DirectJDKLog.java : 180] Starting Servlet Engine: Apache Tomcat/8.5.34
2019-01-16 16:42:29,043 INFO [localhost-startStop-1] o.a.c.c.C.[Tomcat].[localhost].[/] [DirectJDKLog.java : 180] Initializing Spring embedded WebApplicationContext
2019-01-16 16:42:29,043 INFO [localhost-startStop-1] o.s.web.context.ContextLoader [EmbeddedWebApplicationContext.java : 276] Root WebApplicationContext: initialization completed in 1163 ms
2019-01-16 16:42:29,137 INFO [localhost-startStop-1] o.s.b.w.s.ServletRegistrationBean [ServletRegistrationBean.java : 191] Mapping servlet: 'dispatcherServlet' to [/]
2019-01-16 16:42:29,140 INFO [localhost-startStop-1] o.s.b.w.s.FilterRegistrationBean [AbstractFilterRegistrationBean.java : 259] Mapping filter: 'characterEncodingFilter' to: [/*]
2019-01-16 16:42:29,141 INFO [localhost-startStop-1] o.s.b.w.s.FilterRegistrationBean [AbstractFilterRegistrationBean.java : 259] Mapping filter: 'hiddenHttpMethodFilter' to: [/*]
2019-01-16 16:42:29,141 INFO [localhost-startStop-1] o.s.b.w.s.FilterRegistrationBean [AbstractFilterRegistrationBean.java : 259] Mapping filter: 'httpPutFormContentFilter' to: [/*]
2019-01-16 16:42:29,141 INFO [localhost-startStop-1] o.s.b.w.s.FilterRegistrationBean [AbstractFilterRegistrationBean.java : 259] Mapping filter: 'requestContextFilter' to: [/*]
2019-01-16 16:42:29,192 INFO [main] c.x.j.e.core.config.XxlJobConfig [XxlJobConfig.java : 45] >>>>>>>>>>> xxl-job config init.
2019-01-16 16:42:29,207 INFO [main] c.x.job.core.executor.XxlJobExecutor [XxlJobExecutor.java : 204] >>>>>>>>>>> xxl-job register jobhandler success, name:commandJobHandler, jobHandler:com.xxl.job.executor.service.jobhandler.CommandJobHandler@21362712
2019-01-16 16:42:29,213 INFO [main] c.x.job.core.executor.XxlJobExecutor [XxlJobExecutor.java : 204] >>>>>>>>>>> xxl-job register jobhandler success, name:demoJobHandler, jobHandler:com.xxl.job.executor.service.jobhandler.DemoJobHandler@27eb3298
2019-01-16 16:42:29,215 INFO [main] c.x.job.core.executor.XxlJobExecutor [XxlJobExecutor.java : 204] >>>>>>>>>>> xxl-job register jobhandler success, name:httpJobHandler, jobHandler:com.xxl.job.executor.service.jobhandler.HttpJobHandler@200a26bc
2019-01-16 16:42:29,215 INFO [main] c.x.job.core.executor.XxlJobExecutor [XxlJobExecutor.java : 204] >>>>>>>>>>> xxl-job register jobhandler success, name:shardingJobHandler, jobHandler:com.xxl.job.executor.service.jobhandler.ShardingJobHandler@bc57b40
2019-01-16 16:42:29,253 INFO [main] c.x.r.r.p.XxlRpcProviderFactory [XxlRpcProviderFactory.java : 155] >>>>>>>>>>> xxl-rpc, provider factory add service success. serviceKey = com.xxl.job.core.biz.ExecutorBiz, serviceBean = class com.xxl.job.core.biz.impl.ExecutorBizImpl
2019-01-16 16:42:29,260 INFO [Thread-10] org.eclipse.jetty.util.log [Log.java : 186] Logging initialized @3116ms
2019-01-16 16:42:29,288 INFO [Thread-10] org.eclipse.jetty.server.Server [Server.java : 327] jetty-9.2.26.v20180806
2019-01-16 16:42:29,357 INFO [Thread-10] o.e.jetty.server.ServerConnector [AbstractConnector.java : 266] Started ServerConnector@4c773d97{HTTP/1.1}{0.0.0.0:7878}
2019-01-16 16:42:29,358 INFO [Thread-10] org.eclipse.jetty.server.Server [Server.java : 379] Started @3214ms
2019-01-16 16:42:29,358 INFO [Thread-10] com.xxl.rpc.remoting.net.Server [JettyServer.java : 50] >>>>>>>>>>> xxl-rpc remoting server start success, nettype = com.xxl.rpc.remoting.net.impl.jetty.server.JettyServer, port = 7878
2019-01-16 16:42:29,504 INFO [Thread-21] c.x.j.c.t.ExecutorRegistryThread [ExecutorRegistryThread.java : 51] >>>>>>>>>>> xxl-job registry success, registryParam:RegistryParam{registGroup='EXECUTOR', registryKey='xxl-job-executor-sample', registryValue='10.0.0.124:7878'}, registryResult:ReturnT [code=200, msg=null, content=null]
2019-01-16 16:42:29,643 INFO [main] o.s.w.s.m.m.a.RequestMappingHandlerAdapter [RequestMappingHandlerAdapter.java : 556] Looking for @ControllerAdvice: org.springframework.boot.context.embedded.AnnotationConfigEmbeddedWebApplicationContext@2ddc8ecb: startup date [Wed Jan 16 16:42:27 CST 2019]; root of context hierarchy
2019-01-16 16:42:29,682 INFO [main] o.s.w.s.m.m.a.RequestMappingHandlerMapping [AbstractHandlerMethodMapping.java : 543] Mapped "{[/error]}" onto public org.springframework.http.ResponseEntity<java.util.Map<java.lang.String, java.lang.Object>> org.springframework.boot.autoconfigure.web.BasicErrorController.error(javax.servlet.http.HttpServletRequest)
2019-01-16 16:42:29,683 INFO [main] o.s.w.s.m.m.a.RequestMappingHandlerMapping [AbstractHandlerMethodMapping.java : 543] Mapped "{[/error],produces=[text/html]}" onto public org.springframework.web.servlet.ModelAndView org.springframework.boot.autoconfigure.web.BasicErrorController.errorHtml(javax.servlet.http.HttpServletRequest,javax.servlet.http.HttpServletResponse)
2019-01-16 16:42:29,701 INFO [main] o.s.w.s.h.SimpleUrlHandlerMapping [AbstractUrlHandlerMapping.java : 362] Mapped URL path [/webjars/**] onto handler of type [class org.springframework.web.servlet.resource.ResourceHttpRequestHandler]
2019-01-16 16:42:29,701 INFO [main] o.s.w.s.h.SimpleUrlHandlerMapping [AbstractUrlHandlerMapping.java : 362] Mapped URL path [/**] onto handler of type [class org.springframework.web.servlet.resource.ResourceHttpRequestHandler]
2019-01-16 16:42:29,722 INFO [main] o.s.w.s.h.SimpleUrlHandlerMapping [AbstractUrlHandlerMapping.java : 362] Mapped URL path [/**/favicon.ico] onto handler of type [class org.springframework.web.servlet.resource.ResourceHttpRequestHandler]
2019-01-16 16:42:29,834 INFO [main] o.s.j.e.a.AnnotationMBeanExporter [MBeanExporter.java : 431] Registering beans for JMX exposure on startup
2019-01-16 16:42:29,853 INFO [main] o.a.coyote.http11.Http11NioProtocol [DirectJDKLog.java : 180] Starting ProtocolHandler ["http-nio-8777"]
2019-01-16 16:42:29,854 INFO [main] o.a.tomcat.util.net.NioSelectorPool [DirectJDKLog.java : 180] Using a shared selector for servlet write/read
2019-01-16 16:42:29,864 INFO [main] o.s.b.c.e.t.TomcatEmbeddedServletContainer [TomcatEmbeddedServletContainer.java : 216] Tomcat started on port(s): 8777 (http)
2019-01-16 16:42:29,868 INFO [main] c.x.j.e.XxlJobExecutorApplication [StartupInfoLogger.java : 57] Started XxlJobExecutorApplication in 2.787 seconds (JVM running for 3.724)
2019-01-16 16:42:59,518 INFO [Thread-21] c.x.j.c.t.ExecutorRegistryThread [ExecutorRegistryThread.java : 51] >>>>>>>>>>> xxl-job registry success, registryParam:RegistryParam{registGroup='EXECUTOR', registryKey='xxl-job-executor-sample', registryValue='10.0.0.124:7878'}, registryResult:ReturnT [code=200, msg=null, content=null]
2019-01-16 16:43:29,524 INFO [Thread-21] c.x.j.c.t.ExecutorRegistryThread [ExecutorRegistryThread.java : 51] >>>>>>>>>>> xxl-job registry success, registryParam:RegistryParam{registGroup='EXECUTOR', registryKey='xxl-job-executor-sample', registryValue='10.0.0.124:7878'}, registryResult:ReturnT [code=200, msg=null, content=null]
2019-01-16 16:43:59,532 INFO [Thread-21] c.x.j.c.t.ExecutorRegistryThread [ExecutorRegistryThread.java : 51] >>>>>>>>>>> xxl-job registry success, registryParam:RegistryParam{registGroup='EXECUTOR', registryKey='xxl-job-executor-sample', registryValue='10.0.0.124:7878'}, registryResult:ReturnT [code=200, msg=null, content=null]
2019-01-16 16:44:19,587 INFO [Thread-32] o.s.b.c.e.AnnotationConfigEmbeddedWebApplicationContext [AbstractApplicationContext.java : 984] Closing org.springframework.boot.context.embedded.AnnotationConfigEmbeddedWebApplicationContext@2ddc8ecb: startup date [Wed Jan 16 16:42:27 CST 2019]; root of context hierarchy
2019-01-16 16:44:19,591 INFO [Thread-32] o.s.j.e.a.AnnotationMBeanExporter [MBeanExporter.java : 449] Unregistering JMX-exposed beans on shutdown
2019-01-16 16:44:19,593 ERROR [Thread-7] c.x.j.c.thread.TriggerCallbackThread [TriggerCallbackThread.java : 79] null
java.lang.InterruptedException: null
	at java.util.concurrent.locks.AbstractQueuedSynchronizer$ConditionObject.reportInterruptAfterWait(AbstractQueuedSynchronizer.java:2014)
	at java.util.concurrent.locks.AbstractQueuedSynchronizer$ConditionObject.await(AbstractQueuedSynchronizer.java:2048)
	at java.util.concurrent.LinkedBlockingQueue.take(LinkedBlockingQueue.java:442)
	at com.xxl.job.core.thread.TriggerCallbackThread$1.run(TriggerCallbackThread.java:65)
	at java.lang.Thread.run(Thread.java:748)
2019-01-16 16:44:19,593 INFO [Thread-7] c.x.j.c.thread.TriggerCallbackThread [TriggerCallbackThread.java : 93] >>>>>>>>>>> xxl-job, executor callback thread destory.
2019-01-16 16:44:19,593 WARN [Thread-8] c.x.j.c.thread.TriggerCallbackThread [TriggerCallbackThread.java : 114] >>>>>>>>>>> xxl-job, executor retry callback thread interrupted, error msg:sleep interrupted
2019-01-16 16:44:19,594 INFO [Thread-8] c.x.j.c.thread.TriggerCallbackThread [TriggerCallbackThread.java : 117] >>>>>>>>>>> xxl-job, executor retry callback thread destory.
2019-01-16 16:44:19,610 INFO [Thread-32] o.e.jetty.server.ServerConnector [AbstractConnector.java : 306] Stopped ServerConnector@4c773d97{HTTP/1.1}{0.0.0.0:7878}
2019-01-16 16:44:19,613 WARN [Thread-21] c.x.j.c.t.ExecutorRegistryThread [ExecutorRegistryThread.java : 68] >>>>>>>>>>> xxl-job, executor registry thread interrupted, error msg:sleep interrupted
2019-01-16 16:44:19,613 ERROR [Thread-10] c.x.j.c.t.ExecutorRegistryThread [ExecutorRegistryThread.java : 108] null
java.lang.InterruptedException: null
	at java.lang.Object.wait(Native Method)
	at java.lang.Thread.join(Thread.java:1252)
	at java.lang.Thread.join(Thread.java:1326)
	at com.xxl.job.core.thread.ExecutorRegistryThread.toStop(ExecutorRegistryThread.java:106)
	at com.xxl.job.core.executor.XxlJobExecutor$ExecutorServiceRegistry.stop(XxlJobExecutor.java:167)
	at com.xxl.rpc.remoting.provider.XxlRpcProviderFactory$2.run(XxlRpcProviderFactory.java:105)
	at com.xxl.rpc.remoting.net.Server.onStoped(Server.java:63)
	at com.xxl.rpc.remoting.net.impl.jetty.server.JettyServer.stop(JettyServer.java:86)
	at com.xxl.rpc.remoting.net.impl.jetty.server.JettyServer$1.run(JettyServer.java:58)
	at java.lang.Thread.run(Thread.java:748)
2019-01-16 16:44:19,617 INFO [Thread-10] com.xxl.rpc.remoting.net.Server [JettyServer.java : 87] >>>>>>>>>>> xxl-rpc remoting server destroy success.
2019-01-16 16:44:19,623 INFO [Thread-21] c.x.r.r.i.r.XxlRpcReferenceBean [XxlRpcReferenceBean.java : 165] >>>>>>>>>>> xxl-job, invoke error, address:http://127.0.0.1:9999/xxl-job-admin/api, XxlRpcRequestXxlRpcRequest{requestId='6268fb08-ed60-43b7-acc7-166680f46730', createMillisTime=1547628259614, accessToken='', className='com.xxl.job.core.biz.AdminBiz', methodName='registryRemove', parameterTypes=[class com.xxl.job.core.biz.model.RegistryParam], parameters=[RegistryParam{registGroup='EXECUTOR', registryKey='xxl-job-executor-sample', registryValue='10.0.0.124:7878'}], version='null'}
2019-01-16 16:44:19,625 INFO [Thread-21] c.x.j.c.t.ExecutorRegistryThread [ExecutorRegistryThread.java : 86] >>>>>>>>>>> xxl-job registry-remove error, registryParam:RegistryParam{registGroup='EXECUTOR', registryKey='xxl-job-executor-sample', registryValue='10.0.0.124:7878'}
com.xxl.rpc.util.XxlRpcException: java.lang.InterruptedException
	at com.xxl.rpc.remoting.invoker.reference.XxlRpcReferenceBean$1.invoke(XxlRpcReferenceBean.java:167)
	at com.sun.proxy.$Proxy57.registryRemove(Unknown Source)
	at com.xxl.job.core.thread.ExecutorRegistryThread$1.run(ExecutorRegistryThread.java:77)
	at java.lang.Thread.run(Thread.java:748)
Caused by: java.lang.InterruptedException: null
	at java.lang.Object.wait(Native Method)
	at com.xxl.rpc.remoting.net.params.XxlRpcFutureResponse.get(XxlRpcFutureResponse.java:96)
	at com.xxl.rpc.remoting.invoker.reference.XxlRpcReferenceBean$1.invoke(XxlRpcReferenceBean.java:159)
	... 3 common frames omitted
2019-01-16 16:44:19,626 INFO [Thread-21] c.x.j.c.t.ExecutorRegistryThread [ExecutorRegistryThread.java : 93] >>>>>>>>>>> xxl-job, executor registry thread destory.
2019-01-16 16:44:19,626 INFO [Thread-32] com.xxl.rpc.remoting.net.Server [JettyServer.java : 87] >>>>>>>>>>> xxl-rpc remoting server destroy success.
