21:29:05 [main] INFO  c.a.b.d.c.e.WelcomeLogoApplicationListener   

 :: Dubbo Spring Boot (v0.2.0) : https://github.com/apache/incubator-dubbo-spring-boot-project
 :: Dubbo (v2.6.2) : https://github.com/apache/incubator-dubbo
 :: Google group : dev@dubbo.incubator.apache.org

21:29:05 [main] INFO  c.a.b.d.c.e.OverrideDubboConfigApplicationListener   Dubbo Config was overridden by externalized configuration {}
21:29:05 [main] INFO  o.s.c.a.AnnotationConfigApplicationContext   Refreshing org.springframework.context.annotation.AnnotationConfigApplicationContext@78836b72: startup date [Mon Jan 07 21:29:05 CST 2019]; root of context hierarchy
21:29:06 [main] INFO  o.s.c.s.PostProcessorRegistrationDelegate$BeanPostProcessorChecker   Bean 'configurationPropertiesRebinderAutoConfiguration' of type [org.springframework.cloud.autoconfigure.ConfigurationPropertiesRebinderAutoConfiguration$$EnhancerBySpringCGLIB$$28781449] is not eligible for getting processed by all BeanPostProcessors (for example: not eligible for auto-proxying)
21:29:06 [pool-2-thread-1] INFO  c.a.b.d.c.e.AwaitingNonWebApplicationListener    [Dubbo] Current Spring Boot Application is await...
21:29:06 [main] INFO  c.a.b.d.c.e.WelcomeLogoApplicationListener   

 :: Dubbo Spring Boot (v0.2.0) : https://github.com/apache/incubator-dubbo-spring-boot-project
 :: Dubbo (v2.6.2) : https://github.com/apache/incubator-dubbo
 :: Google group : dev@dubbo.incubator.apache.org

21:29:06 [main] INFO  c.a.b.d.c.e.OverrideDubboConfigApplicationListener   Dubbo Config was overridden by externalized configuration {}
21:29:06 [main] INFO  o.s.c.c.c.ConfigServicePropertySourceLocator   Fetching config from server at : http://localhost:8888
21:29:59 [main] INFO  o.s.c.c.c.ConfigServicePropertySourceLocator   Located environment: name=consoleServer, profiles=[dev], label=null, version=ef0ca91de85a5b35d2224f85d381c06cc051af16, state=null
21:29:59 [main] INFO  o.s.c.b.c.PropertySourceBootstrapConfiguration   Located property source: CompositePropertySource {name='configService', propertySources=[MapPropertySource {name='configClient'}, MapPropertySource {name='https://github.com/HoYuanhao/application/config/consoleServer-dev.properties'}]}
21:29:59 [main] INFO  c.o.a.c.s.com.App   No active profile set, falling back to default profiles: default
21:29:59 [main] INFO  o.s.b.w.s.c.AnnotationConfigServletWebServerApplicationContext   Refreshing org.springframework.boot.web.servlet.context.AnnotationConfigServletWebServerApplicationContext@470cff74: startup date [Mon Jan 07 21:29:59 CST 2019]; parent: org.springframework.context.annotation.AnnotationConfigApplicationContext@78836b72
21:30:01 [main] INFO  o.s.b.f.x.XmlBeanDefinitionReader   Loading XML bean definitions from class path resource [application-dubbo.xml]
21:30:02 [main] INFO  o.s.d.r.c.RepositoryConfigurationDelegate   Multiple Spring Data modules found, entering strict repository configuration mode!
21:30:02 [main] INFO  o.s.b.f.s.DefaultListableBeanFactory   Overriding bean definition for bean 'dataSource' with a different definition: replacing [Root bean: class [null]; scope=refresh; abstract=false; lazyInit=false; autowireMode=3; dependencyCheck=0; autowireCandidate=false; primary=false; factoryBeanName=org.springframework.boot.autoconfigure.jdbc.DataSourceConfiguration$Hikari; factoryMethodName=dataSource; initMethodName=null; destroyMethodName=(inferred); defined in class path resource [org/springframework/boot/autoconfigure/jdbc/DataSourceConfiguration$Hikari.class]] with [Root bean: class [org.springframework.aop.scope.ScopedProxyFactoryBean]; scope=; abstract=false; lazyInit=false; autowireMode=0; dependencyCheck=0; autowireCandidate=true; primary=false; factoryBeanName=null; factoryMethodName=null; initMethodName=null; destroyMethodName=null; defined in BeanDefinition defined in class path resource [org/springframework/boot/autoconfigure/jdbc/DataSourceConfiguration$Hikari.class]]
21:30:02 [main] WARN  o.s.c.a.ConfigurationClassPostProcessor   Cannot enhance @Configuration bean definition 'com.alibaba.boot.dubbo.autoconfigure.DubboAutoConfiguration' since its singleton instance has been created too early. The typical cause is a non-static @Bean method with a BeanDefinitionRegistryPostProcessor return type: Consider declaring such methods as 'static'.
21:30:03 [main] INFO  o.s.c.c.s.GenericScope   BeanFactory id=8b3baa47-990d-3143-a6f5-8647a3b1ea96
21:30:04 [main] INFO  o.s.c.s.PostProcessorRegistrationDelegate$BeanPostProcessorChecker   Bean 'redisConfig' of type [com.open.application.console.server.config.RedisConfig$$EnhancerBySpringCGLIB$$5548514f] is not eligible for getting processed by all BeanPostProcessors (for example: not eligible for auto-proxying)
21:30:04 [main] INFO  o.s.c.s.PostProcessorRegistrationDelegate$BeanPostProcessorChecker   Bean 'org.springframework.transaction.annotation.ProxyTransactionManagementConfiguration' of type [org.springframework.transaction.annotation.ProxyTransactionManagementConfiguration$$EnhancerBySpringCGLIB$$c5e114c] is not eligible for getting processed by all BeanPostProcessors (for example: not eligible for auto-proxying)
21:30:04 [main] INFO  o.s.c.s.PostProcessorRegistrationDelegate$BeanPostProcessorChecker   Bean 'org.springframework.cloud.autoconfigure.ConfigurationPropertiesRebinderAutoConfiguration' of type [org.springframework.cloud.autoconfigure.ConfigurationPropertiesRebinderAutoConfiguration$$EnhancerBySpringCGLIB$$28781449] is not eligible for getting processed by all BeanPostProcessors (for example: not eligible for auto-proxying)
21:30:05 [main] INFO  o.s.b.w.e.t.TomcatWebServer   Tomcat initialized with port(s): 8081 (http)
21:30:05 [main] INFO  o.a.c.h.Http11NioProtocol   Initializing ProtocolHandler ["http-nio-8081"]
21:30:05 [main] INFO  o.a.c.c.StandardService   Starting service [Tomcat]
21:30:05 [main] INFO  o.a.c.c.StandardEngine   Starting Servlet Engine: Apache Tomcat/8.5.34
21:30:05 [localhost-startStop-1] INFO  o.a.c.c.AprLifecycleListener   The APR based Apache Tomcat Native library which allows optimal performance in production environments was not found on the java.library.path: [/Users/yuanhaohe/Library/Java/Extensions:/Library/Java/Extensions:/Network/Library/Java/Extensions:/System/Library/Java/Extensions:/usr/lib/java:.]
21:30:05 [localhost-startStop-1] INFO  o.a.c.c.C.[.[.[/]   Initializing Spring embedded WebApplicationContext
21:30:05 [localhost-startStop-1] INFO  o.s.w.c.ContextLoader   Root WebApplicationContext: initialization completed in 5882 ms
21:30:10 [localhost-startStop-1] INFO  o.s.b.w.s.FilterRegistrationBean   Mapping filter: 'characterEncodingFilter' to: [/*]
21:30:10 [localhost-startStop-1] INFO  o.s.b.w.s.FilterRegistrationBean   Mapping filter: 'webMvcMetricsFilter' to: [/*]
21:30:10 [localhost-startStop-1] INFO  o.s.b.w.s.FilterRegistrationBean   Mapping filter: 'hiddenHttpMethodFilter' to: [/*]
21:30:10 [localhost-startStop-1] INFO  o.s.b.w.s.FilterRegistrationBean   Mapping filter: 'httpPutFormContentFilter' to: [/*]
21:30:10 [localhost-startStop-1] INFO  o.s.b.w.s.FilterRegistrationBean   Mapping filter: 'requestContextFilter' to: [/*]
21:30:10 [localhost-startStop-1] INFO  o.s.b.w.s.FilterRegistrationBean   Mapping filter: 'httpTraceFilter' to: [/*]
21:30:10 [localhost-startStop-1] INFO  o.s.b.w.s.FilterRegistrationBean   Mapping filter: 'webStatFilter' to urls: [/*]
21:30:10 [localhost-startStop-1] INFO  o.s.b.w.s.ServletRegistrationBean   Servlet statViewServlet mapped to [/druid/*]
21:30:10 [localhost-startStop-1] INFO  o.s.b.w.s.ServletRegistrationBean   Servlet dispatcherServlet mapped to [/]
21:30:11 [main] INFO  o.s.w.s.h.SimpleUrlHandlerMapping   Mapped URL path [/**/favicon.ico] onto handler of type [class org.springframework.web.servlet.resource.ResourceHttpRequestHandler]
21:30:12 [main] INFO  o.s.w.s.m.m.a.RequestMappingHandlerAdapter   Looking for @ControllerAdvice: org.springframework.boot.web.servlet.context.AnnotationConfigServletWebServerApplicationContext@470cff74: startup date [Mon Jan 07 21:29:59 CST 2019]; parent: org.springframework.context.annotation.AnnotationConfigApplicationContext@78836b72
21:30:12 [main] INFO  o.s.w.s.m.m.a.RequestMappingHandlerMapping   Mapped "{[/error]}" onto public org.springframework.http.ResponseEntity<java.util.Map<java.lang.String, java.lang.Object>> org.springframework.boot.autoconfigure.web.servlet.error.BasicErrorController.error(javax.servlet.http.HttpServletRequest)
21:30:12 [main] INFO  o.s.w.s.m.m.a.RequestMappingHandlerMapping   Mapped "{[/error],produces=[text/html]}" onto public org.springframework.web.servlet.ModelAndView org.springframework.boot.autoconfigure.web.servlet.error.BasicErrorController.errorHtml(javax.servlet.http.HttpServletRequest,javax.servlet.http.HttpServletResponse)
21:30:12 [main] INFO  o.s.w.s.h.SimpleUrlHandlerMapping   Mapped URL path [/webjars/**] onto handler of type [class org.springframework.web.servlet.resource.ResourceHttpRequestHandler]
21:30:12 [main] INFO  o.s.w.s.h.SimpleUrlHandlerMapping   Mapped URL path [/**] onto handler of type [class org.springframework.web.servlet.resource.ResourceHttpRequestHandler]
21:30:13 [main] INFO  o.s.b.a.e.w.EndpointLinksResolver   Exposing 2 endpoint(s) beneath base path '/actuator'
21:30:13 [main] INFO  o.s.b.a.e.w.s.WebMvcEndpointHandlerMapping   Mapped "{[/actuator/health],methods=[GET],produces=[application/vnd.spring-boot.actuator.v2+json || application/json]}" onto public java.lang.Object org.springframework.boot.actuate.endpoint.web.servlet.AbstractWebMvcEndpointHandlerMapping$OperationHandler.handle(javax.servlet.http.HttpServletRequest,java.util.Map<java.lang.String, java.lang.String>)
21:30:13 [main] INFO  o.s.b.a.e.w.s.WebMvcEndpointHandlerMapping   Mapped "{[/actuator/info],methods=[GET],produces=[application/vnd.spring-boot.actuator.v2+json || application/json]}" onto public java.lang.Object org.springframework.boot.actuate.endpoint.web.servlet.AbstractWebMvcEndpointHandlerMapping$OperationHandler.handle(javax.servlet.http.HttpServletRequest,java.util.Map<java.lang.String, java.lang.String>)
21:30:13 [main] INFO  o.s.b.a.e.w.s.WebMvcEndpointHandlerMapping   Mapped "{[/actuator],methods=[GET],produces=[application/vnd.spring-boot.actuator.v2+json || application/json]}" onto protected java.util.Map<java.lang.String, java.util.Map<java.lang.String, org.springframework.boot.actuate.endpoint.web.Link>> org.springframework.boot.actuate.endpoint.web.servlet.WebMvcEndpointHandlerMapping.links(javax.servlet.http.HttpServletRequest,javax.servlet.http.HttpServletResponse)
21:30:13 [main] INFO  o.s.j.e.a.AnnotationMBeanExporter   Registering beans for JMX exposure on startup
21:30:13 [main] INFO  o.s.j.e.a.AnnotationMBeanExporter   Bean with name 'dataSource' has been autodetected for JMX exposure
21:30:13 [main] INFO  o.s.j.e.a.AnnotationMBeanExporter   Bean with name 'environmentManager' has been autodetected for JMX exposure
21:30:13 [main] INFO  o.s.j.e.a.AnnotationMBeanExporter   Bean with name 'refreshScope' has been autodetected for JMX exposure
21:30:13 [main] INFO  o.s.j.e.a.AnnotationMBeanExporter   Bean with name 'configurationPropertiesRebinder' has been autodetected for JMX exposure
21:30:13 [main] INFO  o.s.j.e.a.AnnotationMBeanExporter   Located managed bean 'environmentManager': registering with JMX server as MBean [org.springframework.cloud.context.environment:name=environmentManager,type=EnvironmentManager]
21:30:13 [main] INFO  o.s.j.e.a.AnnotationMBeanExporter   Located managed bean 'refreshScope': registering with JMX server as MBean [org.springframework.cloud.context.scope.refresh:name=refreshScope,type=RefreshScope]
21:30:13 [main] INFO  o.s.j.e.a.AnnotationMBeanExporter   Located managed bean 'configurationPropertiesRebinder': registering with JMX server as MBean [org.springframework.cloud.context.properties:name=configurationPropertiesRebinder,context=470cff74,type=ConfigurationPropertiesRebinder]
21:30:13 [main] INFO  o.s.j.e.a.AnnotationMBeanExporter   Located MBean 'dataSource': registering with JMX server as MBean [com.zaxxer.hikari:name=dataSource,type=HikariDataSource]
21:30:14 [main] INFO  o.a.c.u.Compatibility   Running in ZooKeeper 3.4.x compatibility mode
21:30:14 [main] INFO  o.a.c.f.i.CuratorFrameworkImpl   Starting
21:30:14 [main] INFO  o.a.z.ZooKeeper   Client environment:zookeeper.version=3.4.13-2d71af4dbe22557fda74f9a9b4309b15a7487f03, built on 06/29/2018 00:39 GMT
21:30:14 [main] INFO  o.a.z.ZooKeeper   Client environment:host.name=yuanhaodembp.lan
21:30:14 [main] INFO  o.a.z.ZooKeeper   Client environment:java.version=1.8.0_131
21:30:14 [main] INFO  o.a.z.ZooKeeper   Client environment:java.vendor=Oracle Corporation
21:30:14 [main] INFO  o.a.z.ZooKeeper   Client environment:java.home=/Library/Java/JavaVirtualMachines/jdk1.8.0_131.jdk/Contents/Home/jre
21:30:14 [main] INFO  o.a.z.ZooKeeper   Client environment:java.class.path=/Applications/IntelliJ IDEA.app/Contents/plugins/maven/lib/maven3/boot/plexus-classworlds-2.5.2.jar:/Applications/IntelliJ IDEA.app/Contents/lib/idea_rt.jar
21:30:14 [main] INFO  o.a.z.ZooKeeper   Client environment:java.library.path=/Users/yuanhaohe/Library/Java/Extensions:/Library/Java/Extensions:/Network/Library/Java/Extensions:/System/Library/Java/Extensions:/usr/lib/java:.
21:30:14 [main] INFO  o.a.z.ZooKeeper   Client environment:java.io.tmpdir=/var/folders/gp/tgklgs252tl0k2w8d6t3gk400000gn/T/
21:30:14 [main] INFO  o.a.z.ZooKeeper   Client environment:java.compiler=<NA>
21:30:14 [main] INFO  o.a.z.ZooKeeper   Client environment:os.name=Mac OS X
21:30:14 [main] INFO  o.a.z.ZooKeeper   Client environment:os.arch=x86_64
21:30:14 [main] INFO  o.a.z.ZooKeeper   Client environment:os.version=10.13.6
21:30:14 [main] INFO  o.a.z.ZooKeeper   Client environment:user.name=yuanhaohe
21:30:14 [main] INFO  o.a.z.ZooKeeper   Client environment:user.home=/Users/yuanhaohe
21:30:14 [main] INFO  o.a.z.ZooKeeper   Client environment:user.dir=/Users/yuanhaohe/workspace/application/application-console-server
21:30:14 [main] INFO  o.a.z.ZooKeeper   Initiating client connection, connectString=127.0.0.1:2181 sessionTimeout=60000 watcher=org.apache.curator.ConnectionState@339b050f
21:30:14 [main-SendThread(localhost:2181)] INFO  o.a.z.ClientCnxn   Opening socket connection to server localhost/127.0.0.1:2181. Will not attempt to authenticate using SASL (unknown error)
21:30:14 [main-SendThread(localhost:2181)] INFO  o.a.z.ClientCnxn   Socket connection established to localhost/127.0.0.1:2181, initiating session
21:30:14 [main] INFO  o.a.c.f.i.CuratorFrameworkImpl   Default schema
21:30:14 [main-SendThread(localhost:2181)] INFO  o.a.z.ClientCnxn   Session establishment complete on server localhost/127.0.0.1:2181, sessionid = 0x100000481100000, negotiated timeout = 40000
21:30:14 [main-EventThread] INFO  o.a.c.f.s.ConnectionStateManager   State change: CONNECTED
21:30:14 [main] INFO  o.a.c.h.Http11NioProtocol   Starting ProtocolHandler ["http-nio-8081"]
21:30:14 [main] INFO  o.a.t.u.n.NioSelectorPool   Using a shared selector for servlet write/read
21:30:14 [main] INFO  o.s.b.w.e.t.TomcatWebServer   Tomcat started on port(s): 8081 (http) with context path ''
21:30:14 [main] INFO  c.o.a.c.s.com.App   Started com.App in 69.875 seconds (JVM running for 157.271)
