WARN  [2018-12-24 00:36:50,307][] com.zaxxer.hikari.pool.HikariPool$HouseKeeper:758 - HikariPool-1 - Thread starvation or clock leap detected (housekeeper delta=4m6s725ms). 
WARN  [2018-12-24 01:08:52,515][] com.zaxxer.hikari.pool.HikariPool$HouseKeeper:758 - HikariPool-1 - Thread starvation or clock leap detected (housekeeper delta=31m32s184ms). 
WARN  [2018-12-24 03:09:11,329][] com.zaxxer.hikari.pool.HikariPool$HouseKeeper:758 - HikariPool-1 - Thread starvation or clock leap detected (housekeeper delta=1h30m48s500ms). 
WARN  [2018-12-24 05:39:08,478][] com.zaxxer.hikari.pool.HikariPool$HouseKeeper:758 - HikariPool-1 - Thread starvation or clock leap detected (housekeeper delta=2h26s794ms). 
WARN  [2018-12-24 08:09:06,208][] com.zaxxer.hikari.pool.HikariPool$HouseKeeper:758 - HikariPool-1 - Thread starvation or clock leap detected (housekeeper delta=2h27s361ms). 
WARN  [2018-12-24 09:03:42,833][] com.zaxxer.hikari.pool.HikariPool$HouseKeeper:758 - HikariPool-1 - Thread starvation or clock leap detected (housekeeper delta=24m35s909ms). 
WARN  [2018-12-24 09:05:16,441][] com.zaxxer.hikari.pool.HikariPool$HouseKeeper:758 - HikariPool-1 - Thread starvation or clock leap detected (housekeeper delta=1m3s597ms). 
WARN  [2018-12-24 09:10:14,329][] com.zaxxer.hikari.pool.HikariPool$HouseKeeper:758 - HikariPool-1 - Thread starvation or clock leap detected (housekeeper delta=3m55s826ms). 
WARN  [2018-12-24 09:26:24,465][] com.zaxxer.hikari.pool.HikariPool$HouseKeeper:758 - HikariPool-1 - Thread starvation or clock leap detected (housekeeper delta=1m24s688ms). 
WARN  [2018-12-24 09:31:23,252][] com.zaxxer.hikari.pool.HikariPool$HouseKeeper:758 - HikariPool-1 - Thread starvation or clock leap detected (housekeeper delta=2m58s). 
WARN  [2018-12-24 09:32:13,400][] com.zaxxer.hikari.pool.HikariPool$HouseKeeper:758 - HikariPool-1 - Thread starvation or clock leap detected (housekeeper delta=50s148ms). 
WARN  [2018-12-24 09:36:33,460][] com.zaxxer.hikari.pool.HikariPool$HouseKeeper:758 - HikariPool-1 - Thread starvation or clock leap detected (housekeeper delta=46s895ms). 
WARN  [2018-12-24 09:38:09,326][] com.zaxxer.hikari.pool.HikariPool$HouseKeeper:758 - HikariPool-1 - Thread starvation or clock leap detected (housekeeper delta=1m5s854ms). 
WARN  [2018-12-24 09:39:50,207][] com.zaxxer.hikari.pool.HikariPool$HouseKeeper:758 - HikariPool-1 - Thread starvation or clock leap detected (housekeeper delta=1m10s872ms). 
WARN  [2018-12-24 09:42:39,854][] com.zaxxer.hikari.pool.HikariPool$HouseKeeper:758 - HikariPool-1 - Thread starvation or clock leap detected (housekeeper delta=45s422ms). 
WARN  [2018-12-24 09:45:41,009][] com.zaxxer.hikari.pool.HikariPool$HouseKeeper:758 - HikariPool-1 - Thread starvation or clock leap detected (housekeeper delta=1m20s963ms). 
WARN  [2018-12-24 09:46:38,149][] com.zaxxer.hikari.pool.HikariPool$HouseKeeper:758 - HikariPool-1 - Thread starvation or clock leap detected (housekeeper delta=57s140ms). 
WARN  [2018-12-24 09:48:25,227][] com.zaxxer.hikari.pool.HikariPool$HouseKeeper:758 - HikariPool-1 - Thread starvation or clock leap detected (housekeeper delta=1m47s78ms). 
WARN  [2018-12-24 09:58:54,102][] com.zaxxer.hikari.pool.HikariPool$HouseKeeper:758 - HikariPool-1 - Thread starvation or clock leap detected (housekeeper delta=2m42s670ms). 
WARN  [2018-12-24 10:05:24,938][] com.zaxxer.hikari.pool.HikariPool$HouseKeeper:758 - HikariPool-1 - Thread starvation or clock leap detected (housekeeper delta=46s814ms). 
WARN  [2018-12-24 10:11:13,852][] com.zaxxer.hikari.pool.HikariPool$HouseKeeper:758 - HikariPool-1 - Thread starvation or clock leap detected (housekeeper delta=5m18s920ms). 
WARN  [2018-12-24 10:17:46,126][] org.springframework.context.annotation.ConfigurationClassPostProcessor:381 - Cannot enhance @Configuration bean definition 'com.alibaba.boot.dubbo.autoconfigure.DubboAutoConfiguration' since its singleton instance has been created too early. The typical cause is a non-static @Bean method with a BeanDefinitionRegistryPostProcessor return type: Consider declaring such methods as 'static'. 
WARN  [2018-12-24 10:19:09,338][] com.zaxxer.hikari.util.DriverDataSource:68 - Registered driver with driverClassName=com.mysql.jdbc.Driver was not found, trying direct instantiation. 
WARN  [2018-12-24 11:17:12,750][] org.springframework.context.annotation.ConfigurationClassPostProcessor:381 - Cannot enhance @Configuration bean definition 'com.alibaba.boot.dubbo.autoconfigure.DubboAutoConfiguration' since its singleton instance has been created too early. The typical cause is a non-static @Bean method with a BeanDefinitionRegistryPostProcessor return type: Consider declaring such methods as 'static'. 
WARN  [2018-12-24 11:17:21,385][] org.springframework.context.support.AbstractApplicationContext:556 - Exception encountered during context initialization - cancelling refresh attempt: org.springframework.beans.factory.BeanCreationException: Error creating bean with name 'com.open.application.common.service.LoginService': Cannot resolve reference to bean 'loginService' while setting bean property 'ref'; nested exception is org.springframework.beans.factory.NoSuchBeanDefinitionException: No bean named 'loginService' available 
WARN  [2018-12-24 11:17:21,422][] org.apache.juli.logging.DirectJDKLog:180 - The web application [ROOT] appears to have started a thread named [Abandoned connection cleanup thread] but has failed to stop it. This is very likely to create a memory leak. Stack trace of thread:
 java.lang.Object.wait(Native Method)
 java.lang.ref.ReferenceQueue.remove(ReferenceQueue.java:143)
 com.mysql.cj.jdbc.AbandonedConnectionCleanupThread.run(AbandonedConnectionCleanupThread.java:43) 
WARN  [2018-12-24 11:20:35,984][] org.springframework.context.annotation.ConfigurationClassPostProcessor:381 - Cannot enhance @Configuration bean definition 'com.alibaba.boot.dubbo.autoconfigure.DubboAutoConfiguration' since its singleton instance has been created too early. The typical cause is a non-static @Bean method with a BeanDefinitionRegistryPostProcessor return type: Consider declaring such methods as 'static'. 
WARN  [2018-12-24 11:26:30,723][] com.zaxxer.hikari.util.DriverDataSource:68 - Registered driver with driverClassName=com.mysql.jdbc.Driver was not found, trying direct instantiation. 
WARN  [2018-12-24 11:27:37,010][] org.springframework.context.annotation.ConfigurationClassPostProcessor:381 - Cannot enhance @Configuration bean definition 'com.alibaba.boot.dubbo.autoconfigure.DubboAutoConfiguration' since its singleton instance has been created too early. The typical cause is a non-static @Bean method with a BeanDefinitionRegistryPostProcessor return type: Consider declaring such methods as 'static'. 
WARN  [2018-12-24 11:28:30,507][] com.zaxxer.hikari.util.DriverDataSource:68 - Registered driver with driverClassName=com.mysql.jdbc.Driver was not found, trying direct instantiation. 
WARN  [2018-12-24 12:04:28,817][] org.springframework.context.annotation.ConfigurationClassPostProcessor:381 - Cannot enhance @Configuration bean definition 'com.alibaba.boot.dubbo.autoconfigure.DubboAutoConfiguration' since its singleton instance has been created too early. The typical cause is a non-static @Bean method with a BeanDefinitionRegistryPostProcessor return type: Consider declaring such methods as 'static'. 
WARN  [2018-12-24 12:06:22,107][] com.zaxxer.hikari.util.DriverDataSource:68 - Registered driver with driverClassName=com.mysql.jdbc.Driver was not found, trying direct instantiation. 
WARN  [2018-12-24 14:23:42,523][] org.springframework.context.annotation.ConfigurationClassPostProcessor:381 - Cannot enhance @Configuration bean definition 'com.alibaba.boot.dubbo.autoconfigure.DubboAutoConfiguration' since its singleton instance has been created too early. The typical cause is a non-static @Bean method with a BeanDefinitionRegistryPostProcessor return type: Consider declaring such methods as 'static'. 
WARN  [2018-12-24 14:28:51,675][] org.springframework.context.annotation.ConfigurationClassPostProcessor:381 - Cannot enhance @Configuration bean definition 'com.alibaba.boot.dubbo.autoconfigure.DubboAutoConfiguration' since its singleton instance has been created too early. The typical cause is a non-static @Bean method with a BeanDefinitionRegistryPostProcessor return type: Consider declaring such methods as 'static'. 
WARN  [2018-12-24 14:32:27,060][] com.zaxxer.hikari.util.DriverDataSource:68 - Registered driver with driverClassName=com.mysql.jdbc.Driver was not found, trying direct instantiation. 
