INFO  [2019-02-12 15:05:49,794][] com.alibaba.boot.dubbo.context.event.WelcomeLogoApplicationListener:53 - 

 :: Dubbo Spring Boot (v0.2.0) : https://github.com/apache/incubator-dubbo-spring-boot-project
 :: Dubbo (v2.6.2) : https://github.com/apache/incubator-dubbo
 :: Google group : dev@dubbo.incubator.apache.org
 
INFO  [2019-02-12 15:05:49,816][] com.alibaba.boot.dubbo.context.event.OverrideDubboConfigApplicationListener:68 - Dubbo Config was overridden by externalized configuration {} 
INFO  [2019-02-12 15:05:51,020][] org.springframework.context.support.AbstractApplicationContext:590 - Refreshing org.springframework.context.annotation.AnnotationConfigApplicationContext@2b646b46: startup date [Tue Feb 12 15:05:51 CST 2019]; root of context hierarchy 
INFO  [2019-02-12 15:05:51,637][] org.springframework.context.support.PostProcessorRegistrationDelegate$BeanPostProcessorChecker:328 - Bean 'configurationPropertiesRebinderAutoConfiguration' of type [org.springframework.cloud.autoconfigure.ConfigurationPropertiesRebinderAutoConfiguration$$EnhancerBySpringCGLIB$$18e23f9] is not eligible for getting processed by all BeanPostProcessors (for example: not eligible for auto-proxying) 
INFO  [2019-02-12 15:05:51,878][] com.alibaba.boot.dubbo.context.event.AwaitingNonWebApplicationListener$1:61 -  [Dubbo] Current Spring Boot Application is await... 
INFO  [2019-02-12 15:05:51,955][] com.alibaba.boot.dubbo.context.event.WelcomeLogoApplicationListener:53 - 

 :: Dubbo Spring Boot (v0.2.0) : https://github.com/apache/incubator-dubbo-spring-boot-project
 :: Dubbo (v2.6.2) : https://github.com/apache/incubator-dubbo
 :: Google group : dev@dubbo.incubator.apache.org
 
INFO  [2019-02-12 15:05:51,957][] com.alibaba.boot.dubbo.context.event.OverrideDubboConfigApplicationListener:68 - Dubbo Config was overridden by externalized configuration {} 
INFO  [2019-02-12 15:05:52,033][] org.springframework.cloud.config.client.ConfigServicePropertySourceLocator:205 - Fetching config from server at : http://localhost:8888 
INFO  [2019-02-12 15:08:57,253][] org.springframework.cloud.config.client.ConfigServicePropertySourceLocator:227 - Connect Timeout Exception on Url - http://localhost:8888. Will be trying the next url if available 
INFO  [2019-02-12 15:08:57,382][] org.springframework.boot.SpringApplication:659 - No active profile set, falling back to default profiles: default 
INFO  [2019-02-12 15:08:57,597][] org.springframework.context.support.AbstractApplicationContext:590 - Refreshing org.springframework.boot.web.servlet.context.AnnotationConfigServletWebServerApplicationContext@43feaff4: startup date [Tue Feb 12 15:08:57 CST 2019]; parent: org.springframework.context.annotation.AnnotationConfigApplicationContext@2b646b46 
INFO  [2019-02-12 15:08:59,584][] org.springframework.beans.factory.xml.XmlBeanDefinitionReader:316 - Loading XML bean definitions from class path resource [application-dubbo.xml] 
INFO  [2019-02-12 15:09:02,045][] org.springframework.data.repository.config.RepositoryConfigurationDelegate:163 - Multiple Spring Data modules found, entering strict repository configuration mode! 
INFO  [2019-02-12 15:09:03,712][] org.springframework.cloud.context.scope.GenericScope:294 - BeanFactory id=6995adb9-cf78-3baa-863b-56604d36d45e 
INFO  [2019-02-12 15:12:33,369][] com.alibaba.boot.dubbo.context.event.WelcomeLogoApplicationListener:53 - 

 :: Dubbo Spring Boot (v0.2.0) : https://github.com/apache/incubator-dubbo-spring-boot-project
 :: Dubbo (v2.6.2) : https://github.com/apache/incubator-dubbo
 :: Google group : dev@dubbo.incubator.apache.org
 
INFO  [2019-02-12 15:12:33,377][] com.alibaba.boot.dubbo.context.event.OverrideDubboConfigApplicationListener:68 - Dubbo Config was overridden by externalized configuration {} 
INFO  [2019-02-12 15:12:34,230][] org.springframework.context.support.AbstractApplicationContext:590 - Refreshing org.springframework.context.annotation.AnnotationConfigApplicationContext@7380df94: startup date [Tue Feb 12 15:12:34 CST 2019]; root of context hierarchy 
INFO  [2019-02-12 15:12:34,745][] org.springframework.context.support.PostProcessorRegistrationDelegate$BeanPostProcessorChecker:328 - Bean 'configurationPropertiesRebinderAutoConfiguration' of type [org.springframework.cloud.autoconfigure.ConfigurationPropertiesRebinderAutoConfiguration$$EnhancerBySpringCGLIB$$8749d467] is not eligible for getting processed by all BeanPostProcessors (for example: not eligible for auto-proxying) 
INFO  [2019-02-12 15:12:35,086][] com.alibaba.boot.dubbo.context.event.AwaitingNonWebApplicationListener$1:61 -  [Dubbo] Current Spring Boot Application is await... 
INFO  [2019-02-12 15:12:35,335][] com.alibaba.boot.dubbo.context.event.WelcomeLogoApplicationListener:53 - 

 :: Dubbo Spring Boot (v0.2.0) : https://github.com/apache/incubator-dubbo-spring-boot-project
 :: Dubbo (v2.6.2) : https://github.com/apache/incubator-dubbo
 :: Google group : dev@dubbo.incubator.apache.org
 
INFO  [2019-02-12 15:12:35,360][] com.alibaba.boot.dubbo.context.event.OverrideDubboConfigApplicationListener:68 - Dubbo Config was overridden by externalized configuration {} 
INFO  [2019-02-12 15:12:35,588][] org.springframework.cloud.config.client.ConfigServicePropertySourceLocator:205 - Fetching config from server at : http://localhost:8888 
INFO  [2019-02-12 15:14:34,271][] org.springframework.cloud.config.client.ConfigServicePropertySourceLocator:227 - Connect Timeout Exception on Url - http://localhost:8888. Will be trying the next url if available 
INFO  [2019-02-12 15:14:34,602][] org.springframework.boot.SpringApplication:659 - No active profile set, falling back to default profiles: default 
INFO  [2019-02-12 15:14:34,851][] org.springframework.context.support.AbstractApplicationContext:590 - Refreshing org.springframework.boot.web.servlet.context.AnnotationConfigServletWebServerApplicationContext@7796a1ca: startup date [Tue Feb 12 15:14:34 CST 2019]; parent: org.springframework.context.annotation.AnnotationConfigApplicationContext@7380df94 
INFO  [2019-02-12 15:14:38,066][] org.springframework.beans.factory.xml.XmlBeanDefinitionReader:316 - Loading XML bean definitions from class path resource [application-dubbo.xml] 
INFO  [2019-02-12 15:14:42,350][] org.springframework.data.repository.config.RepositoryConfigurationDelegate:163 - Multiple Spring Data modules found, entering strict repository configuration mode! 
INFO  [2019-02-12 15:14:45,036][] org.springframework.cloud.context.scope.GenericScope:294 - BeanFactory id=6995adb9-cf78-3baa-863b-56604d36d45e 
INFO  [2019-02-12 15:19:36,455][] com.alibaba.boot.dubbo.context.event.WelcomeLogoApplicationListener:53 - 

 :: Dubbo Spring Boot (v0.2.0) : https://github.com/apache/incubator-dubbo-spring-boot-project
 :: Dubbo (v2.6.2) : https://github.com/apache/incubator-dubbo
 :: Google group : dev@dubbo.incubator.apache.org
 
INFO  [2019-02-12 15:19:36,462][] com.alibaba.boot.dubbo.context.event.OverrideDubboConfigApplicationListener:68 - Dubbo Config was overridden by externalized configuration {} 
INFO  [2019-02-12 15:19:37,131][] org.springframework.context.support.AbstractApplicationContext:590 - Refreshing org.springframework.context.annotation.AnnotationConfigApplicationContext@53ea8946: startup date [Tue Feb 12 15:19:37 CST 2019]; root of context hierarchy 
INFO  [2019-02-12 15:19:37,753][] org.springframework.context.support.PostProcessorRegistrationDelegate$BeanPostProcessorChecker:328 - Bean 'configurationPropertiesRebinderAutoConfiguration' of type [org.springframework.cloud.autoconfigure.ConfigurationPropertiesRebinderAutoConfiguration$$EnhancerBySpringCGLIB$$c2963ed5] is not eligible for getting processed by all BeanPostProcessors (for example: not eligible for auto-proxying) 
INFO  [2019-02-12 15:19:38,013][] com.alibaba.boot.dubbo.context.event.AwaitingNonWebApplicationListener$1:61 -  [Dubbo] Current Spring Boot Application is await... 
INFO  [2019-02-12 15:19:38,107][] com.alibaba.boot.dubbo.context.event.WelcomeLogoApplicationListener:53 - 

 :: Dubbo Spring Boot (v0.2.0) : https://github.com/apache/incubator-dubbo-spring-boot-project
 :: Dubbo (v2.6.2) : https://github.com/apache/incubator-dubbo
 :: Google group : dev@dubbo.incubator.apache.org
 
INFO  [2019-02-12 15:19:38,108][] com.alibaba.boot.dubbo.context.event.OverrideDubboConfigApplicationListener:68 - Dubbo Config was overridden by externalized configuration {} 
INFO  [2019-02-12 15:19:38,299][] org.springframework.cloud.config.client.ConfigServicePropertySourceLocator:205 - Fetching config from server at : http://localhost:8888 
INFO  [2019-02-12 15:22:43,843][] org.springframework.cloud.config.client.ConfigServicePropertySourceLocator:227 - Connect Timeout Exception on Url - http://localhost:8888. Will be trying the next url if available 
INFO  [2019-02-12 15:22:43,877][] org.springframework.boot.SpringApplication:659 - No active profile set, falling back to default profiles: default 
INFO  [2019-02-12 15:22:43,933][] org.springframework.context.support.AbstractApplicationContext:590 - Refreshing org.springframework.boot.web.servlet.context.AnnotationConfigServletWebServerApplicationContext@40a77e94: startup date [Tue Feb 12 15:22:43 CST 2019]; parent: org.springframework.context.annotation.AnnotationConfigApplicationContext@53ea8946 
INFO  [2019-02-12 15:22:45,645][] org.springframework.beans.factory.xml.XmlBeanDefinitionReader:316 - Loading XML bean definitions from class path resource [application-dubbo.xml] 
INFO  [2019-02-12 15:22:47,773][] org.springframework.data.repository.config.RepositoryConfigurationDelegate:163 - Multiple Spring Data modules found, entering strict repository configuration mode! 
INFO  [2019-02-12 15:22:48,710][] org.springframework.cloud.context.scope.GenericScope:294 - BeanFactory id=6995adb9-cf78-3baa-863b-56604d36d45e 
INFO  [2019-02-12 15:32:38,985][] com.alibaba.boot.dubbo.context.event.WelcomeLogoApplicationListener:53 - 

 :: Dubbo Spring Boot (v0.2.0) : https://github.com/apache/incubator-dubbo-spring-boot-project
 :: Dubbo (v2.6.2) : https://github.com/apache/incubator-dubbo
 :: Google group : dev@dubbo.incubator.apache.org
 
INFO  [2019-02-12 15:32:38,996][] com.alibaba.boot.dubbo.context.event.OverrideDubboConfigApplicationListener:68 - Dubbo Config was overridden by externalized configuration {} 
INFO  [2019-02-12 15:32:39,721][] org.springframework.context.support.AbstractApplicationContext:590 - Refreshing org.springframework.context.annotation.AnnotationConfigApplicationContext@68ace069: startup date [Tue Feb 12 15:32:39 CST 2019]; root of context hierarchy 
INFO  [2019-02-12 15:32:40,343][] org.springframework.context.support.PostProcessorRegistrationDelegate$BeanPostProcessorChecker:328 - Bean 'configurationPropertiesRebinderAutoConfiguration' of type [org.springframework.cloud.autoconfigure.ConfigurationPropertiesRebinderAutoConfiguration$$EnhancerBySpringCGLIB$$d8cc7359] is not eligible for getting processed by all BeanPostProcessors (for example: not eligible for auto-proxying) 
INFO  [2019-02-12 15:32:40,619][] com.alibaba.boot.dubbo.context.event.AwaitingNonWebApplicationListener$1:61 -  [Dubbo] Current Spring Boot Application is await... 
INFO  [2019-02-12 15:32:40,737][] com.alibaba.boot.dubbo.context.event.WelcomeLogoApplicationListener:53 - 

 :: Dubbo Spring Boot (v0.2.0) : https://github.com/apache/incubator-dubbo-spring-boot-project
 :: Dubbo (v2.6.2) : https://github.com/apache/incubator-dubbo
 :: Google group : dev@dubbo.incubator.apache.org
 
INFO  [2019-02-12 15:32:40,738][] com.alibaba.boot.dubbo.context.event.OverrideDubboConfigApplicationListener:68 - Dubbo Config was overridden by externalized configuration {} 
INFO  [2019-02-12 15:32:40,792][] org.springframework.cloud.config.client.ConfigServicePropertySourceLocator:205 - Fetching config from server at : http://localhost:8888 
INFO  [2019-02-12 15:35:45,999][] org.springframework.cloud.config.client.ConfigServicePropertySourceLocator:227 - Connect Timeout Exception on Url - http://localhost:8888. Will be trying the next url if available 
INFO  [2019-02-12 15:35:46,012][] org.springframework.boot.SpringApplication:659 - No active profile set, falling back to default profiles: default 
INFO  [2019-02-12 15:35:46,046][] org.springframework.context.support.AbstractApplicationContext:590 - Refreshing org.springframework.boot.web.servlet.context.AnnotationConfigServletWebServerApplicationContext@52bb8aea: startup date [Tue Feb 12 15:35:46 CST 2019]; parent: org.springframework.context.annotation.AnnotationConfigApplicationContext@68ace069 
INFO  [2019-02-12 15:35:47,262][] org.springframework.beans.factory.xml.XmlBeanDefinitionReader:316 - Loading XML bean definitions from class path resource [application-dubbo.xml] 
INFO  [2019-02-12 15:35:49,172][] org.springframework.data.repository.config.RepositoryConfigurationDelegate:163 - Multiple Spring Data modules found, entering strict repository configuration mode! 
INFO  [2019-02-12 15:35:50,649][] org.springframework.cloud.context.scope.GenericScope:294 - BeanFactory id=6995adb9-cf78-3baa-863b-56604d36d45e 
INFO  [2019-02-12 15:36:01,422][] com.alibaba.boot.dubbo.context.event.WelcomeLogoApplicationListener:53 - 

 :: Dubbo Spring Boot (v0.2.0) : https://github.com/apache/incubator-dubbo-spring-boot-project
 :: Dubbo (v2.6.2) : https://github.com/apache/incubator-dubbo
 :: Google group : dev@dubbo.incubator.apache.org
 
INFO  [2019-02-12 15:36:01,437][] com.alibaba.boot.dubbo.context.event.OverrideDubboConfigApplicationListener:68 - Dubbo Config was overridden by externalized configuration {} 
INFO  [2019-02-12 15:36:02,338][] org.springframework.context.support.AbstractApplicationContext:590 - Refreshing org.springframework.context.annotation.AnnotationConfigApplicationContext@2d2397cd: startup date [Tue Feb 12 15:36:02 CST 2019]; root of context hierarchy 
INFO  [2019-02-12 15:36:03,050][] org.springframework.context.support.PostProcessorRegistrationDelegate$BeanPostProcessorChecker:328 - Bean 'configurationPropertiesRebinderAutoConfiguration' of type [org.springframework.cloud.autoconfigure.ConfigurationPropertiesRebinderAutoConfiguration$$EnhancerBySpringCGLIB$$539e9a82] is not eligible for getting processed by all BeanPostProcessors (for example: not eligible for auto-proxying) 
INFO  [2019-02-12 15:36:03,638][] com.alibaba.boot.dubbo.context.event.AwaitingNonWebApplicationListener$1:61 -  [Dubbo] Current Spring Boot Application is await... 
INFO  [2019-02-12 15:36:03,717][] com.alibaba.boot.dubbo.context.event.WelcomeLogoApplicationListener:53 - 

 :: Dubbo Spring Boot (v0.2.0) : https://github.com/apache/incubator-dubbo-spring-boot-project
 :: Dubbo (v2.6.2) : https://github.com/apache/incubator-dubbo
 :: Google group : dev@dubbo.incubator.apache.org
 
INFO  [2019-02-12 15:36:03,723][] com.alibaba.boot.dubbo.context.event.OverrideDubboConfigApplicationListener:68 - Dubbo Config was overridden by externalized configuration {} 
INFO  [2019-02-12 15:36:03,927][] org.springframework.cloud.config.client.ConfigServicePropertySourceLocator:205 - Fetching config from server at : http://localhost:8888 
INFO  [2019-02-12 15:39:09,309][] org.springframework.cloud.config.client.ConfigServicePropertySourceLocator:227 - Connect Timeout Exception on Url - http://localhost:8888. Will be trying the next url if available 
INFO  [2019-02-12 15:39:09,356][] org.springframework.boot.SpringApplication:659 - No active profile set, falling back to default profiles: default 
INFO  [2019-02-12 15:39:09,552][] org.springframework.context.support.AbstractApplicationContext:590 - Refreshing org.springframework.boot.web.servlet.context.AnnotationConfigServletWebServerApplicationContext@8a1f0de: startup date [Tue Feb 12 15:39:09 CST 2019]; parent: org.springframework.context.annotation.AnnotationConfigApplicationContext@2d2397cd 
INFO  [2019-02-12 15:39:10,867][] org.springframework.beans.factory.xml.XmlBeanDefinitionReader:316 - Loading XML bean definitions from class path resource [application-dubbo.xml] 
INFO  [2019-02-12 15:39:12,710][] org.springframework.data.repository.config.RepositoryConfigurationDelegate:163 - Multiple Spring Data modules found, entering strict repository configuration mode! 
INFO  [2019-02-12 15:39:13,798][] org.springframework.cloud.context.scope.GenericScope:294 - BeanFactory id=6995adb9-cf78-3baa-863b-56604d36d45e 
INFO  [2019-02-12 15:46:07,601][] com.alibaba.boot.dubbo.context.event.WelcomeLogoApplicationListener:53 - 

 :: Dubbo Spring Boot (v0.2.0) : https://github.com/apache/incubator-dubbo-spring-boot-project
 :: Dubbo (v2.6.2) : https://github.com/apache/incubator-dubbo
 :: Google group : dev@dubbo.incubator.apache.org
 
INFO  [2019-02-12 15:46:07,623][] com.alibaba.boot.dubbo.context.event.OverrideDubboConfigApplicationListener:68 - Dubbo Config was overridden by externalized configuration {} 
INFO  [2019-02-12 15:46:08,401][] org.springframework.context.support.AbstractApplicationContext:590 - Refreshing org.springframework.context.annotation.AnnotationConfigApplicationContext@5711521e: startup date [Tue Feb 12 15:46:08 CST 2019]; root of context hierarchy 
INFO  [2019-02-12 15:46:08,977][] org.springframework.context.support.PostProcessorRegistrationDelegate$BeanPostProcessorChecker:328 - Bean 'configurationPropertiesRebinderAutoConfiguration' of type [org.springframework.cloud.autoconfigure.ConfigurationPropertiesRebinderAutoConfiguration$$EnhancerBySpringCGLIB$$8279d391] is not eligible for getting processed by all BeanPostProcessors (for example: not eligible for auto-proxying) 
INFO  [2019-02-12 15:46:09,231][] com.alibaba.boot.dubbo.context.event.AwaitingNonWebApplicationListener$1:61 -  [Dubbo] Current Spring Boot Application is await... 
INFO  [2019-02-12 15:46:09,331][] com.alibaba.boot.dubbo.context.event.WelcomeLogoApplicationListener:53 - 

 :: Dubbo Spring Boot (v0.2.0) : https://github.com/apache/incubator-dubbo-spring-boot-project
 :: Dubbo (v2.6.2) : https://github.com/apache/incubator-dubbo
 :: Google group : dev@dubbo.incubator.apache.org
 
INFO  [2019-02-12 15:46:09,335][] com.alibaba.boot.dubbo.context.event.OverrideDubboConfigApplicationListener:68 - Dubbo Config was overridden by externalized configuration {} 
INFO  [2019-02-12 15:46:09,433][] org.springframework.cloud.config.client.ConfigServicePropertySourceLocator:205 - Fetching config from server at : http://localhost:8888 
INFO  [2019-02-12 15:49:14,588][] org.springframework.cloud.config.client.ConfigServicePropertySourceLocator:227 - Connect Timeout Exception on Url - http://localhost:8888. Will be trying the next url if available 
INFO  [2019-02-12 15:49:14,598][] org.springframework.boot.SpringApplication:659 - No active profile set, falling back to default profiles: default 
INFO  [2019-02-12 15:49:14,625][] org.springframework.context.support.AbstractApplicationContext:590 - Refreshing org.springframework.boot.web.servlet.context.AnnotationConfigServletWebServerApplicationContext@195ab80c: startup date [Tue Feb 12 15:49:14 CST 2019]; parent: org.springframework.context.annotation.AnnotationConfigApplicationContext@5711521e 
INFO  [2019-02-12 15:49:15,476][] org.springframework.beans.factory.xml.XmlBeanDefinitionReader:316 - Loading XML bean definitions from class path resource [application-dubbo.xml] 
INFO  [2019-02-12 15:49:16,256][] org.springframework.data.repository.config.RepositoryConfigurationDelegate:163 - Multiple Spring Data modules found, entering strict repository configuration mode! 
INFO  [2019-02-12 15:49:16,970][] org.springframework.cloud.context.scope.GenericScope:294 - BeanFactory id=6995adb9-cf78-3baa-863b-56604d36d45e 
INFO  [2019-02-12 15:49:57,922][] com.alibaba.boot.dubbo.context.event.WelcomeLogoApplicationListener:53 - 

 :: Dubbo Spring Boot (v0.2.0) : https://github.com/apache/incubator-dubbo-spring-boot-project
 :: Dubbo (v2.6.2) : https://github.com/apache/incubator-dubbo
 :: Google group : dev@dubbo.incubator.apache.org
 
INFO  [2019-02-12 15:49:57,928][] com.alibaba.boot.dubbo.context.event.OverrideDubboConfigApplicationListener:68 - Dubbo Config was overridden by externalized configuration {} 
INFO  [2019-02-12 15:49:58,471][] org.springframework.context.support.AbstractApplicationContext:590 - Refreshing org.springframework.context.annotation.AnnotationConfigApplicationContext@18f823e3: startup date [Tue Feb 12 15:49:58 CST 2019]; root of context hierarchy 
INFO  [2019-02-12 15:49:59,021][] org.springframework.context.support.PostProcessorRegistrationDelegate$BeanPostProcessorChecker:328 - Bean 'configurationPropertiesRebinderAutoConfiguration' of type [org.springframework.cloud.autoconfigure.ConfigurationPropertiesRebinderAutoConfiguration$$EnhancerBySpringCGLIB$$18c7635] is not eligible for getting processed by all BeanPostProcessors (for example: not eligible for auto-proxying) 
INFO  [2019-02-12 15:49:59,288][] com.alibaba.boot.dubbo.context.event.AwaitingNonWebApplicationListener$1:61 -  [Dubbo] Current Spring Boot Application is await... 
INFO  [2019-02-12 15:49:59,418][] com.alibaba.boot.dubbo.context.event.WelcomeLogoApplicationListener:53 - 

 :: Dubbo Spring Boot (v0.2.0) : https://github.com/apache/incubator-dubbo-spring-boot-project
 :: Dubbo (v2.6.2) : https://github.com/apache/incubator-dubbo
 :: Google group : dev@dubbo.incubator.apache.org
 
INFO  [2019-02-12 15:49:59,420][] com.alibaba.boot.dubbo.context.event.OverrideDubboConfigApplicationListener:68 - Dubbo Config was overridden by externalized configuration {} 
INFO  [2019-02-12 15:49:59,483][] org.springframework.cloud.config.client.ConfigServicePropertySourceLocator:205 - Fetching config from server at : http://localhost:8888 
INFO  [2019-02-12 15:53:04,629][] org.springframework.cloud.config.client.ConfigServicePropertySourceLocator:227 - Connect Timeout Exception on Url - http://localhost:8888. Will be trying the next url if available 
INFO  [2019-02-12 15:53:04,636][] org.springframework.boot.SpringApplication:659 - No active profile set, falling back to default profiles: default 
INFO  [2019-02-12 15:53:04,679][] org.springframework.context.support.AbstractApplicationContext:590 - Refreshing org.springframework.boot.web.servlet.context.AnnotationConfigServletWebServerApplicationContext@52ba8b0e: startup date [Tue Feb 12 15:53:04 CST 2019]; parent: org.springframework.context.annotation.AnnotationConfigApplicationContext@18f823e3 
INFO  [2019-02-12 15:53:05,670][] org.springframework.beans.factory.xml.XmlBeanDefinitionReader:316 - Loading XML bean definitions from class path resource [application-dubbo.xml] 
INFO  [2019-02-12 15:53:06,913][] org.springframework.data.repository.config.RepositoryConfigurationDelegate:163 - Multiple Spring Data modules found, entering strict repository configuration mode! 
INFO  [2019-02-12 15:53:07,916][] org.springframework.cloud.context.scope.GenericScope:294 - BeanFactory id=6995adb9-cf78-3baa-863b-56604d36d45e 
INFO  [2019-02-12 15:53:20,383][] com.alibaba.boot.dubbo.context.event.WelcomeLogoApplicationListener:53 - 

 :: Dubbo Spring Boot (v0.2.0) : https://github.com/apache/incubator-dubbo-spring-boot-project
 :: Dubbo (v2.6.2) : https://github.com/apache/incubator-dubbo
 :: Google group : dev@dubbo.incubator.apache.org
 
INFO  [2019-02-12 15:53:20,391][] com.alibaba.boot.dubbo.context.event.OverrideDubboConfigApplicationListener:68 - Dubbo Config was overridden by externalized configuration {} 
INFO  [2019-02-12 15:53:21,289][] org.springframework.context.support.AbstractApplicationContext:590 - Refreshing org.springframework.context.annotation.AnnotationConfigApplicationContext@3781dcb3: startup date [Tue Feb 12 15:53:21 CST 2019]; root of context hierarchy 
INFO  [2019-02-12 15:53:22,030][] org.springframework.context.support.PostProcessorRegistrationDelegate$BeanPostProcessorChecker:328 - Bean 'configurationPropertiesRebinderAutoConfiguration' of type [org.springframework.cloud.autoconfigure.ConfigurationPropertiesRebinderAutoConfiguration$$EnhancerBySpringCGLIB$$d4949dfc] is not eligible for getting processed by all BeanPostProcessors (for example: not eligible for auto-proxying) 
INFO  [2019-02-12 15:53:22,448][] com.alibaba.boot.dubbo.context.event.AwaitingNonWebApplicationListener$1:61 -  [Dubbo] Current Spring Boot Application is await... 
INFO  [2019-02-12 15:53:22,615][] com.alibaba.boot.dubbo.context.event.WelcomeLogoApplicationListener:53 - 

 :: Dubbo Spring Boot (v0.2.0) : https://github.com/apache/incubator-dubbo-spring-boot-project
 :: Dubbo (v2.6.2) : https://github.com/apache/incubator-dubbo
 :: Google group : dev@dubbo.incubator.apache.org
 
INFO  [2019-02-12 15:53:22,618][] com.alibaba.boot.dubbo.context.event.OverrideDubboConfigApplicationListener:68 - Dubbo Config was overridden by externalized configuration {} 
INFO  [2019-02-12 15:53:22,698][] org.springframework.cloud.config.client.ConfigServicePropertySourceLocator:205 - Fetching config from server at : http://localhost:8888 
INFO  [2019-02-12 15:56:27,864][] org.springframework.cloud.config.client.ConfigServicePropertySourceLocator:227 - Connect Timeout Exception on Url - http://localhost:8888. Will be trying the next url if available 
INFO  [2019-02-12 15:56:27,874][] org.springframework.boot.SpringApplication:659 - No active profile set, falling back to default profiles: default 
INFO  [2019-02-12 15:56:27,907][] org.springframework.context.support.AbstractApplicationContext:590 - Refreshing org.springframework.boot.web.servlet.context.AnnotationConfigServletWebServerApplicationContext@4716fbf0: startup date [Tue Feb 12 15:56:27 CST 2019]; parent: org.springframework.context.annotation.AnnotationConfigApplicationContext@3781dcb3 
INFO  [2019-02-12 15:56:28,905][] org.springframework.beans.factory.xml.XmlBeanDefinitionReader:316 - Loading XML bean definitions from class path resource [application-dubbo.xml] 
INFO  [2019-02-12 15:56:30,305][] org.springframework.data.repository.config.RepositoryConfigurationDelegate:163 - Multiple Spring Data modules found, entering strict repository configuration mode! 
INFO  [2019-02-12 15:56:31,294][] org.springframework.cloud.context.scope.GenericScope:294 - BeanFactory id=6995adb9-cf78-3baa-863b-56604d36d45e 
INFO  [2019-02-12 15:56:40,658][] com.alibaba.boot.dubbo.context.event.WelcomeLogoApplicationListener:53 - 

 :: Dubbo Spring Boot (v0.2.0) : https://github.com/apache/incubator-dubbo-spring-boot-project
 :: Dubbo (v2.6.2) : https://github.com/apache/incubator-dubbo
 :: Google group : dev@dubbo.incubator.apache.org
 
INFO  [2019-02-12 15:56:40,666][] com.alibaba.boot.dubbo.context.event.OverrideDubboConfigApplicationListener:68 - Dubbo Config was overridden by externalized configuration {} 
INFO  [2019-02-12 15:56:42,303][] org.springframework.context.support.AbstractApplicationContext:590 - Refreshing org.springframework.context.annotation.AnnotationConfigApplicationContext@1d7f424a: startup date [Tue Feb 12 15:56:42 CST 2019]; root of context hierarchy 
INFO  [2019-02-12 15:56:43,600][] org.springframework.context.support.PostProcessorRegistrationDelegate$BeanPostProcessorChecker:328 - Bean 'configurationPropertiesRebinderAutoConfiguration' of type [org.springframework.cloud.autoconfigure.ConfigurationPropertiesRebinderAutoConfiguration$$EnhancerBySpringCGLIB$$ceea4496] is not eligible for getting processed by all BeanPostProcessors (for example: not eligible for auto-proxying) 
INFO  [2019-02-12 15:56:43,938][] com.alibaba.boot.dubbo.context.event.AwaitingNonWebApplicationListener$1:61 -  [Dubbo] Current Spring Boot Application is await... 
INFO  [2019-02-12 15:56:44,063][] com.alibaba.boot.dubbo.context.event.WelcomeLogoApplicationListener:53 - 

 :: Dubbo Spring Boot (v0.2.0) : https://github.com/apache/incubator-dubbo-spring-boot-project
 :: Dubbo (v2.6.2) : https://github.com/apache/incubator-dubbo
 :: Google group : dev@dubbo.incubator.apache.org
 
INFO  [2019-02-12 15:56:44,064][] com.alibaba.boot.dubbo.context.event.OverrideDubboConfigApplicationListener:68 - Dubbo Config was overridden by externalized configuration {} 
INFO  [2019-02-12 15:56:44,137][] org.springframework.cloud.config.client.ConfigServicePropertySourceLocator:205 - Fetching config from server at : http://localhost:8888 
INFO  [2019-02-12 15:59:49,366][] org.springframework.cloud.config.client.ConfigServicePropertySourceLocator:227 - Connect Timeout Exception on Url - http://localhost:8888. Will be trying the next url if available 
INFO  [2019-02-12 15:59:49,395][] org.springframework.boot.SpringApplication:659 - No active profile set, falling back to default profiles: default 
INFO  [2019-02-12 15:59:49,446][] org.springframework.context.support.AbstractApplicationContext:590 - Refreshing org.springframework.boot.web.servlet.context.AnnotationConfigServletWebServerApplicationContext@553b0ec6: startup date [Tue Feb 12 15:59:49 CST 2019]; parent: org.springframework.context.annotation.AnnotationConfigApplicationContext@1d7f424a 
INFO  [2019-02-12 15:59:50,428][] org.springframework.beans.factory.xml.XmlBeanDefinitionReader:316 - Loading XML bean definitions from class path resource [application-dubbo.xml] 
INFO  [2019-02-12 15:59:51,643][] org.springframework.data.repository.config.RepositoryConfigurationDelegate:163 - Multiple Spring Data modules found, entering strict repository configuration mode! 
INFO  [2019-02-12 15:59:52,585][] org.springframework.cloud.context.scope.GenericScope:294 - BeanFactory id=6995adb9-cf78-3baa-863b-56604d36d45e 
INFO  [2019-02-12 16:02:24,804][] com.alibaba.boot.dubbo.context.event.WelcomeLogoApplicationListener:53 - 

 :: Dubbo Spring Boot (v0.2.0) : https://github.com/apache/incubator-dubbo-spring-boot-project
 :: Dubbo (v2.6.2) : https://github.com/apache/incubator-dubbo
 :: Google group : dev@dubbo.incubator.apache.org
 
INFO  [2019-02-12 16:02:24,812][] com.alibaba.boot.dubbo.context.event.OverrideDubboConfigApplicationListener:68 - Dubbo Config was overridden by externalized configuration {} 
INFO  [2019-02-12 16:02:25,516][] org.springframework.context.support.AbstractApplicationContext:590 - Refreshing org.springframework.context.annotation.AnnotationConfigApplicationContext@3d20be79: startup date [Tue Feb 12 16:02:25 CST 2019]; root of context hierarchy 
INFO  [2019-02-12 16:02:25,960][] org.springframework.context.support.PostProcessorRegistrationDelegate$BeanPostProcessorChecker:328 - Bean 'configurationPropertiesRebinderAutoConfiguration' of type [org.springframework.cloud.autoconfigure.ConfigurationPropertiesRebinderAutoConfiguration$$EnhancerBySpringCGLIB$$8e4d2223] is not eligible for getting processed by all BeanPostProcessors (for example: not eligible for auto-proxying) 
INFO  [2019-02-12 16:02:26,210][] com.alibaba.boot.dubbo.context.event.AwaitingNonWebApplicationListener$1:61 -  [Dubbo] Current Spring Boot Application is await... 
INFO  [2019-02-12 16:02:26,293][] com.alibaba.boot.dubbo.context.event.WelcomeLogoApplicationListener:53 - 

 :: Dubbo Spring Boot (v0.2.0) : https://github.com/apache/incubator-dubbo-spring-boot-project
 :: Dubbo (v2.6.2) : https://github.com/apache/incubator-dubbo
 :: Google group : dev@dubbo.incubator.apache.org
 
INFO  [2019-02-12 16:02:26,308][] com.alibaba.boot.dubbo.context.event.OverrideDubboConfigApplicationListener:68 - Dubbo Config was overridden by externalized configuration {} 
INFO  [2019-02-12 16:02:26,366][] org.springframework.cloud.config.client.ConfigServicePropertySourceLocator:205 - Fetching config from server at : http://localhost:8888 
INFO  [2019-02-12 16:05:31,551][] org.springframework.cloud.config.client.ConfigServicePropertySourceLocator:227 - Connect Timeout Exception on Url - http://localhost:8888. Will be trying the next url if available 
INFO  [2019-02-12 16:05:31,563][] org.springframework.boot.SpringApplication:659 - No active profile set, falling back to default profiles: default 
INFO  [2019-02-12 16:05:31,592][] org.springframework.context.support.AbstractApplicationContext:590 - Refreshing org.springframework.boot.web.servlet.context.AnnotationConfigServletWebServerApplicationContext@5164989: startup date [Tue Feb 12 16:05:31 CST 2019]; parent: org.springframework.context.annotation.AnnotationConfigApplicationContext@3d20be79 
INFO  [2019-02-12 16:05:32,694][] org.springframework.beans.factory.xml.XmlBeanDefinitionReader:316 - Loading XML bean definitions from class path resource [application-dubbo.xml] 
INFO  [2019-02-12 16:05:34,291][] org.springframework.data.repository.config.RepositoryConfigurationDelegate:163 - Multiple Spring Data modules found, entering strict repository configuration mode! 
INFO  [2019-02-12 16:05:35,227][] org.springframework.cloud.context.scope.GenericScope:294 - BeanFactory id=6995adb9-cf78-3baa-863b-56604d36d45e 
INFO  [2019-02-12 17:01:36,291][] com.alibaba.boot.dubbo.context.event.WelcomeLogoApplicationListener:53 - 

 :: Dubbo Spring Boot (v0.2.0) : https://github.com/apache/incubator-dubbo-spring-boot-project
 :: Dubbo (v2.6.2) : https://github.com/apache/incubator-dubbo
 :: Google group : dev@dubbo.incubator.apache.org
 
INFO  [2019-02-12 17:01:36,297][] com.alibaba.boot.dubbo.context.event.OverrideDubboConfigApplicationListener:68 - Dubbo Config was overridden by externalized configuration {} 
INFO  [2019-02-12 17:01:36,938][] org.springframework.context.support.AbstractApplicationContext:590 - Refreshing org.springframework.context.annotation.AnnotationConfigApplicationContext@7698c161: startup date [Tue Feb 12 17:01:36 CST 2019]; root of context hierarchy 
INFO  [2019-02-12 17:01:37,432][] org.springframework.context.support.PostProcessorRegistrationDelegate$BeanPostProcessorChecker:328 - Bean 'configurationPropertiesRebinderAutoConfiguration' of type [org.springframework.cloud.autoconfigure.ConfigurationPropertiesRebinderAutoConfiguration$$EnhancerBySpringCGLIB$$26d5a88b] is not eligible for getting processed by all BeanPostProcessors (for example: not eligible for auto-proxying) 
INFO  [2019-02-12 17:01:37,804][] com.alibaba.boot.dubbo.context.event.AwaitingNonWebApplicationListener$1:61 -  [Dubbo] Current Spring Boot Application is await... 
INFO  [2019-02-12 17:01:37,941][] com.alibaba.boot.dubbo.context.event.WelcomeLogoApplicationListener:53 - 

 :: Dubbo Spring Boot (v0.2.0) : https://github.com/apache/incubator-dubbo-spring-boot-project
 :: Dubbo (v2.6.2) : https://github.com/apache/incubator-dubbo
 :: Google group : dev@dubbo.incubator.apache.org
 
INFO  [2019-02-12 17:01:37,942][] com.alibaba.boot.dubbo.context.event.OverrideDubboConfigApplicationListener:68 - Dubbo Config was overridden by externalized configuration {} 
INFO  [2019-02-12 17:01:38,053][] org.springframework.cloud.config.client.ConfigServicePropertySourceLocator:205 - Fetching config from server at : http://localhost:8888 
INFO  [2019-02-12 17:01:51,463][] org.springframework.cloud.config.client.ConfigServicePropertySourceLocator:149 - Located environment: name=consoleServer, profiles=[dev], label=null, version=e57a7e49c0b610f520d97fb2423eb2063b78fcf0, state=null 
INFO  [2019-02-12 17:01:51,467][] org.springframework.cloud.bootstrap.config.PropertySourceBootstrapConfiguration:98 - Located property source: CompositePropertySource {name='configService', propertySources=[MapPropertySource@1396930474 {name='configClient', properties={config.client.version=e57a7e49c0b610f520d97fb2423eb2063b78fcf0}}, MapPropertySource@2017221255 {name='https://github.com/HoYuanhao/application/config/consoleServer-dev.properties', properties={spring.dubbo.protocol.port=20880, spring.datasource.driver-class-name=com.mysql.jdbc.Driver, spring.redis.timeout=2000, spring.datasource.minEvictableIdleTimeMillis=300000, spring.dubbo.application.name=application-consoleServer-provider, spring.datasource.poolPreparedStatements=true, spring.datasource.filters=stat,wall,log4j,slf4j,mergeStat,config, spring.datasource.connectionProperties=druid.stat.mergeSql=true;druid.stat.slowSqlMillis=5000, spring.datasource.minIdle=10, spring.datasource.testOnBorrow=false, spring.datasource.maxWait=60000, elasticsearch.scheme=http, spring.dubbo.application.id=application-consoleServer-provider, rocket.application.topic=task_topic_1, spring.datasource.initialSize=30, dubbo.scan.basePackages=com.open.application.console.server.service.impl, spring.datasource.url=jdbc:mysql://127.0.0.1:3306/application?useUnicode=true&characterEncoding=utf-8&zeroDateTimeBehavior=convertToNull&allowMultiQueries=true, spring.datasource.maxActive=100, rocketmq.application.name=spider-productor, spring.redis.database=0, spring.dubbo.server=true, spring.redis.pool.max-active=60, spring.redis.pool.min-idle=8, spring.redis.pool.max-wait=-1, spring.redis.port=6379, spring.datasource.password=HeYuanHao1!, spring.datasource.username=root, spring.redis.pool.max-idle=10, spring.dubbo.protocol.name=dubbo, rocket.application.nameSrvAddr=127.0.0.1:9876, spring.datasource.validationQuery=SELECT 1, spring.datasource.testOnReturn=false, elasticsearch.address=127.0.0.1:9200,127.0.0.1:9201, spring.datasource.timeBetweenEvictionRunsMillis=60000, spring.redis.host=127.0.0.1, spring.datasource.maxPoolPreparedStatementPerConnectionSize=20, spring.dubbo.registry.address=zookeeper://127.0.0.1:2181, spring.datasource.testWhileIdle=true}}]} 
INFO  [2019-02-12 17:01:51,501][] org.springframework.boot.SpringApplication:659 - No active profile set, falling back to default profiles: default 
INFO  [2019-02-12 17:01:51,550][] org.springframework.context.support.AbstractApplicationContext:590 - Refreshing org.springframework.boot.web.servlet.context.AnnotationConfigServletWebServerApplicationContext@649354d8: startup date [Tue Feb 12 17:01:51 CST 2019]; parent: org.springframework.context.annotation.AnnotationConfigApplicationContext@7698c161 
INFO  [2019-02-12 17:01:52,728][] org.springframework.beans.factory.xml.XmlBeanDefinitionReader:316 - Loading XML bean definitions from class path resource [application-dubbo.xml] 
INFO  [2019-02-12 17:01:54,266][] org.springframework.data.repository.config.RepositoryConfigurationDelegate:163 - Multiple Spring Data modules found, entering strict repository configuration mode! 
INFO  [2019-02-12 17:01:55,428][] org.springframework.cloud.context.scope.GenericScope:294 - BeanFactory id=6f007e06-0f7c-30a5-91a1-96d40dd8c466 
INFO  [2019-02-12 17:01:55,696][] org.springframework.context.support.PostProcessorRegistrationDelegate$BeanPostProcessorChecker:328 - Bean 'redisConfig' of type [com.open.application.console.server.config.RedisConfig$$EnhancerBySpringCGLIB$$61f0543] is not eligible for getting processed by all BeanPostProcessors (for example: not eligible for auto-proxying) 
INFO  [2019-02-12 17:01:55,725][] org.springframework.context.support.PostProcessorRegistrationDelegate$BeanPostProcessorChecker:328 - Bean 'org.springframework.transaction.annotation.ProxyTransactionManagementConfiguration' of type [org.springframework.transaction.annotation.ProxyTransactionManagementConfiguration$$EnhancerBySpringCGLIB$$abba58e] is not eligible for getting processed by all BeanPostProcessors (for example: not eligible for auto-proxying) 
INFO  [2019-02-12 17:01:55,867][] org.springframework.context.support.PostProcessorRegistrationDelegate$BeanPostProcessorChecker:328 - Bean 'org.springframework.cloud.autoconfigure.ConfigurationPropertiesRebinderAutoConfiguration' of type [org.springframework.cloud.autoconfigure.ConfigurationPropertiesRebinderAutoConfiguration$$EnhancerBySpringCGLIB$$26d5a88b] is not eligible for getting processed by all BeanPostProcessors (for example: not eligible for auto-proxying) 
INFO  [2019-02-12 17:01:56,437][] org.springframework.boot.web.embedded.tomcat.TomcatWebServer:91 - Tomcat initialized with port(s): 8081 (http) 
INFO  [2019-02-12 17:01:56,492][] org.apache.juli.logging.DirectJDKLog:180 - Initializing ProtocolHandler ["http-nio-8081"] 
INFO  [2019-02-12 17:01:56,534][] org.apache.juli.logging.DirectJDKLog:180 - Starting service [Tomcat] 
INFO  [2019-02-12 17:01:56,534][] org.apache.juli.logging.DirectJDKLog:180 - Starting Servlet Engine: Apache Tomcat/8.5.31 
INFO  [2019-02-12 17:01:56,565][] org.apache.juli.logging.DirectJDKLog:180 - The APR based Apache Tomcat Native library which allows optimal performance in production environments was not found on the java.library.path: [/Users/yuanhaohe/Library/Java/Extensions:/Library/Java/Extensions:/Network/Library/Java/Extensions:/System/Library/Java/Extensions:/usr/lib/java:.] 
INFO  [2019-02-12 17:01:56,675][] org.apache.juli.logging.DirectJDKLog:180 - Initializing Spring embedded WebApplicationContext 
INFO  [2019-02-12 17:01:56,677][] org.springframework.boot.web.servlet.context.ServletWebServerApplicationContext:285 - Root WebApplicationContext: initialization completed in 5128 ms 
INFO  [2019-02-12 17:01:57,683][] com.alibaba.druid.spring.boot.autoconfigure.DruidDataSourceAutoConfigure:56 - Init DruidDataSource 
INFO  [2019-02-12 17:01:58,504][] com.alibaba.druid.pool.DruidDataSource:947 - {dataSource-1} inited 
INFO  [2019-02-12 17:01:59,823][] org.springframework.boot.web.servlet.ServletRegistrationBean:186 - Servlet statViewServlet mapped to [/druid/*] 
INFO  [2019-02-12 17:01:59,827][] org.springframework.boot.web.servlet.ServletRegistrationBean:186 - Servlet dispatcherServlet mapped to [/] 
INFO  [2019-02-12 17:01:59,828][] org.springframework.boot.web.servlet.ServletRegistrationBean:186 - Servlet statViewServlet mapped to [/druid/*] 
INFO  [2019-02-12 17:01:59,828][] org.springframework.boot.web.servlet.DynamicRegistrationBean:111 - Servlet statViewServlet was not registered (possibly already registered?) 
INFO  [2019-02-12 17:01:59,833][] org.springframework.boot.web.servlet.AbstractFilterRegistrationBean:245 - Mapping filter: 'characterEncodingFilter' to: [/*] 
INFO  [2019-02-12 17:01:59,834][] org.springframework.boot.web.servlet.AbstractFilterRegistrationBean:245 - Mapping filter: 'hiddenHttpMethodFilter' to: [/*] 
INFO  [2019-02-12 17:01:59,834][] org.springframework.boot.web.servlet.AbstractFilterRegistrationBean:245 - Mapping filter: 'httpPutFormContentFilter' to: [/*] 
INFO  [2019-02-12 17:01:59,834][] org.springframework.boot.web.servlet.AbstractFilterRegistrationBean:245 - Mapping filter: 'requestContextFilter' to: [/*] 
INFO  [2019-02-12 17:01:59,834][] org.springframework.boot.web.servlet.AbstractFilterRegistrationBean:245 - Mapping filter: 'httpTraceFilter' to: [/*] 
INFO  [2019-02-12 17:01:59,835][] org.springframework.boot.web.servlet.AbstractFilterRegistrationBean:258 - Mapping filter: 'webStatFilter' to urls: [/*] 
INFO  [2019-02-12 17:01:59,835][] org.springframework.boot.web.servlet.DynamicRegistrationBean:111 - Filter webStatFilter was not registered (possibly already registered?) 
INFO  [2019-02-12 17:01:59,835][] org.springframework.boot.web.servlet.AbstractFilterRegistrationBean:245 - Mapping filter: 'webMvcMetricsFilter' to: [/*] 
INFO  [2019-02-12 17:02:02,070][] org.springframework.web.servlet.handler.AbstractUrlHandlerMapping:373 - Mapped URL path [/**/favicon.ico] onto handler of type [class org.springframework.web.servlet.resource.ResourceHttpRequestHandler] 
INFO  [2019-02-12 17:02:02,608][] org.springframework.web.servlet.mvc.method.annotation.RequestMappingHandlerAdapter:574 - Looking for @ControllerAdvice: org.springframework.boot.web.servlet.context.AnnotationConfigServletWebServerApplicationContext@649354d8: startup date [Tue Feb 12 17:01:51 CST 2019]; parent: org.springframework.context.annotation.AnnotationConfigApplicationContext@7698c161 
INFO  [2019-02-12 17:02:02,755][] org.springframework.web.servlet.handler.AbstractHandlerMethodMapping$MappingRegistry:547 - Mapped "{[/error]}" onto public org.springframework.http.ResponseEntity<java.util.Map<java.lang.String, java.lang.Object>> org.springframework.boot.autoconfigure.web.servlet.error.BasicErrorController.error(javax.servlet.http.HttpServletRequest) 
INFO  [2019-02-12 17:02:02,756][] org.springframework.web.servlet.handler.AbstractHandlerMethodMapping$MappingRegistry:547 - Mapped "{[/error],produces=[text/html]}" onto public org.springframework.web.servlet.ModelAndView org.springframework.boot.autoconfigure.web.servlet.error.BasicErrorController.errorHtml(javax.servlet.http.HttpServletRequest,javax.servlet.http.HttpServletResponse) 
INFO  [2019-02-12 17:02:03,096][] org.springframework.web.servlet.handler.AbstractUrlHandlerMapping:373 - Mapped URL path [/webjars/**] onto handler of type [class org.springframework.web.servlet.resource.ResourceHttpRequestHandler] 
INFO  [2019-02-12 17:02:03,097][] org.springframework.web.servlet.handler.AbstractUrlHandlerMapping:373 - Mapped URL path [/**] onto handler of type [class org.springframework.web.servlet.resource.ResourceHttpRequestHandler] 
INFO  [2019-02-12 17:02:04,501][] org.springframework.boot.actuate.endpoint.web.EndpointLinksResolver:59 - Exposing 2 endpoint(s) beneath base path '/actuator' 
INFO  [2019-02-12 17:02:04,518][] org.springframework.web.servlet.handler.AbstractHandlerMethodMapping$MappingRegistry:547 - Mapped "{[/actuator/health],methods=[GET],produces=[application/vnd.spring-boot.actuator.v2+json || application/json]}" onto public java.lang.Object org.springframework.boot.actuate.endpoint.web.servlet.AbstractWebMvcEndpointHandlerMapping$OperationHandler.handle(javax.servlet.http.HttpServletRequest,java.util.Map<java.lang.String, java.lang.String>) 
INFO  [2019-02-12 17:02:04,519][] org.springframework.web.servlet.handler.AbstractHandlerMethodMapping$MappingRegistry:547 - Mapped "{[/actuator/info],methods=[GET],produces=[application/vnd.spring-boot.actuator.v2+json || application/json]}" onto public java.lang.Object org.springframework.boot.actuate.endpoint.web.servlet.AbstractWebMvcEndpointHandlerMapping$OperationHandler.handle(javax.servlet.http.HttpServletRequest,java.util.Map<java.lang.String, java.lang.String>) 
INFO  [2019-02-12 17:02:04,520][] org.springframework.web.servlet.handler.AbstractHandlerMethodMapping$MappingRegistry:547 - Mapped "{[/actuator],methods=[GET],produces=[application/vnd.spring-boot.actuator.v2+json || application/json]}" onto protected java.util.Map<java.lang.String, java.util.Map<java.lang.String, org.springframework.boot.actuate.endpoint.web.Link>> org.springframework.boot.actuate.endpoint.web.servlet.WebMvcEndpointHandlerMapping.links(javax.servlet.http.HttpServletRequest,javax.servlet.http.HttpServletResponse) 
INFO  [2019-02-12 17:02:04,619][] org.springframework.jmx.export.MBeanExporter:433 - Registering beans for JMX exposure on startup 
INFO  [2019-02-12 17:02:04,621][] org.springframework.jmx.export.MBeanExporter:895 - Bean with name 'statFilter' has been autodetected for JMX exposure 
INFO  [2019-02-12 17:02:04,622][] org.springframework.jmx.export.MBeanExporter:895 - Bean with name 'dataSource' has been autodetected for JMX exposure 
INFO  [2019-02-12 17:02:04,630][] org.springframework.jmx.export.MBeanExporter:895 - Bean with name 'environmentManager' has been autodetected for JMX exposure 
INFO  [2019-02-12 17:02:04,631][] org.springframework.jmx.export.MBeanExporter:895 - Bean with name 'refreshScope' has been autodetected for JMX exposure 
INFO  [2019-02-12 17:02:04,632][] org.springframework.jmx.export.MBeanExporter:895 - Bean with name 'configurationPropertiesRebinder' has been autodetected for JMX exposure 
INFO  [2019-02-12 17:02:04,636][] org.springframework.jmx.export.MBeanExporter:675 - Located managed bean 'environmentManager': registering with JMX server as MBean [org.springframework.cloud.context.environment:name=environmentManager,type=EnvironmentManager] 
INFO  [2019-02-12 17:02:04,646][] org.springframework.jmx.export.MBeanExporter:675 - Located managed bean 'refreshScope': registering with JMX server as MBean [org.springframework.cloud.context.scope.refresh:name=refreshScope,type=RefreshScope] 
INFO  [2019-02-12 17:02:04,659][] org.springframework.jmx.export.MBeanExporter:675 - Located managed bean 'configurationPropertiesRebinder': registering with JMX server as MBean [org.springframework.cloud.context.properties:name=configurationPropertiesRebinder,context=649354d8,type=ConfigurationPropertiesRebinder] 
INFO  [2019-02-12 17:02:04,672][] org.springframework.jmx.export.MBeanExporter:668 - Located MBean 'dataSource': registering with JMX server as MBean [com.alibaba.druid.spring.boot.autoconfigure:name=dataSource,type=DruidDataSourceWrapper] 
INFO  [2019-02-12 17:02:04,677][] org.springframework.jmx.export.MBeanExporter:668 - Located MBean 'statFilter': registering with JMX server as MBean [com.alibaba.druid.filter.stat:name=statFilter,type=StatFilter] 
INFO  [2019-02-12 17:02:05,216][] org.apache.curator.utils.Compatibility:41 - Running in ZooKeeper 3.4.x compatibility mode 
INFO  [2019-02-12 17:02:05,257][] org.apache.curator.framework.imps.CuratorFrameworkImpl:290 - Starting 
INFO  [2019-02-12 17:02:05,267][] org.apache.zookeeper.Environment:100 - Client environment:zookeeper.version=3.4.13-2d71af4dbe22557fda74f9a9b4309b15a7487f03, built on 06/29/2018 00:39 GMT 
INFO  [2019-02-12 17:02:05,268][] org.apache.zookeeper.Environment:100 - Client environment:host.name=10.0.0.124 
INFO  [2019-02-12 17:02:05,268][] org.apache.zookeeper.Environment:100 - Client environment:java.version=1.8.0_131 
INFO  [2019-02-12 17:02:05,268][] org.apache.zookeeper.Environment:100 - Client environment:java.vendor=Oracle Corporation 
INFO  [2019-02-12 17:02:05,268][] org.apache.zookeeper.Environment:100 - Client environment:java.home=/Library/Java/JavaVirtualMachines/jdk1.8.0_131.jdk/Contents/Home/jre 
INFO  [2019-02-12 17:02:05,268][] org.apache.zookeeper.Environment:100 - Client environment:java.class.path=/Applications/IntelliJ IDEA.app/Contents/plugins/maven/lib/maven3/boot/plexus-classworlds-2.5.2.jar:/Applications/IntelliJ IDEA.app/Contents/lib/idea_rt.jar 
INFO  [2019-02-12 17:02:05,268][] org.apache.zookeeper.Environment:100 - Client environment:java.library.path=/Users/yuanhaohe/Library/Java/Extensions:/Library/Java/Extensions:/Network/Library/Java/Extensions:/System/Library/Java/Extensions:/usr/lib/java:. 
INFO  [2019-02-12 17:02:05,268][] org.apache.zookeeper.Environment:100 - Client environment:java.io.tmpdir=/var/folders/gp/tgklgs252tl0k2w8d6t3gk400000gn/T/ 
INFO  [2019-02-12 17:02:05,268][] org.apache.zookeeper.Environment:100 - Client environment:java.compiler=<NA> 
INFO  [2019-02-12 17:02:05,268][] org.apache.zookeeper.Environment:100 - Client environment:os.name=Mac OS X 
INFO  [2019-02-12 17:02:05,268][] org.apache.zookeeper.Environment:100 - Client environment:os.arch=x86_64 
INFO  [2019-02-12 17:02:05,268][] org.apache.zookeeper.Environment:100 - Client environment:os.version=10.13.6 
INFO  [2019-02-12 17:02:05,269][] org.apache.zookeeper.Environment:100 - Client environment:user.name=yuanhaohe 
INFO  [2019-02-12 17:02:05,269][] org.apache.zookeeper.Environment:100 - Client environment:user.home=/Users/yuanhaohe 
INFO  [2019-02-12 17:02:05,269][] org.apache.zookeeper.Environment:100 - Client environment:user.dir=/Users/yuanhaohe/workspace/application/application-console-server 
INFO  [2019-02-12 17:02:05,269][] org.apache.zookeeper.ZooKeeper:442 - Initiating client connection, connectString=127.0.0.1:2181 sessionTimeout=60000 watcher=org.apache.curator.ConnectionState@2cf97b3f 
INFO  [2019-02-12 17:02:05,286][] org.apache.zookeeper.ClientCnxn$SendThread:1029 - Opening socket connection to server localhost/127.0.0.1:2181. Will not attempt to authenticate using SASL (unknown error) 
INFO  [2019-02-12 17:02:05,287][] org.apache.zookeeper.ClientCnxn$SendThread:879 - Socket connection established to localhost/127.0.0.1:2181, initiating session 
INFO  [2019-02-12 17:02:05,288][] org.apache.curator.framework.imps.CuratorFrameworkImpl:332 - Default schema 
INFO  [2019-02-12 17:02:05,486][] org.apache.zookeeper.ClientCnxn$SendThread:1303 - Session establishment complete on server localhost/127.0.0.1:2181, sessionid = 0x10000e7d9970010, negotiated timeout = 40000 
INFO  [2019-02-12 17:02:05,494][] org.apache.curator.framework.state.ConnectionStateManager:237 - State change: CONNECTED 
INFO  [2019-02-12 17:02:05,952][] org.apache.juli.logging.DirectJDKLog:180 - Starting ProtocolHandler ["http-nio-8081"] 
INFO  [2019-02-12 17:02:05,957][] org.apache.juli.logging.DirectJDKLog:180 - Using a shared selector for servlet write/read 
INFO  [2019-02-12 17:02:05,979][] org.springframework.boot.web.embedded.tomcat.TomcatWebServer:206 - Tomcat started on port(s): 8081 (http) with context path '' 
INFO  [2019-02-12 17:02:05,986][] org.springframework.boot.StartupInfoLogger:59 - Started App in 30.354 seconds (JVM running for 35.609) 
INFO  [2019-02-12 17:35:10,403][] org.apache.rocketmq.logging.Slf4jLoggerFactory$Slf4jLogger:95 - closeChannel: close the connection to remote address[10.0.0.124:10909] result: true 
INFO  [2019-02-12 17:44:56,254][] org.apache.rocketmq.logging.Slf4jLoggerFactory$Slf4jLogger:95 - closeChannel: close the connection to remote address[10.0.0.124:10909] result: true 
INFO  [2019-02-12 18:01:40,895][] com.open.application.console.server.es.service.impl.ElasticSearchServiceImpl:206 - uid:cd6821a74a4f4f7da591e316e66a7410 offset:0 limit:20 name:null describe:null status:null type:null 
INFO  [2019-02-12 18:01:40,896][] com.open.application.console.server.es.service.impl.ElasticSearchServiceImpl:206 - uid:cd6821a74a4f4f7da591e316e66a7410 offset:0 limit:20 name:null describe:null status:null type:null 
INFO  [2019-02-12 18:01:40,895][] com.open.application.console.server.es.service.impl.ElasticSearchServiceImpl:206 - uid:cd6821a74a4f4f7da591e316e66a7410 offset:0 limit:20 name:null describe:null status:null type:null 
INFO  [2019-02-12 18:01:40,908][] com.open.application.console.server.service.impl.TaskShowServiceImpl:76 - {taskList=[Task(tid=2d1081b5a428415d8fc2a739be544767, name=test1, describe=, createTime=Mon Jan 21 15:07:01 CST 2019, startTime=null, endTime=null, type=MUSIC, processNum=5, uid=cd6821a74a4f4f7da591e316e66a7410, isDelete=null, status=0, alarm=0, source={
"type":"SINGER",
"initialArray":["A"],
"initials":""
}), Task(tid=22379e62522c46ca9e66b9e02b8257a8, name=test, describe=, createTime=Thu Jan 17 20:11:16 CST 2019, startTime=null, endTime=null, type=MUSIC, processNum=10, uid=cd6821a74a4f4f7da591e316e66a7410, isDelete=null, status=0, alarm=1, source={
"type":"singer",
"initialArray":[],
"initials":"A-Z"
}), Task(tid=26a453ab91864bafbff1ea86ba288024, name=SingerA-Z, describe=SingerA-Z, createTime=Thu Jan 17 17:50:56 CST 2019, startTime=null, endTime=null, type=MUSIC, processNum=32, uid=cd6821a74a4f4f7da591e316e66a7410, isDelete=null, status=0, alarm=1, source={
"type":"singer",
"initialArray":[],
"initials":"A-Z"
}), Task(tid=8b412e1bd30d4281af5e10fc94ef0334, name=Singer, describe=Singer, createTime=Thu Jan 17 17:11:20 CST 2019, startTime=null, endTime=null, type=MUSIC, processNum=32, uid=cd6821a74a4f4f7da591e316e66a7410, isDelete=null, status=0, alarm=0, source={
"type":"singer",
"initialArray":[],
"initials":"A-B"
}), Task(tid=7ab75a0c59ec47038ccdc7b4ce6cf289, name=SingerA, describe=SingerA, createTime=Thu Jan 17 17:04:22 CST 2019, startTime=null, endTime=null, type=MUSIC, processNum=2, uid=cd6821a74a4f4f7da591e316e66a7410, isDelete=null, status=0, alarm=1, source={
"type":"singer",
"initialArray":["A"],
"initials":""
}), Task(tid=0f6bc07ec326468dba3b71f59d00a527, name=Singer, describe=Singer, createTime=Thu Jan 17 16:30:17 CST 2019, startTime=null, endTime=null, type=MUSIC, processNum=5, uid=cd6821a74a4f4f7da591e316e66a7410, isDelete=null, status=0, alarm=0, source={
"type":"singer",
"initialArray":["A","B","C","D","E","F","G"],
"initials":"A-Z"
}), Task(tid=4ee721bbb3634311b9fbd7928f16c31d, name=, describe=, createTime=Thu Jan 17 13:58:42 CST 2019, startTime=null, endTime=null, type=MUSIC, processNum=4, uid=cd6821a74a4f4f7da591e316e66a7410, isDelete=null, status=0, alarm=0, source={
"musicID":"123"
}), Task(tid=44a92cce295246aeb4b5675455ff0d32, name=, describe=, createTime=Wed Jan 16 19:19:37 CST 2019, startTime=null, endTime=null, type=MUSIC, processNum=32, uid=cd6821a74a4f4f7da591e316e66a7410, isDelete=null, status=0, alarm=1, source={
"musicID":"123321"
})], totalHits=8} 
INFO  [2019-02-12 18:01:40,909][] com.open.application.console.server.service.impl.TaskShowServiceImpl:76 - {taskList=[Task(tid=2d1081b5a428415d8fc2a739be544767, name=test1, describe=, createTime=Mon Jan 21 15:07:01 CST 2019, startTime=null, endTime=null, type=MUSIC, processNum=5, uid=cd6821a74a4f4f7da591e316e66a7410, isDelete=null, status=0, alarm=0, source={
"type":"SINGER",
"initialArray":["A"],
"initials":""
}), Task(tid=22379e62522c46ca9e66b9e02b8257a8, name=test, describe=, createTime=Thu Jan 17 20:11:16 CST 2019, startTime=null, endTime=null, type=MUSIC, processNum=10, uid=cd6821a74a4f4f7da591e316e66a7410, isDelete=null, status=0, alarm=1, source={
"type":"singer",
"initialArray":[],
"initials":"A-Z"
}), Task(tid=26a453ab91864bafbff1ea86ba288024, name=SingerA-Z, describe=SingerA-Z, createTime=Thu Jan 17 17:50:56 CST 2019, startTime=null, endTime=null, type=MUSIC, processNum=32, uid=cd6821a74a4f4f7da591e316e66a7410, isDelete=null, status=0, alarm=1, source={
"type":"singer",
"initialArray":[],
"initials":"A-Z"
}), Task(tid=8b412e1bd30d4281af5e10fc94ef0334, name=Singer, describe=Singer, createTime=Thu Jan 17 17:11:20 CST 2019, startTime=null, endTime=null, type=MUSIC, processNum=32, uid=cd6821a74a4f4f7da591e316e66a7410, isDelete=null, status=0, alarm=0, source={
"type":"singer",
"initialArray":[],
"initials":"A-B"
}), Task(tid=7ab75a0c59ec47038ccdc7b4ce6cf289, name=SingerA, describe=SingerA, createTime=Thu Jan 17 17:04:22 CST 2019, startTime=null, endTime=null, type=MUSIC, processNum=2, uid=cd6821a74a4f4f7da591e316e66a7410, isDelete=null, status=0, alarm=1, source={
"type":"singer",
"initialArray":["A"],
"initials":""
}), Task(tid=0f6bc07ec326468dba3b71f59d00a527, name=Singer, describe=Singer, createTime=Thu Jan 17 16:30:17 CST 2019, startTime=null, endTime=null, type=MUSIC, processNum=5, uid=cd6821a74a4f4f7da591e316e66a7410, isDelete=null, status=0, alarm=0, source={
"type":"singer",
"initialArray":["A","B","C","D","E","F","G"],
"initials":"A-Z"
}), Task(tid=4ee721bbb3634311b9fbd7928f16c31d, name=, describe=, createTime=Thu Jan 17 13:58:42 CST 2019, startTime=null, endTime=null, type=MUSIC, processNum=4, uid=cd6821a74a4f4f7da591e316e66a7410, isDelete=null, status=0, alarm=0, source={
"musicID":"123"
}), Task(tid=44a92cce295246aeb4b5675455ff0d32, name=, describe=, createTime=Wed Jan 16 19:19:37 CST 2019, startTime=null, endTime=null, type=MUSIC, processNum=32, uid=cd6821a74a4f4f7da591e316e66a7410, isDelete=null, status=0, alarm=1, source={
"musicID":"123321"
})], totalHits=8} 
INFO  [2019-02-12 18:01:40,908][] com.open.application.console.server.service.impl.TaskShowServiceImpl:76 - {taskList=[Task(tid=2d1081b5a428415d8fc2a739be544767, name=test1, describe=, createTime=Mon Jan 21 15:07:01 CST 2019, startTime=null, endTime=null, type=MUSIC, processNum=5, uid=cd6821a74a4f4f7da591e316e66a7410, isDelete=null, status=0, alarm=0, source={
"type":"SINGER",
"initialArray":["A"],
"initials":""
}), Task(tid=22379e62522c46ca9e66b9e02b8257a8, name=test, describe=, createTime=Thu Jan 17 20:11:16 CST 2019, startTime=null, endTime=null, type=MUSIC, processNum=10, uid=cd6821a74a4f4f7da591e316e66a7410, isDelete=null, status=0, alarm=1, source={
"type":"singer",
"initialArray":[],
"initials":"A-Z"
}), Task(tid=26a453ab91864bafbff1ea86ba288024, name=SingerA-Z, describe=SingerA-Z, createTime=Thu Jan 17 17:50:56 CST 2019, startTime=null, endTime=null, type=MUSIC, processNum=32, uid=cd6821a74a4f4f7da591e316e66a7410, isDelete=null, status=0, alarm=1, source={
"type":"singer",
"initialArray":[],
"initials":"A-Z"
}), Task(tid=8b412e1bd30d4281af5e10fc94ef0334, name=Singer, describe=Singer, createTime=Thu Jan 17 17:11:20 CST 2019, startTime=null, endTime=null, type=MUSIC, processNum=32, uid=cd6821a74a4f4f7da591e316e66a7410, isDelete=null, status=0, alarm=0, source={
"type":"singer",
"initialArray":[],
"initials":"A-B"
}), Task(tid=7ab75a0c59ec47038ccdc7b4ce6cf289, name=SingerA, describe=SingerA, createTime=Thu Jan 17 17:04:22 CST 2019, startTime=null, endTime=null, type=MUSIC, processNum=2, uid=cd6821a74a4f4f7da591e316e66a7410, isDelete=null, status=0, alarm=1, source={
"type":"singer",
"initialArray":["A"],
"initials":""
}), Task(tid=0f6bc07ec326468dba3b71f59d00a527, name=Singer, describe=Singer, createTime=Thu Jan 17 16:30:17 CST 2019, startTime=null, endTime=null, type=MUSIC, processNum=5, uid=cd6821a74a4f4f7da591e316e66a7410, isDelete=null, status=0, alarm=0, source={
"type":"singer",
"initialArray":["A","B","C","D","E","F","G"],
"initials":"A-Z"
}), Task(tid=4ee721bbb3634311b9fbd7928f16c31d, name=, describe=, createTime=Thu Jan 17 13:58:42 CST 2019, startTime=null, endTime=null, type=MUSIC, processNum=4, uid=cd6821a74a4f4f7da591e316e66a7410, isDelete=null, status=0, alarm=0, source={
"musicID":"123"
}), Task(tid=44a92cce295246aeb4b5675455ff0d32, name=, describe=, createTime=Wed Jan 16 19:19:37 CST 2019, startTime=null, endTime=null, type=MUSIC, processNum=32, uid=cd6821a74a4f4f7da591e316e66a7410, isDelete=null, status=0, alarm=1, source={
"musicID":"123321"
})], totalHits=8} 
INFO  [2019-02-12 18:01:44,252][] com.open.application.console.server.es.service.impl.ElasticSearchServiceImpl:206 - uid:cd6821a74a4f4f7da591e316e66a7410 offset:0 limit:5 name:null describe:null status:null type:null 
INFO  [2019-02-12 18:01:44,256][] com.open.application.console.server.service.impl.TaskShowServiceImpl:76 - {taskList=[Task(tid=2d1081b5a428415d8fc2a739be544767, name=test1, describe=, createTime=Mon Jan 21 15:07:01 CST 2019, startTime=null, endTime=null, type=MUSIC, processNum=5, uid=cd6821a74a4f4f7da591e316e66a7410, isDelete=null, status=0, alarm=0, source={
"type":"SINGER",
"initialArray":["A"],
"initials":""
}), Task(tid=22379e62522c46ca9e66b9e02b8257a8, name=test, describe=, createTime=Thu Jan 17 20:11:16 CST 2019, startTime=null, endTime=null, type=MUSIC, processNum=10, uid=cd6821a74a4f4f7da591e316e66a7410, isDelete=null, status=0, alarm=1, source={
"type":"singer",
"initialArray":[],
"initials":"A-Z"
}), Task(tid=26a453ab91864bafbff1ea86ba288024, name=SingerA-Z, describe=SingerA-Z, createTime=Thu Jan 17 17:50:56 CST 2019, startTime=null, endTime=null, type=MUSIC, processNum=32, uid=cd6821a74a4f4f7da591e316e66a7410, isDelete=null, status=0, alarm=1, source={
"type":"singer",
"initialArray":[],
"initials":"A-Z"
}), Task(tid=8b412e1bd30d4281af5e10fc94ef0334, name=Singer, describe=Singer, createTime=Thu Jan 17 17:11:20 CST 2019, startTime=null, endTime=null, type=MUSIC, processNum=32, uid=cd6821a74a4f4f7da591e316e66a7410, isDelete=null, status=0, alarm=0, source={
"type":"singer",
"initialArray":[],
"initials":"A-B"
}), Task(tid=7ab75a0c59ec47038ccdc7b4ce6cf289, name=SingerA, describe=SingerA, createTime=Thu Jan 17 17:04:22 CST 2019, startTime=null, endTime=null, type=MUSIC, processNum=2, uid=cd6821a74a4f4f7da591e316e66a7410, isDelete=null, status=0, alarm=1, source={
"type":"singer",
"initialArray":["A"],
"initials":""
})], totalHits=8} 
INFO  [2019-02-12 18:01:45,829][] com.open.application.console.server.es.service.impl.ElasticSearchServiceImpl:206 - uid:cd6821a74a4f4f7da591e316e66a7410 offset:0 limit:5 name:null describe:null status:null type:null 
INFO  [2019-02-12 18:01:45,834][] com.open.application.console.server.service.impl.TaskShowServiceImpl:76 - {taskList=[Task(tid=2d1081b5a428415d8fc2a739be544767, name=test1, describe=, createTime=Mon Jan 21 15:07:01 CST 2019, startTime=null, endTime=null, type=MUSIC, processNum=5, uid=cd6821a74a4f4f7da591e316e66a7410, isDelete=null, status=0, alarm=0, source={
"type":"SINGER",
"initialArray":["A"],
"initials":""
}), Task(tid=22379e62522c46ca9e66b9e02b8257a8, name=test, describe=, createTime=Thu Jan 17 20:11:16 CST 2019, startTime=null, endTime=null, type=MUSIC, processNum=10, uid=cd6821a74a4f4f7da591e316e66a7410, isDelete=null, status=0, alarm=1, source={
"type":"singer",
"initialArray":[],
"initials":"A-Z"
}), Task(tid=26a453ab91864bafbff1ea86ba288024, name=SingerA-Z, describe=SingerA-Z, createTime=Thu Jan 17 17:50:56 CST 2019, startTime=null, endTime=null, type=MUSIC, processNum=32, uid=cd6821a74a4f4f7da591e316e66a7410, isDelete=null, status=0, alarm=1, source={
"type":"singer",
"initialArray":[],
"initials":"A-Z"
}), Task(tid=8b412e1bd30d4281af5e10fc94ef0334, name=Singer, describe=Singer, createTime=Thu Jan 17 17:11:20 CST 2019, startTime=null, endTime=null, type=MUSIC, processNum=32, uid=cd6821a74a4f4f7da591e316e66a7410, isDelete=null, status=0, alarm=0, source={
"type":"singer",
"initialArray":[],
"initials":"A-B"
}), Task(tid=7ab75a0c59ec47038ccdc7b4ce6cf289, name=SingerA, describe=SingerA, createTime=Thu Jan 17 17:04:22 CST 2019, startTime=null, endTime=null, type=MUSIC, processNum=2, uid=cd6821a74a4f4f7da591e316e66a7410, isDelete=null, status=0, alarm=1, source={
"type":"singer",
"initialArray":["A"],
"initials":""
})], totalHits=8} 
INFO  [2019-02-12 18:01:46,687][] com.open.application.console.server.es.service.impl.ElasticSearchServiceImpl:206 - uid:cd6821a74a4f4f7da591e316e66a7410 offset:0 limit:5 name:null describe:null status:null type:null 
INFO  [2019-02-12 18:01:46,688][] com.open.application.console.server.service.impl.TaskShowServiceImpl:76 - {taskList=[Task(tid=2d1081b5a428415d8fc2a739be544767, name=test1, describe=, createTime=Mon Jan 21 15:07:01 CST 2019, startTime=null, endTime=null, type=MUSIC, processNum=5, uid=cd6821a74a4f4f7da591e316e66a7410, isDelete=null, status=0, alarm=0, source={
"type":"SINGER",
"initialArray":["A"],
"initials":""
}), Task(tid=22379e62522c46ca9e66b9e02b8257a8, name=test, describe=, createTime=Thu Jan 17 20:11:16 CST 2019, startTime=null, endTime=null, type=MUSIC, processNum=10, uid=cd6821a74a4f4f7da591e316e66a7410, isDelete=null, status=0, alarm=1, source={
"type":"singer",
"initialArray":[],
"initials":"A-Z"
}), Task(tid=26a453ab91864bafbff1ea86ba288024, name=SingerA-Z, describe=SingerA-Z, createTime=Thu Jan 17 17:50:56 CST 2019, startTime=null, endTime=null, type=MUSIC, processNum=32, uid=cd6821a74a4f4f7da591e316e66a7410, isDelete=null, status=0, alarm=1, source={
"type":"singer",
"initialArray":[],
"initials":"A-Z"
}), Task(tid=8b412e1bd30d4281af5e10fc94ef0334, name=Singer, describe=Singer, createTime=Thu Jan 17 17:11:20 CST 2019, startTime=null, endTime=null, type=MUSIC, processNum=32, uid=cd6821a74a4f4f7da591e316e66a7410, isDelete=null, status=0, alarm=0, source={
"type":"singer",
"initialArray":[],
"initials":"A-B"
}), Task(tid=7ab75a0c59ec47038ccdc7b4ce6cf289, name=SingerA, describe=SingerA, createTime=Thu Jan 17 17:04:22 CST 2019, startTime=null, endTime=null, type=MUSIC, processNum=2, uid=cd6821a74a4f4f7da591e316e66a7410, isDelete=null, status=0, alarm=1, source={
"type":"singer",
"initialArray":["A"],
"initials":""
})], totalHits=8} 
INFO  [2019-02-12 18:01:48,110][] com.open.application.console.server.es.service.impl.ElasticSearchServiceImpl:206 - uid:cd6821a74a4f4f7da591e316e66a7410 offset:0 limit:5 name:null describe:null status:null type:null 
INFO  [2019-02-12 18:01:48,111][] com.open.application.console.server.service.impl.TaskShowServiceImpl:76 - {taskList=[Task(tid=2d1081b5a428415d8fc2a739be544767, name=test1, describe=, createTime=Mon Jan 21 15:07:01 CST 2019, startTime=null, endTime=null, type=MUSIC, processNum=5, uid=cd6821a74a4f4f7da591e316e66a7410, isDelete=null, status=0, alarm=0, source={
"type":"SINGER",
"initialArray":["A"],
"initials":""
}), Task(tid=22379e62522c46ca9e66b9e02b8257a8, name=test, describe=, createTime=Thu Jan 17 20:11:16 CST 2019, startTime=null, endTime=null, type=MUSIC, processNum=10, uid=cd6821a74a4f4f7da591e316e66a7410, isDelete=null, status=0, alarm=1, source={
"type":"singer",
"initialArray":[],
"initials":"A-Z"
}), Task(tid=26a453ab91864bafbff1ea86ba288024, name=SingerA-Z, describe=SingerA-Z, createTime=Thu Jan 17 17:50:56 CST 2019, startTime=null, endTime=null, type=MUSIC, processNum=32, uid=cd6821a74a4f4f7da591e316e66a7410, isDelete=null, status=0, alarm=1, source={
"type":"singer",
"initialArray":[],
"initials":"A-Z"
}), Task(tid=8b412e1bd30d4281af5e10fc94ef0334, name=Singer, describe=Singer, createTime=Thu Jan 17 17:11:20 CST 2019, startTime=null, endTime=null, type=MUSIC, processNum=32, uid=cd6821a74a4f4f7da591e316e66a7410, isDelete=null, status=0, alarm=0, source={
"type":"singer",
"initialArray":[],
"initials":"A-B"
}), Task(tid=7ab75a0c59ec47038ccdc7b4ce6cf289, name=SingerA, describe=SingerA, createTime=Thu Jan 17 17:04:22 CST 2019, startTime=null, endTime=null, type=MUSIC, processNum=2, uid=cd6821a74a4f4f7da591e316e66a7410, isDelete=null, status=0, alarm=1, source={
"type":"singer",
"initialArray":["A"],
"initials":""
})], totalHits=8} 
INFO  [2019-02-12 18:01:48,896][] com.open.application.console.server.es.service.impl.ElasticSearchServiceImpl:206 - uid:cd6821a74a4f4f7da591e316e66a7410 offset:0 limit:5 name:null describe:null status:null type:null 
INFO  [2019-02-12 18:01:48,897][] com.open.application.console.server.service.impl.TaskShowServiceImpl:76 - {taskList=[Task(tid=2d1081b5a428415d8fc2a739be544767, name=test1, describe=, createTime=Mon Jan 21 15:07:01 CST 2019, startTime=null, endTime=null, type=MUSIC, processNum=5, uid=cd6821a74a4f4f7da591e316e66a7410, isDelete=null, status=0, alarm=0, source={
"type":"SINGER",
"initialArray":["A"],
"initials":""
}), Task(tid=22379e62522c46ca9e66b9e02b8257a8, name=test, describe=, createTime=Thu Jan 17 20:11:16 CST 2019, startTime=null, endTime=null, type=MUSIC, processNum=10, uid=cd6821a74a4f4f7da591e316e66a7410, isDelete=null, status=0, alarm=1, source={
"type":"singer",
"initialArray":[],
"initials":"A-Z"
}), Task(tid=26a453ab91864bafbff1ea86ba288024, name=SingerA-Z, describe=SingerA-Z, createTime=Thu Jan 17 17:50:56 CST 2019, startTime=null, endTime=null, type=MUSIC, processNum=32, uid=cd6821a74a4f4f7da591e316e66a7410, isDelete=null, status=0, alarm=1, source={
"type":"singer",
"initialArray":[],
"initials":"A-Z"
}), Task(tid=8b412e1bd30d4281af5e10fc94ef0334, name=Singer, describe=Singer, createTime=Thu Jan 17 17:11:20 CST 2019, startTime=null, endTime=null, type=MUSIC, processNum=32, uid=cd6821a74a4f4f7da591e316e66a7410, isDelete=null, status=0, alarm=0, source={
"type":"singer",
"initialArray":[],
"initials":"A-B"
}), Task(tid=7ab75a0c59ec47038ccdc7b4ce6cf289, name=SingerA, describe=SingerA, createTime=Thu Jan 17 17:04:22 CST 2019, startTime=null, endTime=null, type=MUSIC, processNum=2, uid=cd6821a74a4f4f7da591e316e66a7410, isDelete=null, status=0, alarm=1, source={
"type":"singer",
"initialArray":["A"],
"initials":""
})], totalHits=8} 
INFO  [2019-02-12 18:01:51,475][] com.open.application.console.server.es.service.impl.ElasticSearchServiceImpl:206 - uid:cd6821a74a4f4f7da591e316e66a7410 offset:0 limit:5 name:1 describe:null status:null type:null 
INFO  [2019-02-12 18:01:51,476][] com.open.application.console.server.service.impl.TaskShowServiceImpl:76 - {taskList=[Task(tid=2d1081b5a428415d8fc2a739be544767, name=test1, describe=, createTime=Mon Jan 21 15:07:01 CST 2019, startTime=null, endTime=null, type=MUSIC, processNum=5, uid=cd6821a74a4f4f7da591e316e66a7410, isDelete=null, status=0, alarm=0, source={
"type":"SINGER",
"initialArray":["A"],
"initials":""
})], totalHits=1} 
INFO  [2019-02-12 18:01:56,718][] com.open.application.console.server.es.service.impl.ElasticSearchServiceImpl:206 - uid:cd6821a74a4f4f7da591e316e66a7410 offset:0 limit:5 name: describe:null status:null type:null 
INFO  [2019-02-12 18:01:56,719][] com.open.application.console.server.service.impl.TaskShowServiceImpl:76 - {taskList=[Task(tid=2d1081b5a428415d8fc2a739be544767, name=test1, describe=, createTime=Mon Jan 21 15:07:01 CST 2019, startTime=null, endTime=null, type=MUSIC, processNum=5, uid=cd6821a74a4f4f7da591e316e66a7410, isDelete=null, status=0, alarm=0, source={
"type":"SINGER",
"initialArray":["A"],
"initials":""
}), Task(tid=22379e62522c46ca9e66b9e02b8257a8, name=test, describe=, createTime=Thu Jan 17 20:11:16 CST 2019, startTime=null, endTime=null, type=MUSIC, processNum=10, uid=cd6821a74a4f4f7da591e316e66a7410, isDelete=null, status=0, alarm=1, source={
"type":"singer",
"initialArray":[],
"initials":"A-Z"
}), Task(tid=26a453ab91864bafbff1ea86ba288024, name=SingerA-Z, describe=SingerA-Z, createTime=Thu Jan 17 17:50:56 CST 2019, startTime=null, endTime=null, type=MUSIC, processNum=32, uid=cd6821a74a4f4f7da591e316e66a7410, isDelete=null, status=0, alarm=1, source={
"type":"singer",
"initialArray":[],
"initials":"A-Z"
}), Task(tid=8b412e1bd30d4281af5e10fc94ef0334, name=Singer, describe=Singer, createTime=Thu Jan 17 17:11:20 CST 2019, startTime=null, endTime=null, type=MUSIC, processNum=32, uid=cd6821a74a4f4f7da591e316e66a7410, isDelete=null, status=0, alarm=0, source={
"type":"singer",
"initialArray":[],
"initials":"A-B"
}), Task(tid=7ab75a0c59ec47038ccdc7b4ce6cf289, name=SingerA, describe=SingerA, createTime=Thu Jan 17 17:04:22 CST 2019, startTime=null, endTime=null, type=MUSIC, processNum=2, uid=cd6821a74a4f4f7da591e316e66a7410, isDelete=null, status=0, alarm=1, source={
"type":"singer",
"initialArray":["A"],
"initials":""
})], totalHits=8} 
