INFO  [2018-12-21 23:09:38,766][] com.alibaba.boot.dubbo.context.event.WelcomeLogoApplicationListener:53 - 

 :: Dubbo Spring Boot (v0.2.0) : https://github.com/apache/incubator-dubbo-spring-boot-project
 :: Dubbo (v2.6.2) : https://github.com/apache/incubator-dubbo
 :: Google group : dev@dubbo.incubator.apache.org
 
INFO  [2018-12-21 23:09:38,772][] com.alibaba.boot.dubbo.context.event.OverrideDubboConfigApplicationListener:68 - Dubbo Config was overridden by externalized configuration {} 
INFO  [2018-12-21 23:09:39,162][] org.springframework.context.support.AbstractApplicationContext:588 - Refreshing org.springframework.context.annotation.AnnotationConfigApplicationContext@394df057: startup date [Fri Dec 21 23:09:39 CST 2018]; root of context hierarchy 
INFO  [2018-12-21 23:09:39,608][] org.springframework.context.support.PostProcessorRegistrationDelegate$BeanPostProcessorChecker:326 - Bean 'configurationPropertiesRebinderAutoConfiguration' of type [org.springframework.cloud.autoconfigure.ConfigurationPropertiesRebinderAutoConfiguration$$EnhancerBySpringCGLIB$$53488161] is not eligible for getting processed by all BeanPostProcessors (for example: not eligible for auto-proxying) 
INFO  [2018-12-21 23:09:39,782][] com.alibaba.boot.dubbo.context.event.AwaitingNonWebApplicationListener$1:61 -  [Dubbo] Current Spring Boot Application is await... 
INFO  [2018-12-21 23:09:39,862][] com.alibaba.boot.dubbo.context.event.WelcomeLogoApplicationListener:53 - 

 :: Dubbo Spring Boot (v0.2.0) : https://github.com/apache/incubator-dubbo-spring-boot-project
 :: Dubbo (v2.6.2) : https://github.com/apache/incubator-dubbo
 :: Google group : dev@dubbo.incubator.apache.org
 
INFO  [2018-12-21 23:09:39,863][] com.alibaba.boot.dubbo.context.event.OverrideDubboConfigApplicationListener:68 - Dubbo Config was overridden by externalized configuration {} 
INFO  [2018-12-21 23:09:39,896][] org.springframework.cloud.config.client.ConfigServicePropertySourceLocator:205 - Fetching config from server at : http://localhost:8888 
INFO  [2018-12-21 23:09:40,058][] org.springframework.cloud.config.client.ConfigServicePropertySourceLocator:227 - Connect Timeout Exception on Url - http://localhost:8888. Will be trying the next url if available 
INFO  [2018-12-21 23:09:40,062][] org.springframework.boot.SpringApplication:654 - No active profile set, falling back to default profiles: default 
INFO  [2018-12-21 23:09:40,082][] org.springframework.context.support.AbstractApplicationContext:588 - Refreshing org.springframework.boot.web.servlet.context.AnnotationConfigServletWebServerApplicationContext@4671115f: startup date [Fri Dec 21 23:09:40 CST 2018]; parent: org.springframework.context.annotation.AnnotationConfigApplicationContext@394df057 
INFO  [2018-12-21 23:09:40,788][] org.springframework.beans.factory.xml.XmlBeanDefinitionReader:317 - Loading XML bean definitions from class path resource [application-dubbo.xml] 
INFO  [2018-12-21 23:09:41,424][] org.springframework.data.repository.config.RepositoryConfigurationDelegate:172 - Multiple Spring Data modules found, entering strict repository configuration mode! 
INFO  [2018-12-21 23:09:42,000][] org.springframework.cloud.context.scope.GenericScope:294 - BeanFactory id=236362f6-3994-34a8-8976-efe5a5544417 
INFO  [2018-12-21 23:10:01,340][] com.alibaba.boot.dubbo.context.event.AwaitingNonWebApplicationListener$2:83 -  [Dubbo] Current Spring Boot Application is about to shutdown... 
